#
# There is insufficient memory for the Java Runtime Environment to continue.
# Native memory allocation (malloc) failed to allocate 805136 bytes for Chunk::new
# Possible reasons:
#   The system is out of physical RAM or swap space
#   The process is running with CompressedOops enabled, and the Java Heap may be blocking the growth of the native heap
# Possible solutions:
#   Reduce memory load on the system
#   Increase physical memory or swap space
#   Check if swap backing store is full
#   Decrease Java heap size (-Xmx/-Xms)
#   Decrease number of Java threads
#   Decrease Java thread stack sizes (-Xss)
#   Set larger code cache with -XX:ReservedCodeCacheSize=
#   JVM is running with Unscaled Compressed Oops mode in which the Java heap is
#     placed in the first 4GB address space. The Java Heap base address is the
#     maximum limit for the native heap growth. Please use -XX:HeapBaseMinAddress
#     to set the Java Heap base and to place the Java Heap above 4GB virtual address.
# This output file may be truncated or incomplete.
#
#  Out of Memory Error (c:/sb/prod/1680893669/workspace/open/src/hotspot/share/memory/arena.cpp:197), pid=14016, tid=14292
#
# JRE version: OpenJDK Runtime Environment (11.0.1+3) (build 11.0.0.1+3-5)
# Java VM: OpenJDK 64-Bit Server VM (11.0.0.1+3-5, mixed mode, tiered, compressed oops, g1 gc, windows-amd64)
# No core dump will be written. Minidumps are not enabled by default on client versions of Windows
#

---------------  S U M M A R Y ------------

Command Line: -XX:MaxMetaspaceSize=512m --add-opens=java.base/java.util=ALL-UNNAMED --add-opens=java.base/java.lang=ALL-UNNAMED --add-opens=java.base/java.lang.invoke=ALL-UNNAMED --add-opens=java.prefs/java.util.prefs=ALL-UNNAMED --add-opens=java.base/java.nio.charset=ALL-UNNAMED --add-opens=java.base/java.net=ALL-UNNAMED --add-opens=java.base/java.util.concurrent.atomic=ALL-UNNAMED -Xmx2048m -Dfile.encoding=windows-1252 -Duser.country=BR -Duser.language=pt -Duser.variant org.gradle.launcher.daemon.bootstrap.GradleDaemon 8.0.1

Host: Intel(R) Core(TM) i3 CPU       M 380  @ 2.53GHz, 4 cores, 3G,  Windows 10 , 64 bit Build 19041 (10.0.19041.3393)
Time: Mon Sep 25 18:08:22 2023 Hora oficial do Brasil elapsed time: 1399 seconds (0d 0h 23m 19s)

---------------  T H R E A D  ---------------

Current thread (0x000001efe0638000):  JavaThread "C2 CompilerThread0" daemon [_thread_in_native, id=14292, stack(0x000000a164300000,0x000000a164400000)]


Current CompileTask:
C2:1399133 10954       4       java.beans.MethodDescriptor::<init> (48 bytes)

Stack: [0x000000a164300000,0x000000a164400000]
Native frames: (J=compiled Java code, j=interpreted, Vv=VM code, C=native code)
V  [jvm.dll+0x63adaa]
V  [jvm.dll+0x77852f]
V  [jvm.dll+0x779b18]
V  [jvm.dll+0x77a1d3]
V  [jvm.dll+0x2624c8]
V  [jvm.dll+0xc5b61]
V  [jvm.dll+0xc60fc]
V  [jvm.dll+0x36e6d7]
V  [jvm.dll+0x33b433]
V  [jvm.dll+0x33a80a]
V  [jvm.dll+0x21c365]
V  [jvm.dll+0x21b50a]
V  [jvm.dll+0x198400]
V  [jvm.dll+0x22a4ff]
V  [jvm.dll+0x228b18]
V  [jvm.dll+0x73dc3d]
V  [jvm.dll+0x639e42]
C  [ucrtbase.dll+0x21bb2]
C  [KERNEL32.DLL+0x17344]
C  [ntdll.dll+0x526b1]


---------------  P R O C E S S  ---------------

Threads class SMR info:
_java_thread_list=0x000001efe4314db0, length=84, elements={
0x000001efc1a38800, 0x000001efe05d2000, 0x000001efe05d5800, 0x000001efe0634000,
0x000001efe0635000, 0x000001efe0638000, 0x000001efe063b000, 0x000001efe07cd000,
0x000001efe08c1000, 0x000001efe08c4800, 0x000001efe329e800, 0x000001efe170e800,
0x000001efe1d7a800, 0x000001efe1279800, 0x000001efe0a85000, 0x000001efe0abe000,
0x000001efe15cc000, 0x000001efe0b30800, 0x000001efe07b6800, 0x000001efe2e1b000,
0x000001efe2e17000, 0x000001efe2e18800, 0x000001efe2e17800, 0x000001efe2e16000,
0x000001efe2e1a000, 0x000001efe2e15800, 0x000001efe2e1c000, 0x000001efe2316000,
0x000001efe2314800, 0x000001efe2312000, 0x000001efe2313000, 0x000001efe2311000,
0x000001efe2315800, 0x000001efe2318800, 0x000001efe231b000, 0x000001efe231a000,
0x000001efe231c800, 0x000001efe2319800, 0x000001efe2317000, 0x000001efe231d800,
0x000001efe2318000, 0x000001efe231e800, 0x000001efe231f000, 0x000001efe2320000,
0x000001efe2e19800, 0x000001efe298e800, 0x000001efe2992800, 0x000001efe298f000,
0x000001efe2991000, 0x000001efe2994000, 0x000001efe2990000, 0x000001efe2995000,
0x000001efe2996000, 0x000001efe2996800, 0x000001efe2993800, 0x000001efe2997800,
0x000001efe2991800, 0x000001efe2998000, 0x000001efe2999000, 0x000001efe299a800,
0x000001efe299b800, 0x000001efe299c800, 0x000001efe299a000, 0x000001efe299d000,
0x000001efe47f4800, 0x000001efe47f8000, 0x000001efe47f4000, 0x000001efe47f8800,
0x000001efe47f3000, 0x000001efe47f6000, 0x000001efe47f9800, 0x000001efe47fa800,
0x000001efe47f5800, 0x000001efe47fd000, 0x000001efe47fc000, 0x000001efe47f7000,
0x000001efe47fd800, 0x000001efe47fe800, 0x000001efe47ff000, 0x000001efe4800000,
0x000001efe4801000, 0x000001efe47fb000, 0x000001efe457e800, 0x000001efe457c000
}

Java Threads: ( => current thread )
  0x000001efc1a38800 JavaThread "main" [_thread_blocked, id=14140, stack(0x000000a163700000,0x000000a163800000)]
  0x000001efe05d2000 JavaThread "Reference Handler" daemon [_thread_blocked, id=14236, stack(0x000000a163f00000,0x000000a164000000)]
  0x000001efe05d5800 JavaThread "Finalizer" daemon [_thread_blocked, id=14240, stack(0x000000a164000000,0x000000a164100000)]
  0x000001efe0634000 JavaThread "Signal Dispatcher" daemon [_thread_blocked, id=14284, stack(0x000000a164100000,0x000000a164200000)]
  0x000001efe0635000 JavaThread "Attach Listener" daemon [_thread_blocked, id=14288, stack(0x000000a164200000,0x000000a164300000)]
=>0x000001efe0638000 JavaThread "C2 CompilerThread0" daemon [_thread_in_native, id=14292, stack(0x000000a164300000,0x000000a164400000)]
  0x000001efe063b000 JavaThread "C1 CompilerThread0" daemon [_thread_blocked, id=14308, stack(0x000000a164400000,0x000000a164500000)]
  0x000001efe07cd000 JavaThread "Sweeper thread" daemon [_thread_blocked, id=14320, stack(0x000000a164500000,0x000000a164600000)]
  0x000001efe08c1000 JavaThread "Common-Cleaner" daemon [_thread_blocked, id=12320, stack(0x000000a164600000,0x000000a164700000)]
  0x000001efe08c4800 JavaThread "Service Thread" daemon [_thread_blocked, id=1300, stack(0x000000a164700000,0x000000a164800000)]
  0x000001efe329e800 JavaThread "Daemon health stats" [_thread_blocked, id=13800, stack(0x000000a164a00000,0x000000a164b00000)]
  0x000001efe170e800 JavaThread "Incoming local TCP Connector on port 50989" [_thread_in_native, id=13284, stack(0x000000a164b00000,0x000000a164c00000)]
  0x000001efe1d7a800 JavaThread "Daemon periodic checks" [_thread_blocked, id=15248, stack(0x000000a164e00000,0x000000a164f00000)]
  0x000001efe1279800 JavaThread "Daemon" [_thread_blocked, id=13448, stack(0x000000a164f00000,0x000000a165000000)]
  0x000001efe0a85000 JavaThread "Handler for socket connection from /127.0.0.1:50989 to /127.0.0.1:50991" [_thread_in_native, id=13444, stack(0x000000a165000000,0x000000a165100000)]
  0x000001efe0abe000 JavaThread "Cancel handler" [_thread_blocked, id=7408, stack(0x000000a165100000,0x000000a165200000)]
  0x000001efe15cc000 JavaThread "Daemon worker" [_thread_in_vm, id=13016, stack(0x000000a165200000,0x000000a165300000)]
  0x000001efe0b30800 JavaThread "Asynchronous log dispatcher for DefaultDaemonConnection: socket connection from /127.0.0.1:50989 to /127.0.0.1:50991" [_thread_blocked, id=4016, stack(0x000000a165300000,0x000000a165400000)]
  0x000001efe07b6800 JavaThread "Daemon client event forwarder" [_thread_blocked, id=2136, stack(0x000000a165500000,0x000000a165600000)]
  0x000001efe2e1b000 JavaThread "Cache worker for journal cache (C:\Users\Samsung\.gradle\caches\journal-1)" [_thread_blocked, id=13856, stack(0x000000a165600000,0x000000a165700000)]
  0x000001efe2e17000 JavaThread "File lock request listener" [_thread_in_native, id=7116, stack(0x000000a165700000,0x000000a165800000)]
  0x000001efe2e18800 JavaThread "Cache worker for file hash cache (C:\Users\Samsung\.gradle\caches\8.0.1\fileHashes)" [_thread_blocked, id=12148, stack(0x000000a165b00000,0x000000a165c00000)]
  0x000001efe2e17800 JavaThread "File watcher server" daemon [_thread_in_native, id=13100, stack(0x000000a163600000,0x000000a163700000)]
  0x000001efe2e16000 JavaThread "File watcher consumer" daemon [_thread_blocked, id=5844, stack(0x000000a163800000,0x000000a163900000)]
  0x000001efe2e1a000 JavaThread "Cache worker for checksums cache (C:\Users\Samsung\Desktop\App-de-Mensagens\android\.gradle\8.0.1\checksums)" [_thread_blocked, id=15620, stack(0x000000a165c00000,0x000000a165d00000)]
  0x000001efe2e15800 JavaThread "Cache worker for cache directory md-rule (C:\Users\Samsung\.gradle\caches\8.0.1\md-rule)" [_thread_blocked, id=15688, stack(0x000000a165d00000,0x000000a165e00000)]
  0x000001efe2e1c000 JavaThread "Cache worker for file content cache (C:\Users\Samsung\.gradle\caches\8.0.1\fileContent)" [_thread_blocked, id=15768, stack(0x000000a165e00000,0x000000a165f00000)]
  0x000001efe2316000 JavaThread "Cache worker for file hash cache (C:\Users\Samsung\Desktop\App-de-Mensagens\android\.gradle\8.0.1\fileHashes)" [_thread_blocked, id=15872, stack(0x000000a165f00000,0x000000a166000000)]
  0x000001efe2314800 JavaThread "Cache worker for cache directory md-supplier (C:\Users\Samsung\.gradle\caches\8.0.1\md-supplier)" [_thread_blocked, id=15940, stack(0x000000a166000000,0x000000a166100000)]
  0x000001efe2312000 JavaThread "Cache worker for execution history cache (C:\Users\Samsung\.gradle\caches\8.0.1\executionHistory)" [_thread_blocked, id=16024, stack(0x000000a166100000,0x000000a166200000)]
  0x000001efe2313000 JavaThread "jar transforms" [_thread_blocked, id=900, stack(0x000000a165400000,0x000000a165500000)]
  0x000001efe2311000 JavaThread "jar transforms Thread 2" [_thread_blocked, id=8764, stack(0x000000a166200000,0x000000a166300000)]
  0x000001efe2315800 JavaThread "jar transforms Thread 3" [_thread_blocked, id=11236, stack(0x000000a166300000,0x000000a166400000)]
  0x000001efe2318800 JavaThread "jar transforms Thread 4" [_thread_blocked, id=15676, stack(0x000000a166400000,0x000000a166500000)]
  0x000001efe231b000 JavaThread "Cache worker for kotlin-dsl (C:\Users\Samsung\.gradle\caches\8.0.1\kotlin-dsl)" [_thread_blocked, id=17144, stack(0x000000a165900000,0x000000a165a00000)]
  0x000001efe231a000 JavaThread "Cache worker for dependencies-accessors (C:\Users\Samsung\Desktop\App-de-Mensagens\android\.gradle\8.0.1\dependencies-accessors)" [_thread_blocked, id=7820, stack(0x000000a165800000,0x000000a165900000)]
  0x000001efe231c800 JavaThread "Cache worker for Build Output Cleanup Cache (C:\Users\Samsung\Desktop\App-de-Mensagens\node_modules\@react-native\gradle-plugin\.gradle\buildOutputCleanup)" [_thread_blocked, id=15532, stack(0x000000a166500000,0x000000a166600000)]
  0x000001efe2319800 JavaThread "Unconstrained build operations" [_thread_blocked, id=8552, stack(0x000000a166600000,0x000000a166700000)]
  0x000001efe2317000 JavaThread "Unconstrained build operations Thread 2" [_thread_blocked, id=16372, stack(0x000000a166700000,0x000000a166800000)]
  0x000001efe231d800 JavaThread "Unconstrained build operations Thread 3" [_thread_blocked, id=15252, stack(0x000000a166800000,0x000000a166900000)]
  0x000001efe2318000 JavaThread "Unconstrained build operations Thread 4" [_thread_blocked, id=16600, stack(0x000000a166900000,0x000000a166a00000)]
  0x000001efe231e800 JavaThread "Unconstrained build operations Thread 5" [_thread_blocked, id=17000, stack(0x000000a166a00000,0x000000a166b00000)]
  0x000001efe231f000 JavaThread "Unconstrained build operations Thread 6" [_thread_blocked, id=14852, stack(0x000000a166b00000,0x000000a166c00000)]
  0x000001efe2320000 JavaThread "Unconstrained build operations Thread 7" [_thread_blocked, id=12284, stack(0x000000a166c00000,0x000000a166d00000)]
  0x000001efe2e19800 JavaThread "Unconstrained build operations Thread 8" [_thread_blocked, id=8692, stack(0x000000a166d00000,0x000000a166e00000)]
  0x000001efe298e800 JavaThread "Unconstrained build operations Thread 9" [_thread_blocked, id=17032, stack(0x000000a166e00000,0x000000a166f00000)]
  0x000001efe2992800 JavaThread "Unconstrained build operations Thread 10" [_thread_blocked, id=16148, stack(0x000000a166f00000,0x000000a167000000)]
  0x000001efe298f000 JavaThread "Unconstrained build operations Thread 11" [_thread_blocked, id=16400, stack(0x000000a167000000,0x000000a167100000)]
  0x000001efe2991000 JavaThread "Unconstrained build operations Thread 12" [_thread_blocked, id=10872, stack(0x000000a167100000,0x000000a167200000)]
  0x000001efe2994000 JavaThread "Unconstrained build operations Thread 13" [_thread_blocked, id=16808, stack(0x000000a167200000,0x000000a167300000)]
  0x000001efe2990000 JavaThread "Unconstrained build operations Thread 14" [_thread_blocked, id=6364, stack(0x000000a167300000,0x000000a167400000)]
  0x000001efe2995000 JavaThread "Unconstrained build operations Thread 15" [_thread_blocked, id=1624, stack(0x000000a167400000,0x000000a167500000)]
  0x000001efe2996000 JavaThread "Unconstrained build operations Thread 16" [_thread_blocked, id=14036, stack(0x000000a167500000,0x000000a167600000)]
  0x000001efe2996800 JavaThread "Unconstrained build operations Thread 17" [_thread_blocked, id=9532, stack(0x000000a167600000,0x000000a167700000)]
  0x000001efe2993800 JavaThread "Unconstrained build operations Thread 18" [_thread_blocked, id=3832, stack(0x000000a167700000,0x000000a167800000)]
  0x000001efe2997800 JavaThread "Unconstrained build operations Thread 19" [_thread_blocked, id=4684, stack(0x000000a167800000,0x000000a167900000)]
  0x000001efe2991800 JavaThread "Unconstrained build operations Thread 20" [_thread_blocked, id=7756, stack(0x000000a167900000,0x000000a167a00000)]
  0x000001efe2998000 JavaThread "Unconstrained build operations Thread 21" [_thread_blocked, id=17288, stack(0x000000a167a00000,0x000000a167b00000)]
  0x000001efe2999000 JavaThread "Unconstrained build operations Thread 22" [_thread_blocked, id=892, stack(0x000000a167b00000,0x000000a167c00000)]
  0x000001efe299a800 JavaThread "Unconstrained build operations Thread 23" [_thread_blocked, id=16480, stack(0x000000a167c00000,0x000000a167d00000)]
  0x000001efe299b800 JavaThread "Unconstrained build operations Thread 24" [_thread_blocked, id=3248, stack(0x000000a167d00000,0x000000a167e00000)]
  0x000001efe299c800 JavaThread "Unconstrained build operations Thread 25" [_thread_blocked, id=16664, stack(0x000000a167e00000,0x000000a167f00000)]
  0x000001efe299a000 JavaThread "Unconstrained build operations Thread 26" [_thread_blocked, id=15716, stack(0x000000a167f00000,0x000000a168000000)]
  0x000001efe299d000 JavaThread "Memory manager" [_thread_blocked, id=17604, stack(0x000000a168000000,0x000000a168100000)]
  0x000001efe47f4800 JavaThread "Cache worker for Build Output Cleanup Cache (C:\Users\Samsung\Desktop\App-de-Mensagens\android\.gradle\buildOutputCleanup)" [_thread_blocked, id=18344, stack(0x000000a168100000,0x000000a168200000)]
  0x000001efe47f8000 JavaThread "Execution worker" [_thread_blocked, id=18404, stack(0x000000a168300000,0x000000a168400000)]
  0x000001efe47f4000 JavaThread "Execution worker Thread 2" [_thread_blocked, id=18360, stack(0x000000a168400000,0x000000a168500000)]
  0x000001efe47f8800 JavaThread "Execution worker Thread 3" [_thread_blocked, id=420, stack(0x000000a168500000,0x000000a168600000)]
  0x000001efe47f3000 JavaThread "Cache worker for execution history cache (C:\Users\Samsung\Desktop\App-de-Mensagens\node_modules\@react-native\gradle-plugin\.gradle\8.0.1\executionHistory)" [_thread_blocked, id=10128, stack(0x000000a168600000,0x000000a168700000)]
  0x000001efe47f6000 JavaThread "Unconstrained build operations Thread 27" [_thread_blocked, id=18184, stack(0x000000a168700000,0x000000a168800000)]
  0x000001efe47f9800 JavaThread "Unconstrained build operations Thread 28" [_thread_blocked, id=16424, stack(0x000000a168800000,0x000000a168900000)]
  0x000001efe47fa800 JavaThread "Unconstrained build operations Thread 29" [_thread_blocked, id=18128, stack(0x000000a168900000,0x000000a168a00000)]
  0x000001efe47f5800 JavaThread "Unconstrained build operations Thread 30" [_thread_blocked, id=18188, stack(0x000000a168a00000,0x000000a168b00000)]
  0x000001efe47fd000 JavaThread "Unconstrained build operations Thread 31" [_thread_blocked, id=18408, stack(0x000000a168b00000,0x000000a168c00000)]
  0x000001efe47fc000 JavaThread "Unconstrained build operations Thread 32" [_thread_blocked, id=18116, stack(0x000000a168c00000,0x000000a168d00000)]
  0x000001efe47f7000 JavaThread "Unconstrained build operations Thread 33" [_thread_blocked, id=17356, stack(0x000000a168d00000,0x000000a168e00000)]
  0x000001efe47fd800 JavaThread "Unconstrained build operations Thread 34" [_thread_blocked, id=7232, stack(0x000000a168e00000,0x000000a168f00000)]
  0x000001efe47fe800 JavaThread "Unconstrained build operations Thread 35" [_thread_blocked, id=18328, stack(0x000000a168f00000,0x000000a169000000)]
  0x000001efe47ff000 JavaThread "Unconstrained build operations Thread 36" [_thread_blocked, id=16052, stack(0x000000a169000000,0x000000a169100000)]
  0x000001efe4800000 JavaThread "Unconstrained build operations Thread 37" [_thread_blocked, id=16324, stack(0x000000a169100000,0x000000a169200000)]
  0x000001efe4801000 JavaThread "Unconstrained build operations Thread 38" [_thread_blocked, id=17240, stack(0x000000a169200000,0x000000a169300000)]
  0x000001efe47fb000 JavaThread "Unconstrained build operations Thread 39" [_thread_blocked, id=7584, stack(0x000000a169300000,0x000000a169400000)]
  0x000001efe457e800 JavaThread "Unconstrained build operations Thread 40" [_thread_blocked, id=18120, stack(0x000000a169400000,0x000000a169500000)]
  0x000001efe457c000 JavaThread "File lock release action executor Thread 5" [_thread_blocked, id=16596, stack(0x000000a165a00000,0x000000a165b00000)]

Other Threads:
  0x000001efe05cb000 VMThread "VM Thread" [stack: 0x000000a163e00000,0x000000a163f00000] [id=14208]
  0x000001efe08ef000 WatcherThread [stack: 0x000000a164800000,0x000000a164900000] [id=6132]
  0x000001efc1a4f800 GCTaskThread "GC Thread#0" [stack: 0x000000a163900000,0x000000a163a00000] [id=14168]
  0x000001efe0cbf000 GCTaskThread "GC Thread#1" [stack: 0x000000a164900000,0x000000a164a00000] [id=14748]
  0x000001efe08dd800 GCTaskThread "GC Thread#2" [stack: 0x000000a164c00000,0x000000a164d00000] [id=12816]
  0x000001efe081b000 GCTaskThread "GC Thread#3" [stack: 0x000000a164d00000,0x000000a164e00000] [id=13632]
  0x000001efc1a80800 ConcurrentGCThread "G1 Main Marker" [stack: 0x000000a163a00000,0x000000a163b00000] [id=14172]
  0x000001efc1a82000 ConcurrentGCThread "G1 Conc#0" [stack: 0x000000a163b00000,0x000000a163c00000] [id=14176]
  0x000001efc1ad9800 ConcurrentGCThread "G1 Refine#0" [stack: 0x000000a163c00000,0x000000a163d00000] [id=14180]
  0x000001efc1adb000 ConcurrentGCThread "G1 Young RemSet Sampling" [stack: 0x000000a163d00000,0x000000a163e00000] [id=14188]

Threads with active compile tasks:
C2 CompilerThread010954       4       java.beans.MethodDescriptor::<init> (48 bytes)

VM state:not at safepoint (normal execution)

VM Mutex/Monitor currently owned by a thread: None

Heap address: 0x0000000080000000, size: 2048 MB, Compressed Oops mode: 32-bit
Narrow klass base: 0x0000000000000000, Narrow klass shift: 3
Compressed class space size: 528482304 Address: 0x0000000100000000

Heap:
 garbage-first heap   total 420864K, used 111522K [0x0000000080000000, 0x0000000100000000)
  region size 1024K, 20 young (20480K), 3 survivors (3072K)
 Metaspace       used 93808K, capacity 96748K, committed 97000K, reserved 600064K
  class space    used 12434K, capacity 13652K, committed 13696K, reserved 516096K
Heap Regions: E=young(eden), S=young(survivor), O=old, HS=humongous(starts), HC=humongous(continues), CS=collection set, F=free, A=archive, TAMS=top-at-mark-start (previous, next)
|   0|0x0000000080000000, 0x0000000080100000, 0x0000000080100000|100%| O|  |TAMS 0x0000000080100000, 0x0000000080000000| Untracked 
|   1|0x0000000080100000, 0x0000000080200000, 0x0000000080200000|100%| O|  |TAMS 0x0000000080200000, 0x0000000080100000| Untracked 
|   2|0x0000000080200000, 0x0000000080300000, 0x0000000080300000|100%|HS|  |TAMS 0x0000000080300000, 0x0000000080200000| Complete 
|   3|0x0000000080300000, 0x0000000080400000, 0x0000000080400000|100%|HC|  |TAMS 0x0000000080400000, 0x0000000080300000| Complete 
|   4|0x0000000080400000, 0x0000000080500000, 0x0000000080500000|100%|HC|  |TAMS 0x0000000080500000, 0x0000000080400000| Complete 
|   5|0x0000000080500000, 0x0000000080600000, 0x0000000080600000|100%|HC|  |TAMS 0x0000000080600000, 0x0000000080500000| Complete 
|   6|0x0000000080600000, 0x0000000080700000, 0x0000000080700000|100%| O|  |TAMS 0x0000000080700000, 0x0000000080600000| Untracked 
|   7|0x0000000080700000, 0x0000000080800000, 0x0000000080800000|100%| O|  |TAMS 0x0000000080800000, 0x0000000080700000| Untracked 
|   8|0x0000000080800000, 0x0000000080900000, 0x0000000080900000|100%| O|  |TAMS 0x0000000080900000, 0x0000000080800000| Untracked 
|   9|0x0000000080900000, 0x0000000080a00000, 0x0000000080a00000|100%| O|  |TAMS 0x0000000080a00000, 0x0000000080900000| Untracked 
|  10|0x0000000080a00000, 0x0000000080b00000, 0x0000000080b00000|100%| O|  |TAMS 0x0000000080b00000, 0x0000000080a00000| Untracked 
|  11|0x0000000080b00000, 0x0000000080c00000, 0x0000000080c00000|100%| O|  |TAMS 0x0000000080c00000, 0x0000000080b00000| Untracked 
|  12|0x0000000080c00000, 0x0000000080d00000, 0x0000000080d00000|100%| O|  |TAMS 0x0000000080d00000, 0x0000000080c00000| Untracked 
|  13|0x0000000080d00000, 0x0000000080e00000, 0x0000000080e00000|100%| O|  |TAMS 0x0000000080e00000, 0x0000000080d00000| Untracked 
|  14|0x0000000080e00000, 0x0000000080f00000, 0x0000000080f00000|100%| O|  |TAMS 0x0000000080f00000, 0x0000000080e00000| Untracked 
|  15|0x0000000080f00000, 0x0000000081000000, 0x0000000081000000|100%| O|  |TAMS 0x0000000081000000, 0x0000000080f00000| Untracked 
|  16|0x0000000081000000, 0x0000000081100000, 0x0000000081100000|100%| O|  |TAMS 0x0000000081100000, 0x0000000081000000| Untracked 
|  17|0x0000000081100000, 0x0000000081200000, 0x0000000081200000|100%| O|  |TAMS 0x0000000081200000, 0x0000000081100000| Untracked 
|  18|0x0000000081200000, 0x0000000081300000, 0x0000000081300000|100%| O|  |TAMS 0x0000000081300000, 0x0000000081200000| Untracked 
|  19|0x0000000081300000, 0x0000000081400000, 0x0000000081400000|100%| O|  |TAMS 0x0000000081400000, 0x0000000081300000| Untracked 
|  20|0x0000000081400000, 0x0000000081500000, 0x0000000081500000|100%| O|  |TAMS 0x0000000081500000, 0x0000000081400000| Untracked 
|  21|0x0000000081500000, 0x0000000081600000, 0x0000000081600000|100%| O|  |TAMS 0x0000000081600000, 0x0000000081500000| Untracked 
|  22|0x0000000081600000, 0x0000000081700000, 0x0000000081700000|100%| O|  |TAMS 0x0000000081700000, 0x0000000081600000| Untracked 
|  23|0x0000000081700000, 0x0000000081800000, 0x0000000081800000|100%| O|  |TAMS 0x0000000081800000, 0x0000000081700000| Untracked 
|  24|0x0000000081800000, 0x0000000081900000, 0x0000000081900000|100%| O|  |TAMS 0x0000000081900000, 0x0000000081800000| Untracked 
|  25|0x0000000081900000, 0x0000000081a00000, 0x0000000081a00000|100%| O|  |TAMS 0x0000000081a00000, 0x0000000081900000| Untracked 
|  26|0x0000000081a00000, 0x0000000081b00000, 0x0000000081b00000|100%| O|  |TAMS 0x0000000081b00000, 0x0000000081a00000| Untracked 
|  27|0x0000000081b00000, 0x0000000081c00000, 0x0000000081c00000|100%| O|  |TAMS 0x0000000081c00000, 0x0000000081b00000| Untracked 
|  28|0x0000000081c00000, 0x0000000081d00000, 0x0000000081d00000|100%| O|  |TAMS 0x0000000081d00000, 0x0000000081c00000| Untracked 
|  29|0x0000000081d00000, 0x0000000081e00000, 0x0000000081e00000|100%| O|  |TAMS 0x0000000081e00000, 0x0000000081d00000| Untracked 
|  30|0x0000000081e00000, 0x0000000081f00000, 0x0000000081f00000|100%| O|  |TAMS 0x0000000081f00000, 0x0000000081e00000| Untracked 
|  31|0x0000000081f00000, 0x0000000082000000, 0x0000000082000000|100%| O|  |TAMS 0x0000000082000000, 0x0000000081f00000| Untracked 
|  32|0x0000000082000000, 0x0000000082100000, 0x0000000082100000|100%| O|  |TAMS 0x0000000082100000, 0x0000000082000000| Untracked 
|  33|0x0000000082100000, 0x0000000082200000, 0x0000000082200000|100%| O|  |TAMS 0x0000000082200000, 0x0000000082100000| Untracked 
|  34|0x0000000082200000, 0x0000000082300000, 0x0000000082300000|100%|HS|  |TAMS 0x0000000082300000, 0x0000000082200000| Complete 
|  35|0x0000000082300000, 0x0000000082400000, 0x0000000082400000|100%|HC|  |TAMS 0x0000000082400000, 0x0000000082300000| Complete 
|  36|0x0000000082400000, 0x0000000082500000, 0x0000000082500000|100%| O|  |TAMS 0x0000000082500000, 0x0000000082400000| Untracked 
|  37|0x0000000082500000, 0x0000000082600000, 0x0000000082600000|100%|HS|  |TAMS 0x0000000082600000, 0x0000000082500000| Complete 
|  38|0x0000000082600000, 0x0000000082700000, 0x0000000082700000|100%|HC|  |TAMS 0x0000000082700000, 0x0000000082600000| Complete 
|  39|0x0000000082700000, 0x0000000082800000, 0x0000000082800000|100%|HC|  |TAMS 0x0000000082800000, 0x0000000082700000| Complete 
|  40|0x0000000082800000, 0x0000000082900000, 0x0000000082900000|100%|HC|  |TAMS 0x0000000082900000, 0x0000000082800000| Complete 
|  41|0x0000000082900000, 0x0000000082a00000, 0x0000000082a00000|100%| O|  |TAMS 0x0000000082a00000, 0x0000000082900000| Untracked 
|  42|0x0000000082a00000, 0x0000000082b00000, 0x0000000082b00000|100%| O|  |TAMS 0x0000000082b00000, 0x0000000082a00000| Untracked 
|  43|0x0000000082b00000, 0x0000000082c00000, 0x0000000082c00000|100%| O|  |TAMS 0x0000000082c00000, 0x0000000082b00000| Untracked 
|  44|0x0000000082c00000, 0x0000000082d00000, 0x0000000082d00000|100%| O|  |TAMS 0x0000000082d00000, 0x0000000082c00000| Untracked 
|  45|0x0000000082d00000, 0x0000000082e00000, 0x0000000082e00000|100%| O|  |TAMS 0x0000000082e00000, 0x0000000082d00000| Untracked 
|  46|0x0000000082e00000, 0x0000000082f00000, 0x0000000082f00000|100%| O|  |TAMS 0x0000000082f00000, 0x0000000082e00000| Untracked 
|  47|0x0000000082f00000, 0x0000000083000000, 0x0000000083000000|100%| O|  |TAMS 0x0000000083000000, 0x0000000082f00000| Untracked 
|  48|0x0000000083000000, 0x0000000083100000, 0x0000000083100000|100%| O|  |TAMS 0x0000000083100000, 0x0000000083000000| Untracked 
|  49|0x0000000083100000, 0x0000000083200000, 0x0000000083200000|100%| O|  |TAMS 0x0000000083200000, 0x0000000083100000| Untracked 
|  50|0x0000000083200000, 0x0000000083300000, 0x0000000083300000|100%| O|  |TAMS 0x0000000083300000, 0x0000000083200000| Untracked 
|  51|0x0000000083300000, 0x0000000083400000, 0x0000000083400000|100%| O|  |TAMS 0x0000000083400000, 0x0000000083300000| Untracked 
|  52|0x0000000083400000, 0x0000000083500000, 0x0000000083500000|100%| O|  |TAMS 0x0000000083500000, 0x0000000083400000| Untracked 
|  53|0x0000000083500000, 0x0000000083600000, 0x0000000083600000|100%| O|  |TAMS 0x0000000083600000, 0x0000000083500000| Untracked 
|  54|0x0000000083600000, 0x0000000083700000, 0x0000000083700000|100%| O|  |TAMS 0x0000000083700000, 0x0000000083600000| Untracked 
|  55|0x0000000083700000, 0x0000000083800000, 0x0000000083800000|100%| O|  |TAMS 0x0000000083800000, 0x0000000083700000| Untracked 
|  56|0x0000000083800000, 0x0000000083900000, 0x0000000083900000|100%| O|  |TAMS 0x0000000083900000, 0x0000000083800000| Untracked 
|  57|0x0000000083900000, 0x0000000083a00000, 0x0000000083a00000|100%| O|  |TAMS 0x0000000083a00000, 0x0000000083900000| Untracked 
|  58|0x0000000083a00000, 0x0000000083b00000, 0x0000000083b00000|100%|HS|  |TAMS 0x0000000083b00000, 0x0000000083a00000| Complete 
|  59|0x0000000083b00000, 0x0000000083c00000, 0x0000000083c00000|100%| O|  |TAMS 0x0000000083c00000, 0x0000000083b00000| Untracked 
|  60|0x0000000083c00000, 0x0000000083d00000, 0x0000000083d00000|100%|HS|  |TAMS 0x0000000083d00000, 0x0000000083c00000| Complete 
|  61|0x0000000083d00000, 0x0000000083e00000, 0x0000000083e00000|100%| O|  |TAMS 0x0000000083e00000, 0x0000000083d00000| Untracked 
|  62|0x0000000083e00000, 0x0000000083f00000, 0x0000000083f00000|100%| O|  |TAMS 0x0000000083f00000, 0x0000000083e00000| Untracked 
|  63|0x0000000083f00000, 0x0000000084000000, 0x0000000084000000|100%| O|  |TAMS 0x0000000084000000, 0x0000000083f00000| Untracked 
|  64|0x0000000084000000, 0x0000000084100000, 0x0000000084100000|100%| O|  |TAMS 0x0000000084100000, 0x0000000084000000| Untracked 
|  65|0x0000000084100000, 0x0000000084200000, 0x0000000084200000|100%| O|  |TAMS 0x0000000084200000, 0x0000000084100000| Untracked 
|  66|0x0000000084200000, 0x0000000084300000, 0x0000000084300000|100%| O|  |TAMS 0x0000000084300000, 0x0000000084200000| Untracked 
|  67|0x0000000084300000, 0x0000000084400000, 0x0000000084400000|100%| O|  |TAMS 0x0000000084400000, 0x0000000084300000| Untracked 
|  68|0x0000000084400000, 0x0000000084500000, 0x0000000084500000|100%| O|  |TAMS 0x0000000084500000, 0x0000000084400000| Untracked 
|  69|0x0000000084500000, 0x0000000084600000, 0x0000000084600000|100%| O|  |TAMS 0x0000000084600000, 0x0000000084500000| Untracked 
|  70|0x0000000084600000, 0x0000000084700000, 0x0000000084700000|100%| O|  |TAMS 0x0000000084700000, 0x0000000084600000| Untracked 
|  71|0x0000000084700000, 0x0000000084800000, 0x0000000084800000|100%| O|  |TAMS 0x0000000084800000, 0x0000000084700000| Untracked 
|  72|0x0000000084800000, 0x0000000084900000, 0x0000000084900000|100%| O|  |TAMS 0x0000000084900000, 0x0000000084800000| Untracked 
|  73|0x0000000084900000, 0x0000000084a00000, 0x0000000084a00000|100%| O|  |TAMS 0x0000000084a00000, 0x0000000084900000| Untracked 
|  74|0x0000000084a00000, 0x0000000084b00000, 0x0000000084b00000|100%| O|  |TAMS 0x0000000084b00000, 0x0000000084a00000| Untracked 
|  75|0x0000000084b00000, 0x0000000084c00000, 0x0000000084c00000|100%| O|  |TAMS 0x0000000084c00000, 0x0000000084b00000| Untracked 
|  76|0x0000000084c00000, 0x0000000084d00000, 0x0000000084d00000|100%| O|  |TAMS 0x0000000084d00000, 0x0000000084c00000| Untracked 
|  77|0x0000000084d00000, 0x0000000084e00000, 0x0000000084e00000|100%| O|  |TAMS 0x0000000084e00000, 0x0000000084d00000| Untracked 
|  78|0x0000000084e00000, 0x0000000084f00000, 0x0000000084f00000|100%| O|  |TAMS 0x0000000084f00000, 0x0000000084e00000| Untracked 
|  79|0x0000000084f00000, 0x0000000085000000, 0x0000000085000000|100%| O|  |TAMS 0x0000000085000000, 0x0000000084f00000| Untracked 
|  80|0x0000000085000000, 0x0000000085100000, 0x0000000085100000|100%| O|  |TAMS 0x000000008505f000, 0x0000000085000000| Untracked 
|  81|0x0000000085100000, 0x0000000085200000, 0x0000000085200000|100%| O|  |TAMS 0x0000000085100000, 0x0000000085100000| Untracked 
|  82|0x0000000085200000, 0x0000000085300000, 0x0000000085300000|100%| O|  |TAMS 0x0000000085200000, 0x0000000085200000| Untracked 
|  83|0x0000000085300000, 0x0000000085400000, 0x0000000085400000|100%| O|  |TAMS 0x0000000085300000, 0x0000000085300000| Untracked 
|  84|0x0000000085400000, 0x0000000085500000, 0x0000000085500000|100%| O|  |TAMS 0x0000000085400000, 0x0000000085400000| Untracked 
|  85|0x0000000085500000, 0x000000008551d600, 0x0000000085600000| 11%| O|  |TAMS 0x0000000085500000, 0x0000000085500000| Untracked 
|  86|0x0000000085600000, 0x0000000085700000, 0x0000000085700000|100%|HS|  |TAMS 0x0000000085600000, 0x0000000085600000| Complete 
|  87|0x0000000085700000, 0x0000000085800000, 0x0000000085800000|100%|HC|  |TAMS 0x0000000085700000, 0x0000000085700000| Complete 
|  88|0x0000000085800000, 0x0000000085900000, 0x0000000085900000|100%|HS|  |TAMS 0x0000000085800000, 0x0000000085800000| Complete 
|  89|0x0000000085900000, 0x0000000085a00000, 0x0000000085a00000|100%|HC|  |TAMS 0x0000000085900000, 0x0000000085900000| Complete 
|  90|0x0000000085a00000, 0x0000000085b00000, 0x0000000085b00000|100%|HC|  |TAMS 0x0000000085a00000, 0x0000000085a00000| Complete 
|  91|0x0000000085b00000, 0x0000000085c00000, 0x0000000085c00000|100%|HC|  |TAMS 0x0000000085b00000, 0x0000000085b00000| Complete 
|  92|0x0000000085c00000, 0x0000000085c00000, 0x0000000085d00000|  0%| F|  |TAMS 0x0000000085c00000, 0x0000000085c00000| Untracked 
|  93|0x0000000085d00000, 0x0000000085d00000, 0x0000000085e00000|  0%| F|  |TAMS 0x0000000085d00000, 0x0000000085d00000| Untracked 
|  94|0x0000000085e00000, 0x0000000085e00000, 0x0000000085f00000|  0%| F|  |TAMS 0x0000000085e00000, 0x0000000085e00000| Untracked 
|  95|0x0000000085f00000, 0x0000000085f00000, 0x0000000086000000|  0%| F|  |TAMS 0x0000000085f00000, 0x0000000085f00000| Untracked 
|  96|0x0000000086000000, 0x0000000086000000, 0x0000000086100000|  0%| F|  |TAMS 0x0000000086000000, 0x0000000086000000| Untracked 
|  97|0x0000000086100000, 0x0000000086100000, 0x0000000086200000|  0%| F|  |TAMS 0x0000000086100000, 0x0000000086100000| Untracked 
|  98|0x0000000086200000, 0x0000000086200000, 0x0000000086300000|  0%| F|  |TAMS 0x0000000086200000, 0x0000000086200000| Untracked 
|  99|0x0000000086300000, 0x0000000086300000, 0x0000000086400000|  0%| F|  |TAMS 0x0000000086300000, 0x0000000086300000| Untracked 
| 100|0x0000000086400000, 0x0000000086400000, 0x0000000086500000|  0%| F|  |TAMS 0x0000000086400000, 0x0000000086400000| Untracked 
| 101|0x0000000086500000, 0x0000000086500000, 0x0000000086600000|  0%| F|  |TAMS 0x0000000086500000, 0x0000000086500000| Untracked 
| 102|0x0000000086600000, 0x0000000086600000, 0x0000000086700000|  0%| F|  |TAMS 0x0000000086600000, 0x0000000086600000| Untracked 
| 103|0x0000000086700000, 0x0000000086700000, 0x0000000086800000|  0%| F|  |TAMS 0x0000000086700000, 0x0000000086700000| Untracked 
| 104|0x0000000086800000, 0x0000000086800000, 0x0000000086900000|  0%| F|  |TAMS 0x0000000086800000, 0x0000000086800000| Untracked 
| 105|0x0000000086900000, 0x0000000086900000, 0x0000000086a00000|  0%| F|  |TAMS 0x0000000086900000, 0x0000000086900000| Untracked 
| 106|0x0000000086a00000, 0x0000000086a00000, 0x0000000086b00000|  0%| F|  |TAMS 0x0000000086a00000, 0x0000000086a00000| Untracked 
| 107|0x0000000086b00000, 0x0000000086b00000, 0x0000000086c00000|  0%| F|  |TAMS 0x0000000086b00000, 0x0000000086b00000| Untracked 
| 108|0x0000000086c00000, 0x0000000086c00000, 0x0000000086d00000|  0%| F|  |TAMS 0x0000000086c00000, 0x0000000086c00000| Untracked 
| 109|0x0000000086d00000, 0x0000000086d00000, 0x0000000086e00000|  0%| F|  |TAMS 0x0000000086d00000, 0x0000000086d00000| Untracked 
| 110|0x0000000086e00000, 0x0000000086e00000, 0x0000000086f00000|  0%| F|  |TAMS 0x0000000086e00000, 0x0000000086e00000| Untracked 
| 111|0x0000000086f00000, 0x0000000086f00000, 0x0000000087000000|  0%| F|  |TAMS 0x0000000086f00000, 0x0000000086f00000| Untracked 
| 112|0x0000000087000000, 0x0000000087000000, 0x0000000087100000|  0%| F|  |TAMS 0x0000000087000000, 0x0000000087000000| Untracked 
| 113|0x0000000087100000, 0x0000000087100000, 0x0000000087200000|  0%| F|  |TAMS 0x0000000087100000, 0x0000000087100000| Untracked 
| 114|0x0000000087200000, 0x0000000087200000, 0x0000000087300000|  0%| F|  |TAMS 0x0000000087200000, 0x0000000087200000| Untracked 
| 115|0x0000000087300000, 0x0000000087300000, 0x0000000087400000|  0%| F|  |TAMS 0x0000000087300000, 0x0000000087300000| Untracked 
| 116|0x0000000087400000, 0x0000000087400000, 0x0000000087500000|  0%| F|  |TAMS 0x0000000087400000, 0x0000000087400000| Untracked 
| 117|0x0000000087500000, 0x0000000087500000, 0x0000000087600000|  0%| F|  |TAMS 0x0000000087500000, 0x0000000087500000| Untracked 
| 118|0x0000000087600000, 0x0000000087600000, 0x0000000087700000|  0%| F|  |TAMS 0x0000000087600000, 0x0000000087600000| Untracked 
| 119|0x0000000087700000, 0x0000000087700000, 0x0000000087800000|  0%| F|  |TAMS 0x0000000087700000, 0x0000000087700000| Untracked 
| 120|0x0000000087800000, 0x0000000087800000, 0x0000000087900000|  0%| F|  |TAMS 0x0000000087800000, 0x0000000087800000| Untracked 
| 121|0x0000000087900000, 0x0000000087900000, 0x0000000087a00000|  0%| F|  |TAMS 0x0000000087900000, 0x0000000087900000| Untracked 
| 122|0x0000000087a00000, 0x0000000087a00000, 0x0000000087b00000|  0%| F|  |TAMS 0x0000000087a00000, 0x0000000087a00000| Untracked 
| 123|0x0000000087b00000, 0x0000000087b00000, 0x0000000087c00000|  0%| F|  |TAMS 0x0000000087b00000, 0x0000000087b00000| Untracked 
| 124|0x0000000087c00000, 0x0000000087c00000, 0x0000000087d00000|  0%| F|  |TAMS 0x0000000087c00000, 0x0000000087c00000| Untracked 
| 125|0x0000000087d00000, 0x0000000087d00000, 0x0000000087e00000|  0%| F|  |TAMS 0x0000000087d00000, 0x0000000087d00000| Untracked 
| 126|0x0000000087e00000, 0x0000000087e00000, 0x0000000087f00000|  0%| F|  |TAMS 0x0000000087e00000, 0x0000000087e00000| Untracked 
| 127|0x0000000087f00000, 0x0000000087f00000, 0x0000000088000000|  0%| F|  |TAMS 0x0000000087f00000, 0x0000000087f00000| Untracked 
| 128|0x0000000088000000, 0x0000000088000000, 0x0000000088100000|  0%| F|  |TAMS 0x0000000088000000, 0x0000000088000000| Untracked 
| 129|0x0000000088100000, 0x0000000088100000, 0x0000000088200000|  0%| F|  |TAMS 0x0000000088100000, 0x0000000088100000| Untracked 
| 130|0x0000000088200000, 0x0000000088200000, 0x0000000088300000|  0%| F|  |TAMS 0x0000000088200000, 0x0000000088200000| Untracked 
| 131|0x0000000088300000, 0x0000000088300000, 0x0000000088400000|  0%| F|  |TAMS 0x0000000088300000, 0x0000000088300000| Untracked 
| 132|0x0000000088400000, 0x0000000088400000, 0x0000000088500000|  0%| F|  |TAMS 0x0000000088400000, 0x0000000088400000| Untracked 
| 133|0x0000000088500000, 0x0000000088500000, 0x0000000088600000|  0%| F|  |TAMS 0x0000000088500000, 0x0000000088500000| Untracked 
| 134|0x0000000088600000, 0x0000000088600000, 0x0000000088700000|  0%| F|  |TAMS 0x0000000088600000, 0x0000000088600000| Untracked 
| 135|0x0000000088700000, 0x0000000088700000, 0x0000000088800000|  0%| F|  |TAMS 0x0000000088700000, 0x0000000088700000| Untracked 
| 136|0x0000000088800000, 0x0000000088800000, 0x0000000088900000|  0%| F|  |TAMS 0x0000000088800000, 0x0000000088800000| Untracked 
| 137|0x0000000088900000, 0x0000000088900000, 0x0000000088a00000|  0%| F|  |TAMS 0x0000000088900000, 0x0000000088900000| Untracked 
| 138|0x0000000088a00000, 0x0000000088a00000, 0x0000000088b00000|  0%| F|  |TAMS 0x0000000088a00000, 0x0000000088a00000| Untracked 
| 139|0x0000000088b00000, 0x0000000088b00000, 0x0000000088c00000|  0%| F|  |TAMS 0x0000000088b00000, 0x0000000088b00000| Untracked 
| 140|0x0000000088c00000, 0x0000000088c00000, 0x0000000088d00000|  0%| F|  |TAMS 0x0000000088c00000, 0x0000000088c00000| Untracked 
| 141|0x0000000088d00000, 0x0000000088d00000, 0x0000000088e00000|  0%| F|  |TAMS 0x0000000088d00000, 0x0000000088d00000| Untracked 
| 142|0x0000000088e00000, 0x0000000088e00000, 0x0000000088f00000|  0%| F|  |TAMS 0x0000000088e00000, 0x0000000088e00000| Untracked 
| 143|0x0000000088f00000, 0x0000000088f00000, 0x0000000089000000|  0%| F|  |TAMS 0x0000000088f00000, 0x0000000088f00000| Untracked 
| 144|0x0000000089000000, 0x0000000089000000, 0x0000000089100000|  0%| F|  |TAMS 0x0000000089000000, 0x0000000089000000| Untracked 
| 145|0x0000000089100000, 0x0000000089100000, 0x0000000089200000|  0%| F|  |TAMS 0x0000000089100000, 0x0000000089100000| Untracked 
| 146|0x0000000089200000, 0x0000000089200000, 0x0000000089300000|  0%| F|  |TAMS 0x0000000089200000, 0x0000000089200000| Untracked 
| 147|0x0000000089300000, 0x0000000089300000, 0x0000000089400000|  0%| F|  |TAMS 0x0000000089300000, 0x0000000089300000| Untracked 
| 148|0x0000000089400000, 0x0000000089400000, 0x0000000089500000|  0%| F|  |TAMS 0x0000000089400000, 0x0000000089400000| Untracked 
| 149|0x0000000089500000, 0x0000000089500000, 0x0000000089600000|  0%| F|  |TAMS 0x0000000089500000, 0x0000000089500000| Untracked 
| 150|0x0000000089600000, 0x0000000089600000, 0x0000000089700000|  0%| F|  |TAMS 0x0000000089600000, 0x0000000089600000| Untracked 
| 151|0x0000000089700000, 0x0000000089700000, 0x0000000089800000|  0%| F|  |TAMS 0x0000000089700000, 0x0000000089700000| Untracked 
| 152|0x0000000089800000, 0x0000000089800000, 0x0000000089900000|  0%| F|  |TAMS 0x0000000089800000, 0x0000000089800000| Untracked 
| 153|0x0000000089900000, 0x0000000089900000, 0x0000000089a00000|  0%| F|  |TAMS 0x0000000089900000, 0x0000000089900000| Untracked 
| 154|0x0000000089a00000, 0x0000000089a00000, 0x0000000089b00000|  0%| F|  |TAMS 0x0000000089a00000, 0x0000000089a00000| Untracked 
| 155|0x0000000089b00000, 0x0000000089b00000, 0x0000000089c00000|  0%| F|  |TAMS 0x0000000089b00000, 0x0000000089b00000| Untracked 
| 156|0x0000000089c00000, 0x0000000089c00000, 0x0000000089d00000|  0%| F|  |TAMS 0x0000000089c00000, 0x0000000089c00000| Untracked 
| 157|0x0000000089d00000, 0x0000000089d00000, 0x0000000089e00000|  0%| F|  |TAMS 0x0000000089d00000, 0x0000000089d00000| Untracked 
| 158|0x0000000089e00000, 0x0000000089e00000, 0x0000000089f00000|  0%| F|  |TAMS 0x0000000089e00000, 0x0000000089e00000| Untracked 
| 159|0x0000000089f00000, 0x0000000089f00000, 0x000000008a000000|  0%| F|  |TAMS 0x0000000089f00000, 0x0000000089f00000| Untracked 
| 160|0x000000008a000000, 0x000000008a000000, 0x000000008a100000|  0%| F|  |TAMS 0x000000008a000000, 0x000000008a000000| Untracked 
| 161|0x000000008a100000, 0x000000008a100000, 0x000000008a200000|  0%| F|  |TAMS 0x000000008a100000, 0x000000008a100000| Untracked 
| 162|0x000000008a200000, 0x000000008a200000, 0x000000008a300000|  0%| F|  |TAMS 0x000000008a200000, 0x000000008a200000| Untracked 
| 163|0x000000008a300000, 0x000000008a300000, 0x000000008a400000|  0%| F|  |TAMS 0x000000008a300000, 0x000000008a300000| Untracked 
| 164|0x000000008a400000, 0x000000008a400000, 0x000000008a500000|  0%| F|  |TAMS 0x000000008a400000, 0x000000008a400000| Untracked 
| 165|0x000000008a500000, 0x000000008a500000, 0x000000008a600000|  0%| F|  |TAMS 0x000000008a500000, 0x000000008a500000| Untracked 
| 166|0x000000008a600000, 0x000000008a600000, 0x000000008a700000|  0%| F|  |TAMS 0x000000008a600000, 0x000000008a600000| Untracked 
| 167|0x000000008a700000, 0x000000008a700000, 0x000000008a800000|  0%| F|  |TAMS 0x000000008a700000, 0x000000008a700000| Untracked 
| 168|0x000000008a800000, 0x000000008a800000, 0x000000008a900000|  0%| F|  |TAMS 0x000000008a800000, 0x000000008a800000| Untracked 
| 169|0x000000008a900000, 0x000000008a900000, 0x000000008aa00000|  0%| F|  |TAMS 0x000000008a900000, 0x000000008a900000| Untracked 
| 170|0x000000008aa00000, 0x000000008aa00000, 0x000000008ab00000|  0%| F|  |TAMS 0x000000008aa00000, 0x000000008aa00000| Untracked 
| 171|0x000000008ab00000, 0x000000008ab00000, 0x000000008ac00000|  0%| F|  |TAMS 0x000000008ab00000, 0x000000008ab00000| Untracked 
| 172|0x000000008ac00000, 0x000000008ac00000, 0x000000008ad00000|  0%| F|  |TAMS 0x000000008ac00000, 0x000000008ac00000| Untracked 
| 173|0x000000008ad00000, 0x000000008ad00000, 0x000000008ae00000|  0%| F|  |TAMS 0x000000008ad00000, 0x000000008ad00000| Untracked 
| 174|0x000000008ae00000, 0x000000008ae00000, 0x000000008af00000|  0%| F|  |TAMS 0x000000008ae00000, 0x000000008ae00000| Untracked 
| 175|0x000000008af00000, 0x000000008af00000, 0x000000008b000000|  0%| F|  |TAMS 0x000000008af00000, 0x000000008af00000| Untracked 
| 176|0x000000008b000000, 0x000000008b000000, 0x000000008b100000|  0%| F|  |TAMS 0x000000008b000000, 0x000000008b000000| Untracked 
| 177|0x000000008b100000, 0x000000008b100000, 0x000000008b200000|  0%| F|  |TAMS 0x000000008b100000, 0x000000008b100000| Untracked 
| 178|0x000000008b200000, 0x000000008b200000, 0x000000008b300000|  0%| F|  |TAMS 0x000000008b200000, 0x000000008b200000| Untracked 
| 179|0x000000008b300000, 0x000000008b300000, 0x000000008b400000|  0%| F|  |TAMS 0x000000008b300000, 0x000000008b300000| Untracked 
| 180|0x000000008b400000, 0x000000008b400000, 0x000000008b500000|  0%| F|  |TAMS 0x000000008b400000, 0x000000008b400000| Untracked 
| 181|0x000000008b500000, 0x000000008b500000, 0x000000008b600000|  0%| F|  |TAMS 0x000000008b500000, 0x000000008b500000| Untracked 
| 182|0x000000008b600000, 0x000000008b600000, 0x000000008b700000|  0%| F|  |TAMS 0x000000008b600000, 0x000000008b600000| Untracked 
| 183|0x000000008b700000, 0x000000008b700000, 0x000000008b800000|  0%| F|  |TAMS 0x000000008b700000, 0x000000008b700000| Untracked 
| 184|0x000000008b800000, 0x000000008b800000, 0x000000008b900000|  0%| F|  |TAMS 0x000000008b800000, 0x000000008b800000| Untracked 
| 185|0x000000008b900000, 0x000000008b900000, 0x000000008ba00000|  0%| F|  |TAMS 0x000000008b900000, 0x000000008b900000| Untracked 
| 186|0x000000008ba00000, 0x000000008ba00000, 0x000000008bb00000|  0%| F|  |TAMS 0x000000008ba00000, 0x000000008ba00000| Untracked 
| 187|0x000000008bb00000, 0x000000008bb00000, 0x000000008bc00000|  0%| F|  |TAMS 0x000000008bb00000, 0x000000008bb00000| Untracked 
| 188|0x000000008bc00000, 0x000000008bc00000, 0x000000008bd00000|  0%| F|  |TAMS 0x000000008bc00000, 0x000000008bc00000| Untracked 
| 189|0x000000008bd00000, 0x000000008bd00000, 0x000000008be00000|  0%| F|  |TAMS 0x000000008bd00000, 0x000000008bd00000| Untracked 
| 190|0x000000008be00000, 0x000000008be00000, 0x000000008bf00000|  0%| F|  |TAMS 0x000000008be00000, 0x000000008be00000| Untracked 
| 191|0x000000008bf00000, 0x000000008bf00000, 0x000000008c000000|  0%| F|  |TAMS 0x000000008bf00000, 0x000000008bf00000| Untracked 
| 192|0x000000008c000000, 0x000000008c000000, 0x000000008c100000|  0%| F|  |TAMS 0x000000008c000000, 0x000000008c000000| Untracked 
| 193|0x000000008c100000, 0x000000008c100000, 0x000000008c200000|  0%| F|  |TAMS 0x000000008c100000, 0x000000008c100000| Untracked 
| 194|0x000000008c200000, 0x000000008c200000, 0x000000008c300000|  0%| F|  |TAMS 0x000000008c200000, 0x000000008c200000| Untracked 
| 195|0x000000008c300000, 0x000000008c300000, 0x000000008c400000|  0%| F|  |TAMS 0x000000008c300000, 0x000000008c300000| Untracked 
| 196|0x000000008c400000, 0x000000008c400000, 0x000000008c500000|  0%| F|  |TAMS 0x000000008c400000, 0x000000008c400000| Untracked 
| 197|0x000000008c500000, 0x000000008c500000, 0x000000008c600000|  0%| F|  |TAMS 0x000000008c500000, 0x000000008c500000| Untracked 
| 198|0x000000008c600000, 0x000000008c600000, 0x000000008c700000|  0%| F|  |TAMS 0x000000008c600000, 0x000000008c600000| Untracked 
| 199|0x000000008c700000, 0x000000008c700000, 0x000000008c800000|  0%| F|  |TAMS 0x000000008c700000, 0x000000008c700000| Untracked 
| 200|0x000000008c800000, 0x000000008c800000, 0x000000008c900000|  0%| F|  |TAMS 0x000000008c800000, 0x000000008c800000| Untracked 
| 201|0x000000008c900000, 0x000000008c900000, 0x000000008ca00000|  0%| F|  |TAMS 0x000000008c900000, 0x000000008c900000| Untracked 
| 202|0x000000008ca00000, 0x000000008ca00000, 0x000000008cb00000|  0%| F|  |TAMS 0x000000008ca00000, 0x000000008ca00000| Untracked 
| 203|0x000000008cb00000, 0x000000008cb00000, 0x000000008cc00000|  0%| F|  |TAMS 0x000000008cb00000, 0x000000008cb00000| Untracked 
| 204|0x000000008cc00000, 0x000000008cc00000, 0x000000008cd00000|  0%| F|  |TAMS 0x000000008cc00000, 0x000000008cc00000| Untracked 
| 205|0x000000008cd00000, 0x000000008cd00000, 0x000000008ce00000|  0%| F|  |TAMS 0x000000008cd00000, 0x000000008cd00000| Untracked 
| 206|0x000000008ce00000, 0x000000008ce00000, 0x000000008cf00000|  0%| F|  |TAMS 0x000000008ce00000, 0x000000008ce00000| Untracked 
| 207|0x000000008cf00000, 0x000000008cf00000, 0x000000008d000000|  0%| F|  |TAMS 0x000000008cf00000, 0x000000008cf00000| Untracked 
| 208|0x000000008d000000, 0x000000008d000000, 0x000000008d100000|  0%| F|  |TAMS 0x000000008d000000, 0x000000008d000000| Untracked 
| 209|0x000000008d100000, 0x000000008d100000, 0x000000008d200000|  0%| F|  |TAMS 0x000000008d100000, 0x000000008d100000| Untracked 
| 210|0x000000008d200000, 0x000000008d200000, 0x000000008d300000|  0%| F|  |TAMS 0x000000008d200000, 0x000000008d200000| Untracked 
| 211|0x000000008d300000, 0x000000008d300000, 0x000000008d400000|  0%| F|  |TAMS 0x000000008d300000, 0x000000008d300000| Untracked 
| 212|0x000000008d400000, 0x000000008d400000, 0x000000008d500000|  0%| F|  |TAMS 0x000000008d400000, 0x000000008d400000| Untracked 
| 213|0x000000008d500000, 0x000000008d500000, 0x000000008d600000|  0%| F|  |TAMS 0x000000008d500000, 0x000000008d500000| Untracked 
| 214|0x000000008d600000, 0x000000008d600000, 0x000000008d700000|  0%| F|  |TAMS 0x000000008d600000, 0x000000008d600000| Untracked 
| 215|0x000000008d700000, 0x000000008d700000, 0x000000008d800000|  0%| F|  |TAMS 0x000000008d700000, 0x000000008d700000| Untracked 
| 216|0x000000008d800000, 0x000000008d800000, 0x000000008d900000|  0%| F|  |TAMS 0x000000008d800000, 0x000000008d800000| Untracked 
| 217|0x000000008d900000, 0x000000008d900000, 0x000000008da00000|  0%| F|  |TAMS 0x000000008d900000, 0x000000008d900000| Untracked 
| 218|0x000000008da00000, 0x000000008da00000, 0x000000008db00000|  0%| F|  |TAMS 0x000000008da00000, 0x000000008da00000| Untracked 
| 219|0x000000008db00000, 0x000000008db00000, 0x000000008dc00000|  0%| F|  |TAMS 0x000000008db00000, 0x000000008db00000| Untracked 
| 220|0x000000008dc00000, 0x000000008dc00000, 0x000000008dd00000|  0%| F|  |TAMS 0x000000008dc00000, 0x000000008dc00000| Untracked 
| 221|0x000000008dd00000, 0x000000008dd00000, 0x000000008de00000|  0%| F|  |TAMS 0x000000008dd00000, 0x000000008dd00000| Untracked 
| 222|0x000000008de00000, 0x000000008de00000, 0x000000008df00000|  0%| F|  |TAMS 0x000000008de00000, 0x000000008de00000| Untracked 
| 223|0x000000008df00000, 0x000000008df00000, 0x000000008e000000|  0%| F|  |TAMS 0x000000008df00000, 0x000000008df00000| Untracked 
| 224|0x000000008e000000, 0x000000008e000000, 0x000000008e100000|  0%| F|  |TAMS 0x000000008e000000, 0x000000008e000000| Untracked 
| 225|0x000000008e100000, 0x000000008e100000, 0x000000008e200000|  0%| F|  |TAMS 0x000000008e100000, 0x000000008e100000| Untracked 
| 226|0x000000008e200000, 0x000000008e200000, 0x000000008e300000|  0%| F|  |TAMS 0x000000008e200000, 0x000000008e200000| Untracked 
| 227|0x000000008e300000, 0x000000008e300000, 0x000000008e400000|  0%| F|  |TAMS 0x000000008e300000, 0x000000008e300000| Untracked 
| 228|0x000000008e400000, 0x000000008e400000, 0x000000008e500000|  0%| F|  |TAMS 0x000000008e400000, 0x000000008e400000| Untracked 
| 229|0x000000008e500000, 0x000000008e500000, 0x000000008e600000|  0%| F|  |TAMS 0x000000008e500000, 0x000000008e500000| Untracked 
| 230|0x000000008e600000, 0x000000008e600000, 0x000000008e700000|  0%| F|  |TAMS 0x000000008e600000, 0x000000008e600000| Untracked 
| 231|0x000000008e700000, 0x000000008e700000, 0x000000008e800000|  0%| F|  |TAMS 0x000000008e700000, 0x000000008e700000| Untracked 
| 232|0x000000008e800000, 0x000000008e800000, 0x000000008e900000|  0%| F|  |TAMS 0x000000008e800000, 0x000000008e800000| Untracked 
| 233|0x000000008e900000, 0x000000008e900000, 0x000000008ea00000|  0%| F|  |TAMS 0x000000008e900000, 0x000000008e900000| Untracked 
| 234|0x000000008ea00000, 0x000000008ea00000, 0x000000008eb00000|  0%| F|  |TAMS 0x000000008ea00000, 0x000000008ea00000| Untracked 
| 235|0x000000008eb00000, 0x000000008eb00000, 0x000000008ec00000|  0%| F|  |TAMS 0x000000008eb00000, 0x000000008eb00000| Untracked 
| 236|0x000000008ec00000, 0x000000008ec00000, 0x000000008ed00000|  0%| F|  |TAMS 0x000000008ec00000, 0x000000008ec00000| Untracked 
| 237|0x000000008ed00000, 0x000000008ed00000, 0x000000008ee00000|  0%| F|  |TAMS 0x000000008ed00000, 0x000000008ed00000| Untracked 
| 238|0x000000008ee00000, 0x000000008ee00000, 0x000000008ef00000|  0%| F|  |TAMS 0x000000008ee00000, 0x000000008ee00000| Untracked 
| 239|0x000000008ef00000, 0x000000008ef00000, 0x000000008f000000|  0%| F|  |TAMS 0x000000008ef00000, 0x000000008ef00000| Untracked 
| 240|0x000000008f000000, 0x000000008f000000, 0x000000008f100000|  0%| F|  |TAMS 0x000000008f000000, 0x000000008f000000| Untracked 
| 241|0x000000008f100000, 0x000000008f100000, 0x000000008f200000|  0%| F|  |TAMS 0x000000008f100000, 0x000000008f100000| Untracked 
| 242|0x000000008f200000, 0x000000008f200000, 0x000000008f300000|  0%| F|  |TAMS 0x000000008f200000, 0x000000008f200000| Untracked 
| 243|0x000000008f300000, 0x000000008f300000, 0x000000008f400000|  0%| F|  |TAMS 0x000000008f300000, 0x000000008f300000| Untracked 
| 244|0x000000008f400000, 0x000000008f400000, 0x000000008f500000|  0%| F|  |TAMS 0x000000008f400000, 0x000000008f400000| Untracked 
| 245|0x000000008f500000, 0x000000008f500000, 0x000000008f600000|  0%| F|  |TAMS 0x000000008f500000, 0x000000008f500000| Untracked 
| 246|0x000000008f600000, 0x000000008f600000, 0x000000008f700000|  0%| F|  |TAMS 0x000000008f600000, 0x000000008f600000| Untracked 
| 247|0x000000008f700000, 0x000000008f700000, 0x000000008f800000|  0%| F|  |TAMS 0x000000008f700000, 0x000000008f700000| Untracked 
| 248|0x000000008f800000, 0x000000008f800000, 0x000000008f900000|  0%| F|  |TAMS 0x000000008f800000, 0x000000008f800000| Untracked 
| 249|0x000000008f900000, 0x000000008f900000, 0x000000008fa00000|  0%| F|  |TAMS 0x000000008f900000, 0x000000008f900000| Untracked 
| 250|0x000000008fa00000, 0x000000008fa00000, 0x000000008fb00000|  0%| F|  |TAMS 0x000000008fa00000, 0x000000008fa00000| Untracked 
| 251|0x000000008fb00000, 0x000000008fb00000, 0x000000008fc00000|  0%| F|  |TAMS 0x000000008fb00000, 0x000000008fb00000| Untracked 
| 252|0x000000008fc00000, 0x000000008fc00000, 0x000000008fd00000|  0%| F|  |TAMS 0x000000008fc00000, 0x000000008fc00000| Untracked 
| 253|0x000000008fd00000, 0x000000008fd00000, 0x000000008fe00000|  0%| F|  |TAMS 0x000000008fd00000, 0x000000008fd00000| Untracked 
| 254|0x000000008fe00000, 0x000000008fe00000, 0x000000008ff00000|  0%| F|  |TAMS 0x000000008fe00000, 0x000000008fe00000| Untracked 
| 255|0x000000008ff00000, 0x000000008ff00000, 0x0000000090000000|  0%| F|  |TAMS 0x000000008ff00000, 0x000000008ff00000| Untracked 
| 256|0x0000000090000000, 0x0000000090000000, 0x0000000090100000|  0%| F|  |TAMS 0x0000000090000000, 0x0000000090000000| Untracked 
| 257|0x0000000090100000, 0x0000000090100000, 0x0000000090200000|  0%| F|  |TAMS 0x0000000090100000, 0x0000000090100000| Untracked 
| 258|0x0000000090200000, 0x0000000090200000, 0x0000000090300000|  0%| F|  |TAMS 0x0000000090200000, 0x0000000090200000| Untracked 
| 259|0x0000000090300000, 0x0000000090300000, 0x0000000090400000|  0%| F|  |TAMS 0x0000000090300000, 0x0000000090300000| Untracked 
| 260|0x0000000090400000, 0x0000000090400000, 0x0000000090500000|  0%| F|  |TAMS 0x0000000090400000, 0x0000000090400000| Untracked 
| 261|0x0000000090500000, 0x0000000090500000, 0x0000000090600000|  0%| F|  |TAMS 0x0000000090500000, 0x0000000090500000| Untracked 
| 262|0x0000000090600000, 0x0000000090600000, 0x0000000090700000|  0%| F|  |TAMS 0x0000000090600000, 0x0000000090600000| Untracked 
| 263|0x0000000090700000, 0x0000000090700000, 0x0000000090800000|  0%| F|  |TAMS 0x0000000090700000, 0x0000000090700000| Untracked 
| 264|0x0000000090800000, 0x0000000090800000, 0x0000000090900000|  0%| F|  |TAMS 0x0000000090800000, 0x0000000090800000| Untracked 
| 265|0x0000000090900000, 0x0000000090900000, 0x0000000090a00000|  0%| F|  |TAMS 0x0000000090900000, 0x0000000090900000| Untracked 
| 266|0x0000000090a00000, 0x0000000090a00000, 0x0000000090b00000|  0%| F|  |TAMS 0x0000000090a00000, 0x0000000090a00000| Untracked 
| 267|0x0000000090b00000, 0x0000000090b00000, 0x0000000090c00000|  0%| F|  |TAMS 0x0000000090b00000, 0x0000000090b00000| Untracked 
| 268|0x0000000090c00000, 0x0000000090c00000, 0x0000000090d00000|  0%| F|  |TAMS 0x0000000090c00000, 0x0000000090c00000| Untracked 
| 269|0x0000000090d00000, 0x0000000090d00000, 0x0000000090e00000|  0%| F|  |TAMS 0x0000000090d00000, 0x0000000090d00000| Untracked 
| 270|0x0000000090e00000, 0x0000000090e00000, 0x0000000090f00000|  0%| F|  |TAMS 0x0000000090e00000, 0x0000000090e00000| Untracked 
| 271|0x0000000090f00000, 0x0000000090f00000, 0x0000000091000000|  0%| F|  |TAMS 0x0000000090f00000, 0x0000000090f00000| Untracked 
| 272|0x0000000091000000, 0x0000000091000000, 0x0000000091100000|  0%| F|  |TAMS 0x0000000091000000, 0x0000000091000000| Untracked 
| 273|0x0000000091100000, 0x0000000091100000, 0x0000000091200000|  0%| F|  |TAMS 0x0000000091100000, 0x0000000091100000| Untracked 
| 274|0x0000000091200000, 0x0000000091200000, 0x0000000091300000|  0%| F|  |TAMS 0x0000000091200000, 0x0000000091200000| Untracked 
| 275|0x0000000091300000, 0x0000000091300000, 0x0000000091400000|  0%| F|  |TAMS 0x0000000091300000, 0x0000000091300000| Untracked 
| 276|0x0000000091400000, 0x0000000091400000, 0x0000000091500000|  0%| F|  |TAMS 0x0000000091400000, 0x0000000091400000| Untracked 
| 277|0x0000000091500000, 0x0000000091500000, 0x0000000091600000|  0%| F|  |TAMS 0x0000000091500000, 0x0000000091500000| Untracked 
| 278|0x0000000091600000, 0x0000000091600000, 0x0000000091700000|  0%| F|  |TAMS 0x0000000091600000, 0x0000000091600000| Untracked 
| 279|0x0000000091700000, 0x0000000091700000, 0x0000000091800000|  0%| F|  |TAMS 0x0000000091700000, 0x0000000091700000| Untracked 
| 280|0x0000000091800000, 0x0000000091800000, 0x0000000091900000|  0%| F|  |TAMS 0x0000000091800000, 0x0000000091800000| Untracked 
| 281|0x0000000091900000, 0x0000000091900000, 0x0000000091a00000|  0%| F|  |TAMS 0x0000000091900000, 0x0000000091900000| Untracked 
| 282|0x0000000091a00000, 0x0000000091a00000, 0x0000000091b00000|  0%| F|  |TAMS 0x0000000091a00000, 0x0000000091a00000| Untracked 
| 283|0x0000000091b00000, 0x0000000091b00000, 0x0000000091c00000|  0%| F|  |TAMS 0x0000000091b00000, 0x0000000091b00000| Untracked 
| 284|0x0000000091c00000, 0x0000000091c00000, 0x0000000091d00000|  0%| F|  |TAMS 0x0000000091c00000, 0x0000000091c00000| Untracked 
| 285|0x0000000091d00000, 0x0000000091d00000, 0x0000000091e00000|  0%| F|  |TAMS 0x0000000091d00000, 0x0000000091d00000| Untracked 
| 286|0x0000000091e00000, 0x0000000091e00000, 0x0000000091f00000|  0%| F|  |TAMS 0x0000000091e00000, 0x0000000091e00000| Untracked 
| 287|0x0000000091f00000, 0x0000000091f00000, 0x0000000092000000|  0%| F|  |TAMS 0x0000000091f00000, 0x0000000091f00000| Untracked 
| 288|0x0000000092000000, 0x0000000092000000, 0x0000000092100000|  0%| F|  |TAMS 0x0000000092000000, 0x0000000092000000| Untracked 
| 289|0x0000000092100000, 0x0000000092100000, 0x0000000092200000|  0%| F|  |TAMS 0x0000000092100000, 0x0000000092100000| Untracked 
| 290|0x0000000092200000, 0x0000000092200000, 0x0000000092300000|  0%| F|  |TAMS 0x0000000092200000, 0x0000000092200000| Untracked 
| 291|0x0000000092300000, 0x0000000092300000, 0x0000000092400000|  0%| F|  |TAMS 0x0000000092300000, 0x0000000092300000| Untracked 
| 292|0x0000000092400000, 0x0000000092400000, 0x0000000092500000|  0%| F|  |TAMS 0x0000000092400000, 0x0000000092400000| Untracked 
| 293|0x0000000092500000, 0x0000000092500000, 0x0000000092600000|  0%| F|  |TAMS 0x0000000092500000, 0x0000000092500000| Untracked 
| 294|0x0000000092600000, 0x0000000092600000, 0x0000000092700000|  0%| F|  |TAMS 0x0000000092600000, 0x0000000092600000| Untracked 
| 295|0x0000000092700000, 0x0000000092700000, 0x0000000092800000|  0%| F|  |TAMS 0x0000000092700000, 0x0000000092700000| Untracked 
| 296|0x0000000092800000, 0x0000000092800000, 0x0000000092900000|  0%| F|  |TAMS 0x0000000092800000, 0x0000000092800000| Untracked 
| 297|0x0000000092900000, 0x0000000092900000, 0x0000000092a00000|  0%| F|  |TAMS 0x0000000092900000, 0x0000000092900000| Untracked 
| 298|0x0000000092a00000, 0x0000000092a00000, 0x0000000092b00000|  0%| F|  |TAMS 0x0000000092a00000, 0x0000000092a00000| Untracked 
| 299|0x0000000092b00000, 0x0000000092b00000, 0x0000000092c00000|  0%| F|  |TAMS 0x0000000092b00000, 0x0000000092b00000| Untracked 
| 300|0x0000000092c00000, 0x0000000092c00000, 0x0000000092d00000|  0%| F|  |TAMS 0x0000000092c00000, 0x0000000092c00000| Untracked 
| 301|0x0000000092d00000, 0x0000000092d00000, 0x0000000092e00000|  0%| F|  |TAMS 0x0000000092d00000, 0x0000000092d00000| Untracked 
| 302|0x0000000092e00000, 0x0000000092e00000, 0x0000000092f00000|  0%| F|  |TAMS 0x0000000092e00000, 0x0000000092e00000| Untracked 
| 303|0x0000000092f00000, 0x0000000092f00000, 0x0000000093000000|  0%| F|  |TAMS 0x0000000092f00000, 0x0000000092f00000| Untracked 
| 304|0x0000000093000000, 0x0000000093000000, 0x0000000093100000|  0%| F|  |TAMS 0x0000000093000000, 0x0000000093000000| Untracked 
| 305|0x0000000093100000, 0x0000000093100000, 0x0000000093200000|  0%| F|  |TAMS 0x0000000093100000, 0x0000000093100000| Untracked 
| 306|0x0000000093200000, 0x0000000093200000, 0x0000000093300000|  0%| F|  |TAMS 0x0000000093200000, 0x0000000093200000| Untracked 
| 307|0x0000000093300000, 0x0000000093300000, 0x0000000093400000|  0%| F|  |TAMS 0x0000000093300000, 0x0000000093300000| Untracked 
| 308|0x0000000093400000, 0x0000000093400000, 0x0000000093500000|  0%| F|  |TAMS 0x0000000093400000, 0x0000000093400000| Untracked 
| 309|0x0000000093500000, 0x0000000093500000, 0x0000000093600000|  0%| F|  |TAMS 0x0000000093500000, 0x0000000093500000| Untracked 
| 310|0x0000000093600000, 0x0000000093600000, 0x0000000093700000|  0%| F|  |TAMS 0x0000000093600000, 0x0000000093600000| Untracked 
| 311|0x0000000093700000, 0x0000000093700000, 0x0000000093800000|  0%| F|  |TAMS 0x0000000093700000, 0x0000000093700000| Untracked 
| 312|0x0000000093800000, 0x0000000093800000, 0x0000000093900000|  0%| F|  |TAMS 0x0000000093800000, 0x0000000093800000| Untracked 
| 313|0x0000000093900000, 0x0000000093900000, 0x0000000093a00000|  0%| F|  |TAMS 0x0000000093900000, 0x0000000093900000| Untracked 
| 314|0x0000000093a00000, 0x0000000093a00000, 0x0000000093b00000|  0%| F|  |TAMS 0x0000000093a00000, 0x0000000093a00000| Untracked 
| 315|0x0000000093b00000, 0x0000000093b00000, 0x0000000093c00000|  0%| F|  |TAMS 0x0000000093b00000, 0x0000000093b00000| Untracked 
| 316|0x0000000093c00000, 0x0000000093c00000, 0x0000000093d00000|  0%| F|  |TAMS 0x0000000093c00000, 0x0000000093c00000| Untracked 
| 317|0x0000000093d00000, 0x0000000093d00000, 0x0000000093e00000|  0%| F|  |TAMS 0x0000000093d00000, 0x0000000093d00000| Untracked 
| 318|0x0000000093e00000, 0x0000000093e00000, 0x0000000093f00000|  0%| F|  |TAMS 0x0000000093e00000, 0x0000000093e00000| Untracked 
| 319|0x0000000093f00000, 0x0000000093f00000, 0x0000000094000000|  0%| F|  |TAMS 0x0000000093f00000, 0x0000000093f00000| Untracked 
| 320|0x0000000094000000, 0x0000000094000000, 0x0000000094100000|  0%| F|  |TAMS 0x0000000094000000, 0x0000000094000000| Untracked 
| 321|0x0000000094100000, 0x0000000094100000, 0x0000000094200000|  0%| F|  |TAMS 0x0000000094100000, 0x0000000094100000| Untracked 
| 322|0x0000000094200000, 0x0000000094200000, 0x0000000094300000|  0%| F|  |TAMS 0x0000000094200000, 0x0000000094200000| Untracked 
| 323|0x0000000094300000, 0x0000000094300000, 0x0000000094400000|  0%| F|  |TAMS 0x0000000094300000, 0x0000000094300000| Untracked 
| 324|0x0000000094400000, 0x0000000094400000, 0x0000000094500000|  0%| F|  |TAMS 0x0000000094400000, 0x0000000094400000| Untracked 
| 325|0x0000000094500000, 0x0000000094500000, 0x0000000094600000|  0%| F|  |TAMS 0x0000000094500000, 0x0000000094500000| Untracked 
| 326|0x0000000094600000, 0x0000000094600000, 0x0000000094700000|  0%| F|  |TAMS 0x0000000094600000, 0x0000000094600000| Untracked 
| 327|0x0000000094700000, 0x0000000094700000, 0x0000000094800000|  0%| F|  |TAMS 0x0000000094700000, 0x0000000094700000| Untracked 
| 328|0x0000000094800000, 0x0000000094800000, 0x0000000094900000|  0%| F|  |TAMS 0x0000000094800000, 0x0000000094800000| Untracked 
| 329|0x0000000094900000, 0x0000000094900000, 0x0000000094a00000|  0%| F|  |TAMS 0x0000000094900000, 0x0000000094900000| Untracked 
| 330|0x0000000094a00000, 0x0000000094a00000, 0x0000000094b00000|  0%| F|  |TAMS 0x0000000094a00000, 0x0000000094a00000| Untracked 
| 331|0x0000000094b00000, 0x0000000094b00000, 0x0000000094c00000|  0%| F|  |TAMS 0x0000000094b00000, 0x0000000094b00000| Untracked 
| 332|0x0000000094c00000, 0x0000000094c00000, 0x0000000094d00000|  0%| F|  |TAMS 0x0000000094c00000, 0x0000000094c00000| Untracked 
| 333|0x0000000094d00000, 0x0000000094d00000, 0x0000000094e00000|  0%| F|  |TAMS 0x0000000094d00000, 0x0000000094d00000| Untracked 
| 334|0x0000000094e00000, 0x0000000094e00000, 0x0000000094f00000|  0%| F|  |TAMS 0x0000000094e00000, 0x0000000094e00000| Untracked 
| 335|0x0000000094f00000, 0x0000000094f00000, 0x0000000095000000|  0%| F|  |TAMS 0x0000000094f00000, 0x0000000094f00000| Untracked 
| 336|0x0000000095000000, 0x0000000095000000, 0x0000000095100000|  0%| F|  |TAMS 0x0000000095000000, 0x0000000095000000| Untracked 
| 337|0x0000000095100000, 0x0000000095100000, 0x0000000095200000|  0%| F|  |TAMS 0x0000000095100000, 0x0000000095100000| Untracked 
| 338|0x0000000095200000, 0x0000000095200000, 0x0000000095300000|  0%| F|  |TAMS 0x0000000095200000, 0x0000000095200000| Untracked 
| 339|0x0000000095300000, 0x0000000095300000, 0x0000000095400000|  0%| F|  |TAMS 0x0000000095300000, 0x0000000095300000| Untracked 
| 340|0x0000000095400000, 0x0000000095400000, 0x0000000095500000|  0%| F|  |TAMS 0x0000000095400000, 0x0000000095400000| Untracked 
| 341|0x0000000095500000, 0x0000000095500000, 0x0000000095600000|  0%| F|  |TAMS 0x0000000095500000, 0x0000000095500000| Untracked 
| 342|0x0000000095600000, 0x0000000095600000, 0x0000000095700000|  0%| F|  |TAMS 0x0000000095600000, 0x0000000095600000| Untracked 
| 343|0x0000000095700000, 0x0000000095700000, 0x0000000095800000|  0%| F|  |TAMS 0x0000000095700000, 0x0000000095700000| Untracked 
| 344|0x0000000095800000, 0x0000000095800000, 0x0000000095900000|  0%| F|  |TAMS 0x0000000095800000, 0x0000000095800000| Untracked 
| 345|0x0000000095900000, 0x0000000095900000, 0x0000000095a00000|  0%| F|  |TAMS 0x0000000095900000, 0x0000000095900000| Untracked 
| 346|0x0000000095a00000, 0x0000000095a00000, 0x0000000095b00000|  0%| F|  |TAMS 0x0000000095a00000, 0x0000000095a00000| Untracked 
| 347|0x0000000095b00000, 0x0000000095b00000, 0x0000000095c00000|  0%| F|  |TAMS 0x0000000095b00000, 0x0000000095b00000| Untracked 
| 348|0x0000000095c00000, 0x0000000095c00000, 0x0000000095d00000|  0%| F|  |TAMS 0x0000000095c00000, 0x0000000095c00000| Untracked 
| 349|0x0000000095d00000, 0x0000000095d00000, 0x0000000095e00000|  0%| F|  |TAMS 0x0000000095d00000, 0x0000000095d00000| Untracked 
| 350|0x0000000095e00000, 0x0000000095e00000, 0x0000000095f00000|  0%| F|  |TAMS 0x0000000095e00000, 0x0000000095e00000| Untracked 
| 351|0x0000000095f00000, 0x0000000095f00000, 0x0000000096000000|  0%| F|  |TAMS 0x0000000095f00000, 0x0000000095f00000| Untracked 
| 352|0x0000000096000000, 0x0000000096000000, 0x0000000096100000|  0%| F|  |TAMS 0x0000000096000000, 0x0000000096000000| Untracked 
| 353|0x0000000096100000, 0x0000000096100000, 0x0000000096200000|  0%| F|  |TAMS 0x0000000096100000, 0x0000000096100000| Untracked 
| 354|0x0000000096200000, 0x0000000096200000, 0x0000000096300000|  0%| F|  |TAMS 0x0000000096200000, 0x0000000096200000| Untracked 
| 355|0x0000000096300000, 0x0000000096300000, 0x0000000096400000|  0%| F|  |TAMS 0x0000000096300000, 0x0000000096300000| Untracked 
| 356|0x0000000096400000, 0x0000000096400000, 0x0000000096500000|  0%| F|  |TAMS 0x0000000096400000, 0x0000000096400000| Untracked 
| 357|0x0000000096500000, 0x0000000096500000, 0x0000000096600000|  0%| F|  |TAMS 0x0000000096500000, 0x0000000096500000| Untracked 
| 358|0x0000000096600000, 0x0000000096600000, 0x0000000096700000|  0%| F|  |TAMS 0x0000000096600000, 0x0000000096600000| Untracked 
| 359|0x0000000096700000, 0x0000000096700000, 0x0000000096800000|  0%| F|  |TAMS 0x0000000096700000, 0x0000000096700000| Untracked 
| 360|0x0000000096800000, 0x0000000096800000, 0x0000000096900000|  0%| F|  |TAMS 0x0000000096800000, 0x0000000096800000| Untracked 
| 361|0x0000000096900000, 0x0000000096900000, 0x0000000096a00000|  0%| F|  |TAMS 0x0000000096900000, 0x0000000096900000| Untracked 
| 362|0x0000000096a00000, 0x0000000096a00000, 0x0000000096b00000|  0%| F|  |TAMS 0x0000000096a00000, 0x0000000096a00000| Untracked 
| 363|0x0000000096b00000, 0x0000000096b00000, 0x0000000096c00000|  0%| F|  |TAMS 0x0000000096b00000, 0x0000000096b00000| Untracked 
| 364|0x0000000096c00000, 0x0000000096c00000, 0x0000000096d00000|  0%| F|  |TAMS 0x0000000096c00000, 0x0000000096c00000| Untracked 
| 365|0x0000000096d00000, 0x0000000096d00000, 0x0000000096e00000|  0%| F|  |TAMS 0x0000000096d00000, 0x0000000096d00000| Untracked 
| 366|0x0000000096e00000, 0x0000000096e00000, 0x0000000096f00000|  0%| F|  |TAMS 0x0000000096e00000, 0x0000000096e00000| Untracked 
| 367|0x0000000096f00000, 0x0000000096f00000, 0x0000000097000000|  0%| F|  |TAMS 0x0000000096f00000, 0x0000000096f00000| Untracked 
| 368|0x0000000097000000, 0x0000000097000000, 0x0000000097100000|  0%| F|  |TAMS 0x0000000097000000, 0x0000000097000000| Untracked 
| 369|0x0000000097100000, 0x0000000097100000, 0x0000000097200000|  0%| F|  |TAMS 0x0000000097100000, 0x0000000097100000| Untracked 
| 370|0x0000000097200000, 0x0000000097200000, 0x0000000097300000|  0%| F|  |TAMS 0x0000000097200000, 0x0000000097200000| Untracked 
| 371|0x0000000097300000, 0x0000000097300000, 0x0000000097400000|  0%| F|  |TAMS 0x0000000097300000, 0x0000000097300000| Untracked 
| 372|0x0000000097400000, 0x0000000097400000, 0x0000000097500000|  0%| F|  |TAMS 0x0000000097400000, 0x0000000097400000| Untracked 
| 373|0x0000000097500000, 0x0000000097500000, 0x0000000097600000|  0%| F|  |TAMS 0x0000000097500000, 0x0000000097500000| Untracked 
| 374|0x0000000097600000, 0x0000000097600000, 0x0000000097700000|  0%| F|  |TAMS 0x0000000097600000, 0x0000000097600000| Untracked 
| 375|0x0000000097700000, 0x0000000097700000, 0x0000000097800000|  0%| F|  |TAMS 0x0000000097700000, 0x0000000097700000| Untracked 
| 376|0x0000000097800000, 0x0000000097800000, 0x0000000097900000|  0%| F|  |TAMS 0x0000000097800000, 0x0000000097800000| Untracked 
| 377|0x0000000097900000, 0x0000000097900000, 0x0000000097a00000|  0%| F|  |TAMS 0x0000000097900000, 0x0000000097900000| Untracked 
| 378|0x0000000097a00000, 0x0000000097a00000, 0x0000000097b00000|  0%| F|  |TAMS 0x0000000097a00000, 0x0000000097a00000| Untracked 
| 379|0x0000000097b00000, 0x0000000097b00000, 0x0000000097c00000|  0%| F|  |TAMS 0x0000000097b00000, 0x0000000097b00000| Untracked 
| 380|0x0000000097c00000, 0x0000000097c00000, 0x0000000097d00000|  0%| F|  |TAMS 0x0000000097c00000, 0x0000000097c00000| Untracked 
| 381|0x0000000097d00000, 0x0000000097d00000, 0x0000000097e00000|  0%| F|  |TAMS 0x0000000097d00000, 0x0000000097d00000| Untracked 
| 382|0x0000000097e00000, 0x0000000097e00000, 0x0000000097f00000|  0%| F|  |TAMS 0x0000000097e00000, 0x0000000097e00000| Untracked 
| 383|0x0000000097f00000, 0x0000000097f00000, 0x0000000098000000|  0%| F|  |TAMS 0x0000000097f00000, 0x0000000097f00000| Untracked 
| 384|0x0000000098000000, 0x0000000098000000, 0x0000000098100000|  0%| F|  |TAMS 0x0000000098000000, 0x0000000098000000| Untracked 
| 385|0x0000000098100000, 0x0000000098100000, 0x0000000098200000|  0%| F|  |TAMS 0x0000000098100000, 0x0000000098100000| Untracked 
| 386|0x0000000098200000, 0x0000000098200000, 0x0000000098300000|  0%| F|  |TAMS 0x0000000098200000, 0x0000000098200000| Untracked 
| 387|0x0000000098300000, 0x0000000098300000, 0x0000000098400000|  0%| F|  |TAMS 0x0000000098300000, 0x0000000098300000| Untracked 
| 388|0x0000000098400000, 0x00000000984cb200, 0x0000000098500000| 79%| S|CS|TAMS 0x0000000098400000, 0x0000000098400000| Complete 
| 389|0x0000000098500000, 0x0000000098500000, 0x0000000098600000|  0%| F|  |TAMS 0x0000000098500000, 0x0000000098500000| Untracked 
| 390|0x0000000098600000, 0x0000000098700000, 0x0000000098700000|100%| S|CS|TAMS 0x0000000098600000, 0x0000000098600000| Complete 
| 391|0x0000000098700000, 0x0000000098800000, 0x0000000098800000|100%| S|CS|TAMS 0x0000000098700000, 0x0000000098700000| Complete 
| 392|0x0000000098800000, 0x0000000098800000, 0x0000000098900000|  0%| F|  |TAMS 0x0000000098800000, 0x0000000098800000| Untracked 
| 393|0x0000000098900000, 0x0000000098900000, 0x0000000098a00000|  0%| F|  |TAMS 0x0000000098900000, 0x0000000098900000| Untracked 
| 394|0x0000000098a00000, 0x0000000098ae4be0, 0x0000000098b00000| 89%| E|  |TAMS 0x0000000098a00000, 0x0000000098a00000| Complete 
| 395|0x0000000098b00000, 0x0000000098c00000, 0x0000000098c00000|100%| E|CS|TAMS 0x0000000098b00000, 0x0000000098b00000| Complete 
| 396|0x0000000098c00000, 0x0000000098d00000, 0x0000000098d00000|100%| E|CS|TAMS 0x0000000098c00000, 0x0000000098c00000| Complete 
| 397|0x0000000098d00000, 0x0000000098e00000, 0x0000000098e00000|100%| E|CS|TAMS 0x0000000098d00000, 0x0000000098d00000| Complete 
| 398|0x0000000098e00000, 0x0000000098f00000, 0x0000000098f00000|100%| E|CS|TAMS 0x0000000098e00000, 0x0000000098e00000| Complete 
| 399|0x0000000098f00000, 0x0000000099000000, 0x0000000099000000|100%| E|CS|TAMS 0x0000000098f00000, 0x0000000098f00000| Complete 
| 400|0x0000000099000000, 0x0000000099100000, 0x0000000099100000|100%| E|CS|TAMS 0x0000000099000000, 0x0000000099000000| Complete 
| 401|0x0000000099100000, 0x0000000099200000, 0x0000000099200000|100%| E|CS|TAMS 0x0000000099100000, 0x0000000099100000| Complete 
| 402|0x0000000099200000, 0x0000000099300000, 0x0000000099300000|100%| E|CS|TAMS 0x0000000099200000, 0x0000000099200000| Complete 
| 403|0x0000000099300000, 0x0000000099400000, 0x0000000099400000|100%| E|CS|TAMS 0x0000000099300000, 0x0000000099300000| Complete 
| 404|0x0000000099400000, 0x0000000099500000, 0x0000000099500000|100%| E|CS|TAMS 0x0000000099400000, 0x0000000099400000| Complete 
| 405|0x0000000099500000, 0x0000000099600000, 0x0000000099600000|100%| E|CS|TAMS 0x0000000099500000, 0x0000000099500000| Complete 
| 406|0x0000000099600000, 0x0000000099700000, 0x0000000099700000|100%| E|CS|TAMS 0x0000000099600000, 0x0000000099600000| Complete 
| 407|0x0000000099700000, 0x0000000099800000, 0x0000000099800000|100%| E|  |TAMS 0x0000000099700000, 0x0000000099700000| Complete 
| 408|0x0000000099800000, 0x0000000099900000, 0x0000000099900000|100%| E|CS|TAMS 0x0000000099800000, 0x0000000099800000| Complete 
| 409|0x0000000099900000, 0x0000000099a00000, 0x0000000099a00000|100%| E|CS|TAMS 0x0000000099900000, 0x0000000099900000| Complete 
| 410|0x0000000099a00000, 0x0000000099b00000, 0x0000000099b00000|100%| E|CS|TAMS 0x0000000099a00000, 0x0000000099a00000| Complete 

Card table byte_map: [0x000001efd9150000,0x000001efd9550000] _byte_map_base: 0x000001efd8d50000

Marking Bits (Prev, Next): (CMBitMap*) 0x000001efc1a77da0, (CMBitMap*) 0x000001efc1a77d68
 Prev Bits: [0x000001efdb950000, 0x000001efdd950000)
 Next Bits: [0x000001efd9950000, 0x000001efdb950000)

Polling page: 0x000001efbf940000

Metaspace:

Usage:
  Non-class:     81.15 MB capacity,    79.47 MB ( 98%) used,     1.39 MB (  2%) free+waste,   298.25 KB ( <1%) overhead. 
      Class:     13.33 MB capacity,    12.14 MB ( 91%) used,     1.05 MB (  8%) free+waste,   140.88 KB (  1%) overhead. 
       Both:     94.48 MB capacity,    91.61 MB ( 97%) used,     2.44 MB (  3%) free+waste,   439.13 KB ( <1%) overhead. 

Virtual space:
  Non-class space:       82.00 MB reserved,      81.35 MB (>99%) committed 
      Class space:      504.00 MB reserved,      13.38 MB (  3%) committed 
             Both:      586.00 MB reserved,      94.73 MB ( 16%) committed 

Chunk freelists:
   Non-Class:  2.00 KB
       Class:  1.50 KB
        Both:  3.50 KB

CodeHeap 'non-profiled nmethods': size=120064Kb used=5734Kb max_used=5837Kb free=114329Kb
 bounds [0x000001efd1810000, 0x000001efd1de0000, 0x000001efd8d50000]
CodeHeap 'profiled nmethods': size=120000Kb used=20552Kb max_used=20552Kb free=99447Kb
 bounds [0x000001efca2e0000, 0x000001efcb710000, 0x000001efd1810000]
CodeHeap 'non-nmethods': size=5696Kb used=2304Kb max_used=2363Kb free=3391Kb
 bounds [0x000001efc9d50000, 0x000001efc9fc0000, 0x000001efca2e0000]
 total_blobs=14631 nmethods=9368 adapters=830
 compilation: enabled
              stopped_count=0, restarted_count=0
 full_count=0

Compilation events (10 events):
Event: 1398.111 Thread 0x000001efe063b000 nmethod 10951 0x000001efcb708790 code [0x000001efcb708960, 0x000001efcb708dd8]
Event: 1398.111 Thread 0x000001efe063b000 10952       3       org.codehaus.groovy.reflection.ReflectionUtils$$Lambda$466/0x0000000100555840::run (8 bytes)
Event: 1398.114 Thread 0x000001efe063b000 nmethod 10952 0x000001efcb708f90 code [0x000001efcb7091c0, 0x000001efcb709a20]
Event: 1398.114 Thread 0x000001efe063b000 10953       3       org.codehaus.groovy.reflection.ReflectionUtils::lambda$makeAccessibleInPrivilegedAction$0 (5 bytes)
Event: 1398.115 Thread 0x000001efe063b000 nmethod 10953 0x000001efcb709d90 code [0x000001efcb709fc0, 0x000001efcb70a780]
Event: 1398.963 Thread 0x000001efe0638000 10954       4       java.beans.MethodDescriptor::<init> (48 bytes)
Event: 1399.022 Thread 0x000001efe063b000 10955       3       groovyjarjarasm.asm.MethodWriter::visitFrameStart (55 bytes)
Event: 1399.023 Thread 0x000001efe063b000 nmethod 10955 0x000001efcb70ab10 code [0x000001efcb70ace0, 0x000001efcb70b038]
Event: 1399.023 Thread 0x000001efe063b000 10956       3       groovyjarjarasm.asm.MethodWriter::visitFrameEnd (53 bytes)
Event: 1399.023 Thread 0x000001efe063b000 nmethod 10956 0x000001efcb70b190 code [0x000001efcb70b380, 0x000001efcb70b8b0]

GC Heap History (10 events):
Event: 1372.208 GC heap before
{Heap before GC invocations=166 (full 0):
 garbage-first heap   total 420864K, used 102145K [0x0000000080000000, 0x0000000100000000)
  region size 1024K, 20 young (20480K), 1 survivors (1024K)
 Metaspace       used 90923K, capacity 93437K, committed 93672K, reserved 598016K
  class space    used 12023K, capacity 13071K, committed 13184K, reserved 516096K
}
Event: 1372.245 GC heap after
{Heap after GC invocations=167 (full 0):
 garbage-first heap   total 420864K, used 83780K [0x0000000080000000, 0x0000000100000000)
  region size 1024K, 2 young (2048K), 2 survivors (2048K)
 Metaspace       used 90923K, capacity 93437K, committed 93672K, reserved 598016K
  class space    used 12023K, capacity 13071K, committed 13184K, reserved 516096K
}
Event: 1377.225 GC heap before
{Heap before GC invocations=167 (full 0):
 garbage-first heap   total 420864K, used 101188K [0x0000000080000000, 0x0000000100000000)
  region size 1024K, 20 young (20480K), 2 survivors (2048K)
 Metaspace       used 91567K, capacity 94099K, committed 94184K, reserved 598016K
  class space    used 12123K, capacity 13181K, committed 13184K, reserved 516096K
}
Event: 1377.234 GC heap after
{Heap after GC invocations=168 (full 0):
 garbage-first heap   total 420864K, used 85309K [0x0000000080000000, 0x0000000100000000)
  region size 1024K, 3 young (3072K), 3 survivors (3072K)
 Metaspace       used 91567K, capacity 94099K, committed 94184K, reserved 598016K
  class space    used 12123K, capacity 13181K, committed 13184K, reserved 516096K
}
Event: 1380.256 GC heap before
{Heap before GC invocations=168 (full 0):
 garbage-first heap   total 420864K, used 102717K [0x0000000080000000, 0x0000000100000000)
  region size 1024K, 20 young (20480K), 3 survivors (3072K)
 Metaspace       used 92140K, capacity 94781K, committed 94824K, reserved 598016K
  class space    used 12217K, capacity 13308K, committed 13312K, reserved 516096K
}
Event: 1380.270 GC heap after
{Heap after GC invocations=169 (full 0):
 garbage-first heap   total 420864K, used 87018K [0x0000000080000000, 0x0000000100000000)
  region size 1024K, 3 young (3072K), 3 survivors (3072K)
 Metaspace       used 92140K, capacity 94781K, committed 94824K, reserved 598016K
  class space    used 12217K, capacity 13308K, committed 13312K, reserved 516096K
}
Event: 1383.585 GC heap before
{Heap before GC invocations=169 (full 0):
 garbage-first heap   total 420864K, used 104426K [0x0000000080000000, 0x0000000100000000)
  region size 1024K, 20 young (20480K), 3 survivors (3072K)
 Metaspace       used 92859K, capacity 95537K, committed 95720K, reserved 600064K
  class space    used 12301K, capacity 13428K, committed 13440K, reserved 516096K
}
Event: 1383.613 GC heap after
{Heap after GC invocations=170 (full 0):
 garbage-first heap   total 420864K, used 88764K [0x0000000080000000, 0x0000000100000000)
  region size 1024K, 2 young (2048K), 2 survivors (2048K)
 Metaspace       used 92859K, capacity 95537K, committed 95720K, reserved 600064K
  class space    used 12301K, capacity 13428K, committed 13440K, reserved 516096K
}
Event: 1395.183 GC heap before
{Heap before GC invocations=170 (full 0):
 garbage-first heap   total 420864K, used 107196K [0x0000000080000000, 0x0000000100000000)
  region size 1024K, 20 young (20480K), 2 survivors (2048K)
 Metaspace       used 93481K, capacity 96349K, committed 96616K, reserved 600064K
  class space    used 12389K, capacity 13538K, committed 13568K, reserved 516096K
}
Event: 1395.200 GC heap after
{Heap after GC invocations=171 (full 0):
 garbage-first heap   total 420864K, used 90018K [0x0000000080000000, 0x0000000100000000)
  region size 1024K, 3 young (3072K), 3 survivors (3072K)
 Metaspace       used 93481K, capacity 96349K, committed 96616K, reserved 600064K
  class space    used 12389K, capacity 13538K, committed 13568K, reserved 516096K
}

Deoptimization events (10 events):
Event: 1360.061 Thread 0x000001efe15cc000 Uncommon trap: reason=class_check action=maybe_recompile pc=0x000001efd1ab7f50 method=org.gradle.internal.instantiation.generator.AbstractClassGenerator$InjectionAnnotationValidator.validateMethod(Ljava/lang/reflect/Method;Lorg/gradle/internal/reflect/Pro
Event: 1360.717 Thread 0x000001efe15cc000 Uncommon trap: reason=class_check action=maybe_recompile pc=0x000001efd1ab7f50 method=org.gradle.internal.instantiation.generator.AbstractClassGenerator$InjectionAnnotationValidator.validateMethod(Ljava/lang/reflect/Method;Lorg/gradle/internal/reflect/Pro
Event: 1376.976 Thread 0x000001efe15cc000 Uncommon trap: reason=unstable_if action=reinterpret pc=0x000001efd1a8eba8 method=java.util.stream.AbstractPipeline.<init>(Ljava/util/stream/AbstractPipeline;I)V @ 69 c2
Event: 1380.123 Thread 0x000001efe15cc000 Uncommon trap: reason=unstable_if action=reinterpret pc=0x000001efd1cb9898 method=org.codehaus.groovy.runtime.metaclass.MetaMethodIndex.copyNonPrivateNonNewMetaMethods(Lorg/codehaus/groovy/runtime/metaclass/MetaMethodIndex$Entry;Lorg/codehaus/groovy/runti
Event: 1382.946 Thread 0x000001efe15cc000 Uncommon trap: reason=unstable_if action=reinterpret pc=0x000001efd1d49f30 method=org.gradle.internal.instantiation.generator.AbstractClassGenerator.isNameProperty(Lorg/gradle/internal/instantiation/generator/AbstractClassGenerator$PropertyMetadata;)Z @ 2
Event: 1384.235 Thread 0x000001efe15cc000 Uncommon trap: reason=class_check action=maybe_recompile pc=0x000001efd1c81080 method=java.lang.reflect.Array.newInstance(Ljava/lang/Class;I)Ljava/lang/Object; @ 2 c2
Event: 1384.235 Thread 0x000001efe15cc000 Uncommon trap: reason=unstable_if action=reinterpret pc=0x000001efd1a9232c method=java.lang.Class.getTypeName()Ljava/lang/String; @ 23 c2
Event: 1391.979 Thread 0x000001efe15cc000 Uncommon trap: reason=unstable_if action=reinterpret pc=0x000001efd19d7338 method=org.gradle.internal.reflect.PropertyAccessorType.of(Ljava/lang/reflect/Method;)Lorg/gradle/internal/reflect/PropertyAccessorType; @ 74 c2
Event: 1391.992 Thread 0x000001efe15cc000 Uncommon trap: reason=unstable_if action=reinterpret pc=0x000001efd1d619c4 method=groovy.lang.MetaClassImpl.filterPropertyMethod(Ljava/lang/Object;ZZ)Ljava/lang/Object; @ 80 c2
Event: 1398.071 Thread 0x000001efe15cc000 Uncommon trap: reason=class_check action=maybe_recompile pc=0x000001efd1acaae4 method=java.lang.Class.createAnnotationData(I)Ljava/lang/Class$AnnotationData; @ 103 c2

Classes redefined (0 events):
No events

Internal exceptions (10 events):
Event: 1398.325 Thread 0x000001efe15cc000 Exception <a 'java/lang/ClassNotFoundException'{0x0000000098e36198}: org/gradle/api/internal/artifacts/repositories/AbstractAuthenticationSupportedRepositoryBeanInfo> (0x0000000098e36198) thrown at [c:/sb/prod/1680893669/workspace/open/src/hotspot/share/c
Event: 1398.331 Thread 0x000001efe15cc000 Exception <a 'java/lang/ClassNotFoundException'{0x0000000098e89cd8}: org/gradle/api/internal/artifacts/repositories/AbstractResolutionAwareArtifactRepositoryBeanInfo> (0x0000000098e89cd8) thrown at [c:/sb/prod/1680893669/workspace/open/src/hotspot/share/c
Event: 1398.525 Thread 0x000001efe15cc000 Exception <a 'java/lang/ClassNotFoundException'{0x0000000098ed6ae0}: org/gradle/api/internal/artifacts/repositories/AbstractArtifactRepositoryBeanInfo> (0x0000000098ed6ae0) thrown at [c:/sb/prod/1680893669/workspace/open/src/hotspot/share/classfile/system
Event: 1398.533 Thread 0x000001efe15cc000 Exception <a 'java/lang/ClassNotFoundException'{0x0000000098d26478}: org/gradle/api/internal/artifacts/repositories/AbstractArtifactRepositoryCustomizer> (0x0000000098d26478) thrown at [c:/sb/prod/1680893669/workspace/open/src/hotspot/share/classfile/syst
Event: 1398.551 Thread 0x000001efe15cc000 Exception <a 'java/lang/ClassNotFoundException'{0x0000000098d96740}: org/gradle/api/internal/artifacts/repositories/AbstractResolutionAwareArtifactRepositoryCustomizer> (0x0000000098d96740) thrown at [c:/sb/prod/1680893669/workspace/open/src/hotspot/share
Event: 1398.871 Thread 0x000001efe15cc000 Exception <a 'java/lang/ClassNotFoundException'{0x0000000098df4798}: org/gradle/api/internal/artifacts/repositories/AbstractAuthenticationSupportedRepositoryCustomizer> (0x0000000098df4798) thrown at [c:/sb/prod/1680893669/workspace/open/src/hotspot/share
Event: 1398.976 Thread 0x000001efe15cc000 Exception <a 'java/lang/ClassNotFoundException'{0x0000000098c54f08}: org/gradle/api/internal/artifacts/repositories/DefaultMavenArtifactRepositoryCustomizer> (0x0000000098c54f08) thrown at [c:/sb/prod/1680893669/workspace/open/src/hotspot/share/classfile/
Event: 1398.987 Thread 0x000001efe15cc000 Exception <a 'java/lang/ClassNotFoundException'{0x0000000098cbf580}: org/gradle/api/internal/artifacts/repositories/DefaultMavenArtifactRepository_DecoratedCustomizer> (0x0000000098cbf580) thrown at [c:/sb/prod/1680893669/workspace/open/src/hotspot/share/
Event: 1399.004 Thread 0x000001efe15cc000 Exception <a 'java/lang/ClassNotFoundException'{0x0000000098b312f8}: build_a1fpc669zbndopi2ka89ue00p$_run_closure3BeanInfo> (0x0000000098b312f8) thrown at [c:/sb/prod/1680893669/workspace/open/src/hotspot/share/classfile/systemDictionary.cpp, line 231]
Event: 1399.007 Thread 0x000001efe15cc000 Exception <a 'java/lang/ClassNotFoundException'{0x0000000098b43d88}: build_a1fpc669zbndopi2ka89ue00p$_run_closure3Customizer> (0x0000000098b43d88) thrown at [c:/sb/prod/1680893669/workspace/open/src/hotspot/share/classfile/systemDictionary.cpp, line 231]

Events (10 events):
Event: 1399.003 loading class build_a1fpc669zbndopi2ka89ue00p$_run_closure3BeanInfo
Event: 1399.003 loading class build_a1fpc669zbndopi2ka89ue00p$_run_closure3BeanInfo done
Event: 1399.004 loading class build_a1fpc669zbndopi2ka89ue00p$_run_closure3BeanInfo
Event: 1399.004 loading class build_a1fpc669zbndopi2ka89ue00p$_run_closure3BeanInfo done
Event: 1399.005 loading class build_a1fpc669zbndopi2ka89ue00p$_run_closure3Customizer
Event: 1399.005 loading class build_a1fpc669zbndopi2ka89ue00p$_run_closure3Customizer done
Event: 1399.006 loading class build_a1fpc669zbndopi2ka89ue00p$_run_closure3Customizer
Event: 1399.006 loading class build_a1fpc669zbndopi2ka89ue00p$_run_closure3Customizer done
Event: 1399.029 loading class groovy/lang/GroovyRuntimeException
Event: 1399.029 loading class groovy/lang/GroovyRuntimeException done


Dynamic libraries:
0x00007ff62c5a0000 - 0x00007ff62c5e5000 	C:\Program Files\Java\jdk-11.0.0.1\bin\java.exe
0x00007ffc3df50000 - 0x00007ffc3e148000 	C:\Windows\SYSTEM32\ntdll.dll
0x00007ffc3bfb0000 - 0x00007ffc3c06d000 	C:\Windows\System32\KERNEL32.DLL
0x00007ffc3b9b0000 - 0x00007ffc3bca6000 	C:\Windows\System32\KERNELBASE.dll
0x00007ffc3c8f0000 - 0x00007ffc3ca8e000 	C:\Windows\System32\USER32.dll
0x00007ffc3b930000 - 0x00007ffc3b952000 	C:\Windows\System32\win32u.dll
0x00007ffc3cee0000 - 0x00007ffc3cf0c000 	C:\Windows\System32\GDI32.dll
0x00007ffc3bd90000 - 0x00007ffc3beaa000 	C:\Windows\System32\gdi32full.dll
0x00007ffc3b730000 - 0x00007ffc3b7cd000 	C:\Windows\System32\msvcp_win.dll
0x00007ffc3b630000 - 0x00007ffc3b730000 	C:\Windows\System32\ucrtbase.dll
0x00007ffc29a70000 - 0x00007ffc29d0a000 	C:\Windows\WinSxS\amd64_microsoft.windows.common-controls_6595b64144ccf1df_6.0.19041.1110_none_60b5254171f9507e\COMCTL32.dll
0x00007ffc3c1a0000 - 0x00007ffc3c23e000 	C:\Windows\System32\msvcrt.dll
0x00007ffc3cc40000 - 0x00007ffc3cc70000 	C:\Windows\System32\IMM32.DLL
0x00007ffc36810000 - 0x00007ffc36826000 	C:\Program Files\Java\jdk-11.0.0.1\bin\vcruntime140.dll
0x00007ffc341f0000 - 0x00007ffc3429a000 	C:\Program Files\Java\jdk-11.0.0.1\bin\msvcp140.dll
0x00007ffbc6d80000 - 0x00007ffbc78c3000 	C:\Program Files\Java\jdk-11.0.0.1\bin\server\jvm.dll
0x00007ffc3ccd0000 - 0x00007ffc3cd7e000 	C:\Windows\System32\ADVAPI32.dll
0x00007ffc3c6b0000 - 0x00007ffc3c74c000 	C:\Windows\System32\sechost.dll
0x00007ffc3d710000 - 0x00007ffc3d836000 	C:\Windows\System32\RPCRT4.dll
0x00007ffc3cf30000 - 0x00007ffc3cf38000 	C:\Windows\System32\PSAPI.DLL
0x00007ffc37000000 - 0x00007ffc37009000 	C:\Windows\SYSTEM32\WSOCK32.dll
0x00007ffc3dea0000 - 0x00007ffc3df0b000 	C:\Windows\System32\WS2_32.dll
0x00007ffc26230000 - 0x00007ffc26257000 	C:\Windows\SYSTEM32\WINMM.dll
0x00007ffc2c5b0000 - 0x00007ffc2c5ba000 	C:\Windows\SYSTEM32\VERSION.dll
0x00007ffc39480000 - 0x00007ffc39492000 	C:\Windows\SYSTEM32\kernel.appcore.dll
0x00007ffc365a0000 - 0x00007ffc365b1000 	C:\Program Files\Java\jdk-11.0.0.1\bin\verify.dll
0x00007ffc2ab00000 - 0x00007ffc2ace4000 	C:\Windows\SYSTEM32\DBGHELP.DLL
0x00007ffc2a970000 - 0x00007ffc2a9a4000 	C:\Windows\SYSTEM32\dbgcore.DLL
0x00007ffc3beb0000 - 0x00007ffc3bf32000 	C:\Windows\System32\bcryptPrimitives.dll
0x00007ffc362a0000 - 0x00007ffc362c8000 	C:\Program Files\Java\jdk-11.0.0.1\bin\java.dll
0x00007ffc363a0000 - 0x00007ffc363b6000 	C:\Program Files\Java\jdk-11.0.0.1\bin\zip.dll
0x00007ffc36590000 - 0x00007ffc3659a000 	C:\Program Files\Java\jdk-11.0.0.1\bin\jimage.dll
0x00007ffc3cf40000 - 0x00007ffc3d685000 	C:\Windows\System32\SHELL32.dll
0x00007ffc39680000 - 0x00007ffc39e1b000 	C:\Windows\SYSTEM32\windows.storage.dll
0x00007ffc3dab0000 - 0x00007ffc3de04000 	C:\Windows\System32\combase.dll
0x00007ffc3af90000 - 0x00007ffc3afbe000 	C:\Windows\SYSTEM32\Wldp.dll
0x00007ffc3cd80000 - 0x00007ffc3ce2d000 	C:\Windows\System32\SHCORE.dll
0x00007ffc3d840000 - 0x00007ffc3d895000 	C:\Windows\System32\shlwapi.dll
0x00007ffc3b560000 - 0x00007ffc3b585000 	C:\Windows\SYSTEM32\profapi.dll
0x00007ffc36340000 - 0x00007ffc36359000 	C:\Program Files\Java\jdk-11.0.0.1\bin\net.dll
0x00007ffc31960000 - 0x00007ffc31a6a000 	C:\Windows\SYSTEM32\WINHTTP.dll
0x00007ffc3ad70000 - 0x00007ffc3adda000 	C:\Windows\system32\mswsock.dll
0x00007ffc348c0000 - 0x00007ffc348d3000 	C:\Program Files\Java\jdk-11.0.0.1\bin\nio.dll
0x00007ffc34890000 - 0x00007ffc348b7000 	C:\Users\Samsung\.gradle\native\68d5fa5c4cc2d200863cafc0d521ce42e7d3e7ee720ec0a83991735586a16f82\windows-amd64\native-platform.dll
0x00007ffbc7d80000 - 0x00007ffbc7ec4000 	C:\Users\Samsung\.gradle\native\e376f236ea51e6404a007f0833ffe2c6e607c4080706a723a18a27aeea778392\windows-amd64\native-platform-file-events.dll
0x00007ffc341e0000 - 0x00007ffc341e9000 	C:\Program Files\Java\jdk-11.0.0.1\bin\management.dll
0x00007ffc341d0000 - 0x00007ffc341dc000 	C:\Program Files\Java\jdk-11.0.0.1\bin\management_ext.dll
0x00007ffc3b310000 - 0x00007ffc3b328000 	C:\Windows\SYSTEM32\CRYPTSP.dll
0x00007ffc3a5d0000 - 0x00007ffc3a604000 	C:\Windows\system32\rsaenh.dll
0x00007ffc3bcb0000 - 0x00007ffc3bcd7000 	C:\Windows\System32\bcrypt.dll
0x00007ffc3b520000 - 0x00007ffc3b54e000 	C:\Windows\SYSTEM32\USERENV.dll
0x00007ffc3af00000 - 0x00007ffc3af0c000 	C:\Windows\SYSTEM32\CRYPTBASE.dll
0x00007ffc3aa10000 - 0x00007ffc3aa4b000 	C:\Windows\SYSTEM32\IPHLPAPI.DLL
0x00007ffc3c880000 - 0x00007ffc3c888000 	C:\Windows\System32\NSI.dll
0x00007ffc31bb0000 - 0x00007ffc31bc7000 	C:\Windows\SYSTEM32\dhcpcsvc6.DLL
0x00007ffc33140000 - 0x00007ffc3315d000 	C:\Windows\SYSTEM32\dhcpcsvc.DLL
0x00007ffc3aa70000 - 0x00007ffc3ab3a000 	C:\Windows\SYSTEM32\DNSAPI.dll

dbghelp: loaded successfully - version: 4.0.5 - missing functions: none
symbol engine: initialized successfully - sym options: 0x614 - pdb path: .;C:\Program Files\Java\jdk-11.0.0.1\bin;C:\Windows\SYSTEM32;C:\Windows\WinSxS\amd64_microsoft.windows.common-controls_6595b64144ccf1df_6.0.19041.1110_none_60b5254171f9507e;C:\Program Files\Java\jdk-11.0.0.1\bin\server;C:\Users\Samsung\.gradle\native\68d5fa5c4cc2d200863cafc0d521ce42e7d3e7ee720ec0a83991735586a16f82\windows-amd64;C:\Users\Samsung\.gradle\native\e376f236ea51e6404a007f0833ffe2c6e607c4080706a723a18a27aeea778392\windows-amd64

VM Arguments:
jvm_args: -XX:MaxMetaspaceSize=512m --add-opens=java.base/java.util=ALL-UNNAMED --add-opens=java.base/java.lang=ALL-UNNAMED --add-opens=java.base/java.lang.invoke=ALL-UNNAMED --add-opens=java.prefs/java.util.prefs=ALL-UNNAMED --add-opens=java.base/java.nio.charset=ALL-UNNAMED --add-opens=java.base/java.net=ALL-UNNAMED --add-opens=java.base/java.util.concurrent.atomic=ALL-UNNAMED -Xmx2048m -Dfile.encoding=windows-1252 -Duser.country=BR -Duser.language=pt -Duser.variant 
java_command: org.gradle.launcher.daemon.bootstrap.GradleDaemon 8.0.1
java_class_path (initial): C:\Users\Samsung\.gradle\wrapper\dists\gradle-8.0.1-all\aro4hu1c3oeioove7l0i4i14o\gradle-8.0.1\lib\gradle-launcher-8.0.1.jar
Launcher Type: SUN_STANDARD

[Global flags]
     intx CICompilerCount                          = 3                                         {product} {ergonomic}
   size_t CompressedClassSpaceSize                 = 528482304                                 {product} {ergonomic}
     uint ConcGCThreads                            = 1                                         {product} {ergonomic}
     uint G1ConcRefinementThreads                  = 4                                         {product} {ergonomic}
   size_t G1HeapRegionSize                         = 1048576                                   {product} {ergonomic}
    uintx GCDrainStackTargetSize                   = 64                                        {product} {ergonomic}
   size_t InitialHeapSize                          = 65011712                                  {product} {ergonomic}
   size_t MarkStackSize                            = 4194304                                   {product} {ergonomic}
   size_t MaxHeapSize                              = 2147483648                                {product} {command line}
   size_t MaxMetaspaceSize                         = 536870912                                 {product} {command line}
   size_t MaxNewSize                               = 1287651328                                {product} {ergonomic}
   size_t MinHeapDeltaBytes                        = 1048576                                   {product} {ergonomic}
    uintx NonNMethodCodeHeapSize                   = 5830092                                {pd product} {ergonomic}
    uintx NonProfiledCodeHeapSize                  = 122914074                              {pd product} {ergonomic}
    uintx ProfiledCodeHeapSize                     = 122914074                              {pd product} {ergonomic}
    uintx ReservedCodeCacheSize                    = 251658240                              {pd product} {ergonomic}
     bool SegmentedCodeCache                       = true                                      {product} {ergonomic}
     bool UseCompressedClassPointers               = true                                 {lp64_product} {ergonomic}
     bool UseCompressedOops                        = true                                 {lp64_product} {ergonomic}
     bool UseG1GC                                  = true                                      {product} {ergonomic}
     bool UseLargePagesIndividualAllocation        = false                                  {pd product} {ergonomic}

Logging:
Log output configuration:
 #0: stdout all=warning uptime,level,tags
 #1: stderr all=off uptime,level,tags

Environment Variables:
JAVA_HOME=C:\Program Files\Java\jdk-11.0.0.1
CLASSPATH=C:\Users\Samsung\Desktop\App-de-Mensagens\android\\gradle\wrapper\gradle-wrapper.jar
PATH=C:\Users\Samsung\Desktop\App-de-Mensagens\node_modules\.bin;C:\Users\Samsung\Desktop\App-de-Mensagens\node_modules\.bin;C:\Users\Samsung\Desktop\node_modules\.bin;C:\Users\Samsung\node_modules\.bin;C:\Users\node_modules\.bin;C:\node_modules\.bin;C:\Users\Samsung\AppData\Roaming\npm\node_modules\npm\node_modules\@npmcli\run-script\lib\node-gyp-bin;C:\Users\Samsung\Desktop\App-de-Mensagens\node_modules\.bin;C:\Users\Samsung\Desktop\node_modules\.bin;C:\Users\Samsung\node_modules\.bin;C:\Users\node_modules\.bin;C:\node_modules\.bin;C:\Users\Samsung\AppData\Roaming\npm\node_modules\npm\node_modules\@npmcli\run-script\lib\node-gyp-bin;C:\Program Files\Common Files\Oracle\Java\javapath;C:\Program Files\Microsoft SDKs\Azure\CLI2\wbin;C:\Windows\system32;C:\Windows;C:\Windows\System32\Wbem;C:\Windows\System32\WindowsPowerShell\v1.0\;C:\Windows\System32\OpenSSH\;C:\Program Files\nodejs\;C:\Program Files\Git\cmd;C:\Program Files\Microsoft SQL Server\150\Tools\Binn\;C:\Program Files\Microsoft SQL Server\Client SDK\ODBC\170\Tools\Binn\;C:\Program Files\dotnet\;C:\Users\Samsung\.console-ninja\.bin;C:\Users\Samsung\AppData\Local\Microsoft\WindowsApps;C:\Users\Samsung\AppData\Local\Programs\Microsoft VS Code\bin;C:\Users\Samsung\AppData\Roaming\npm;C:\Users\Samsung\.dotnet\tools;C:\platform-tools;C:\Program Files\Java\jdk-11.0.0.1\bin;;C:\Program Files\JetBrains\IntelliJ IDEA 2023.2.2\bin;
USERNAME=Samsung
OS=Windows_NT
PROCESSOR_IDENTIFIER=Intel64 Family 6 Model 37 Stepping 5, GenuineIntel



---------------  S Y S T E M  ---------------

OS: Windows 10 , 64 bit Build 19041 (10.0.19041.3393)

CPU:total 4 (initial active 4) (2 cores per cpu, 2 threads per core) family 6 model 37 stepping 5, cmov, cx8, fxsr, mmx, sse, sse2, sse3, ssse3, sse4.1, sse4.2, popcnt, ht, tsc, tscinvbit

Memory: 4k page, system-wide physical 3892M (72M free)
TotalPageFile size 15668M (AvailPageFile size 7M)
current process WorkingSet (physical memory assigned to process): 193M, peak: 244M
current process commit charge ("private bytes"): 699M, peak: 701M

vm_info: OpenJDK 64-Bit Server VM (11.0.0.1+3-5) for windows-amd64 JRE (11.0.0.1+3-5), built on Apr  7 2023 19:59:13 by "mach5one" with MS VC++ 15.5 (VS2017)

END.
