#
# There is insufficient memory for the Java Runtime Environment to continue.
# Native memory allocation (malloc) failed to allocate 1490256 bytes for Chunk::new
# Possible reasons:
#   The system is out of physical RAM or swap space
#   The process is running with CompressedOops enabled, and the Java Heap may be blocking the growth of the native heap
# Possible solutions:
#   Reduce memory load on the system
#   Increase physical memory or swap space
#   Check if swap backing store is full
#   Decrease Java heap size (-Xmx/-Xms)
#   Decrease number of Java threads
#   Decrease Java thread stack sizes (-Xss)
#   Set larger code cache with -XX:ReservedCodeCacheSize=
#   JVM is running with Unscaled Compressed Oops mode in which the Java heap is
#     placed in the first 4GB address space. The Java Heap base address is the
#     maximum limit for the native heap growth. Please use -XX:HeapBaseMinAddress
#     to set the Java Heap base and to place the Java Heap above 4GB virtual address.
# This output file may be truncated or incomplete.
#
#  Out of Memory Error (c:/sb/prod/1680893669/workspace/open/src/hotspot/share/memory/arena.cpp:197), pid=12416, tid=14492
#
# JRE version: OpenJDK Runtime Environment (11.0.1+3) (build 11.0.0.1+3-5)
# Java VM: OpenJDK 64-Bit Server VM (11.0.0.1+3-5, mixed mode, tiered, compressed oops, g1 gc, windows-amd64)
# No core dump will be written. Minidumps are not enabled by default on client versions of Windows
#

---------------  S U M M A R Y ------------

Command Line: -XX:MaxMetaspaceSize=512m --add-opens=java.base/java.util=ALL-UNNAMED --add-opens=java.base/java.lang=ALL-UNNAMED --add-opens=java.base/java.lang.invoke=ALL-UNNAMED --add-opens=java.prefs/java.util.prefs=ALL-UNNAMED --add-opens=java.base/java.nio.charset=ALL-UNNAMED --add-opens=java.base/java.net=ALL-UNNAMED --add-opens=java.base/java.util.concurrent.atomic=ALL-UNNAMED -Xmx2048m -Dfile.encoding=windows-1252 -Duser.country=BR -Duser.language=pt -Duser.variant org.gradle.launcher.daemon.bootstrap.GradleDaemon 8.0.1

Host: Intel(R) Core(TM) i3 CPU       M 380  @ 2.53GHz, 4 cores, 3G,  Windows 10 , 64 bit Build 19041 (10.0.19041.3393)
Time: Mon Sep 25 18:08:27 2023 Hora oficial do Brasil elapsed time: 1391 seconds (0d 0h 23m 11s)

---------------  T H R E A D  ---------------

Current thread (0x00000250e7916000):  JavaThread "C2 CompilerThread0" daemon [_thread_in_native, id=14492, stack(0x0000008280f00000,0x0000008281000000)]


Current CompileTask:
C2:1391304 11219       4       java.lang.Module::implIsExportedOrOpen (92 bytes)

Stack: [0x0000008280f00000,0x0000008281000000]
Native frames: (J=compiled Java code, j=interpreted, Vv=VM code, C=native code)
V  [jvm.dll+0x63adaa]
V  [jvm.dll+0x77852f]
V  [jvm.dll+0x779b18]
V  [jvm.dll+0x77a1d3]
V  [jvm.dll+0x2624c8]
V  [jvm.dll+0xc5b61]
V  [jvm.dll+0xc60fc]
V  [jvm.dll+0x36e692]
V  [jvm.dll+0x33b433]
V  [jvm.dll+0x33a80a]
V  [jvm.dll+0x21c365]
V  [jvm.dll+0x21b50a]
V  [jvm.dll+0x198400]
V  [jvm.dll+0x22a4ff]
V  [jvm.dll+0x228b18]
V  [jvm.dll+0x73dc3d]
V  [jvm.dll+0x639e42]
C  [ucrtbase.dll+0x21bb2]
C  [KERNEL32.DLL+0x17344]
C  [ntdll.dll+0x526b1]


---------------  P R O C E S S  ---------------

Threads class SMR info:
_java_thread_list=0x00000250ec74af60, length=84, elements={
0x00000250c8598800, 0x00000250e78b1800, 0x00000250e78b5000, 0x00000250e7912000,
0x00000250e7913000, 0x00000250e7916000, 0x00000250e795c800, 0x00000250e795d000,
0x00000250e7ba8800, 0x00000250e7bae000, 0x00000250ea541800, 0x00000250e8a3b800,
0x00000250e7e51800, 0x00000250e82f5000, 0x00000250e88a0800, 0x00000250e7d32000,
0x00000250e8687800, 0x00000250e83dd800, 0x00000250e8e9d000, 0x00000250e8ea0000,
0x00000250e8e9d800, 0x00000250e8e9f000, 0x00000250e8e9e800, 0x00000250e8e9a800,
0x00000250e8e9c000, 0x00000250e8ea1000, 0x00000250e90d9800, 0x00000250e90da000,
0x00000250e90d4800, 0x00000250e90d8800, 0x00000250e90d6000, 0x00000250e90d7000,
0x00000250e90d7800, 0x00000250e90db800, 0x00000250e90e1800, 0x00000250e90de000,
0x00000250e90e0800, 0x00000250e90dd800, 0x00000250e90df000, 0x00000250e90e2000,
0x00000250e90dc800, 0x00000250e90e3000, 0x00000250e8e9b000, 0x00000250ec86f000,
0x00000250ec869000, 0x00000250ec86d000, 0x00000250ec86e000, 0x00000250ec86f800,
0x00000250ec86a000, 0x00000250ec870800, 0x00000250ec86b000, 0x00000250ec871800,
0x00000250ec86b800, 0x00000250ec872000, 0x00000250ec86c800, 0x00000250ec878000,
0x00000250ec874000, 0x00000250ec873000, 0x00000250ec874800, 0x00000250ec875800,
0x00000250ec876000, 0x00000250ec877000, 0x00000250e956f800, 0x00000250e9572800,
0x00000250e9573800, 0x00000250e956e000, 0x00000250e9574800, 0x00000250e956e800,
0x00000250e9576800, 0x00000250e9575000, 0x00000250e9571000, 0x00000250e9577800,
0x00000250e9572000, 0x00000250e9578800, 0x00000250e957b000, 0x00000250e9576000,
0x00000250e957c800, 0x00000250e9579000, 0x00000250e957a000, 0x00000250e957b800,
0x00000250ea859800, 0x00000250ea85b800, 0x00000250ea85a800, 0x00000250ea858000
}

Java Threads: ( => current thread )
  0x00000250c8598800 JavaThread "main" [_thread_blocked, id=13248, stack(0x0000008280400000,0x0000008280500000)]
  0x00000250e78b1800 JavaThread "Reference Handler" daemon [_thread_blocked, id=14456, stack(0x0000008280b00000,0x0000008280c00000)]
  0x00000250e78b5000 JavaThread "Finalizer" daemon [_thread_blocked, id=14460, stack(0x0000008280c00000,0x0000008280d00000)]
  0x00000250e7912000 JavaThread "Signal Dispatcher" daemon [_thread_blocked, id=14484, stack(0x0000008280d00000,0x0000008280e00000)]
  0x00000250e7913000 JavaThread "Attach Listener" daemon [_thread_blocked, id=14488, stack(0x0000008280e00000,0x0000008280f00000)]
=>0x00000250e7916000 JavaThread "C2 CompilerThread0" daemon [_thread_in_native, id=14492, stack(0x0000008280f00000,0x0000008281000000)]
  0x00000250e795c800 JavaThread "C1 CompilerThread0" daemon [_thread_in_native, id=14496, stack(0x0000008281000000,0x0000008281100000)]
  0x00000250e795d000 JavaThread "Sweeper thread" daemon [_thread_blocked, id=14528, stack(0x0000008281100000,0x0000008281200000)]
  0x00000250e7ba8800 JavaThread "Common-Cleaner" daemon [_thread_blocked, id=14648, stack(0x0000008281200000,0x0000008281300000)]
  0x00000250e7bae000 JavaThread "Service Thread" daemon [_thread_blocked, id=14652, stack(0x0000008281300000,0x0000008281400000)]
  0x00000250ea541800 JavaThread "Daemon health stats" [_thread_in_Java, id=13940, stack(0x0000008281600000,0x0000008281700000)]
  0x00000250e8a3b800 JavaThread "Incoming local TCP Connector on port 51015" [_thread_in_native, id=5544, stack(0x0000008281700000,0x0000008281800000)]
  0x00000250e7e51800 JavaThread "Daemon periodic checks" [_thread_blocked, id=13368, stack(0x0000008281800000,0x0000008281900000)]
  0x00000250e82f5000 JavaThread "Daemon" [_thread_blocked, id=14004, stack(0x0000008281b00000,0x0000008281c00000)]
  0x00000250e88a0800 JavaThread "Handler for socket connection from /127.0.0.1:51015 to /127.0.0.1:51020" [_thread_in_native, id=13968, stack(0x0000008281c00000,0x0000008281d00000)]
  0x00000250e7d32000 JavaThread "Cancel handler" [_thread_blocked, id=4628, stack(0x0000008281d00000,0x0000008281e00000)]
  0x00000250e8687800 JavaThread "Daemon worker" [_thread_blocked, id=14860, stack(0x0000008281e00000,0x0000008281f00000)]
  0x00000250e83dd800 JavaThread "Asynchronous log dispatcher for DefaultDaemonConnection: socket connection from /127.0.0.1:51015 to /127.0.0.1:51020" [_thread_blocked, id=14792, stack(0x0000008281f00000,0x0000008282000000)]
  0x00000250e8e9d000 JavaThread "Daemon client event forwarder" [_thread_blocked, id=14816, stack(0x0000008282100000,0x0000008282200000)]
  0x00000250e8ea0000 JavaThread "Cache worker for journal cache (C:\Users\Samsung\.gradle\caches\journal-1)" [_thread_blocked, id=14820, stack(0x0000008280200000,0x0000008280300000)]
  0x00000250e8e9d800 JavaThread "File lock request listener" [_thread_in_native, id=15136, stack(0x0000008280300000,0x0000008280400000)]
  0x00000250e8e9f000 JavaThread "Cache worker for file hash cache (C:\Users\Samsung\.gradle\caches\8.0.1\fileHashes)" [_thread_blocked, id=15508, stack(0x0000008282500000,0x0000008282600000)]
  0x00000250e8e9e800 JavaThread "File watcher server" daemon [_thread_in_native, id=15988, stack(0x0000008282600000,0x0000008282700000)]
  0x00000250e8e9a800 JavaThread "File watcher consumer" daemon [_thread_blocked, id=16000, stack(0x0000008282700000,0x0000008282800000)]
  0x00000250e8e9c000 JavaThread "Cache worker for checksums cache (C:\Users\Samsung\Desktop\App-de-Mensagens\android\.gradle\8.0.1\checksums)" [_thread_blocked, id=16084, stack(0x0000008282800000,0x0000008282900000)]
  0x00000250e8ea1000 JavaThread "Cache worker for cache directory md-rule (C:\Users\Samsung\.gradle\caches\8.0.1\md-rule)" [_thread_blocked, id=16092, stack(0x0000008282900000,0x0000008282a00000)]
  0x00000250e90d9800 JavaThread "Cache worker for file content cache (C:\Users\Samsung\.gradle\caches\8.0.1\fileContent)" [_thread_blocked, id=16096, stack(0x0000008282a00000,0x0000008282b00000)]
  0x00000250e90da000 JavaThread "Cache worker for file hash cache (C:\Users\Samsung\Desktop\App-de-Mensagens\android\.gradle\8.0.1\fileHashes)" [_thread_blocked, id=16156, stack(0x0000008282b00000,0x0000008282c00000)]
  0x00000250e90d4800 JavaThread "Cache worker for cache directory md-supplier (C:\Users\Samsung\.gradle\caches\8.0.1\md-supplier)" [_thread_blocked, id=16160, stack(0x0000008282c00000,0x0000008282d00000)]
  0x00000250e90d8800 JavaThread "Cache worker for execution history cache (C:\Users\Samsung\.gradle\caches\8.0.1\executionHistory)" [_thread_blocked, id=16208, stack(0x0000008282d00000,0x0000008282e00000)]
  0x00000250e90d6000 JavaThread "jar transforms" [_thread_blocked, id=15908, stack(0x0000008282000000,0x0000008282100000)]
  0x00000250e90d7000 JavaThread "jar transforms Thread 2" [_thread_blocked, id=15744, stack(0x0000008282e00000,0x0000008282f00000)]
  0x00000250e90d7800 JavaThread "jar transforms Thread 3" [_thread_blocked, id=12680, stack(0x0000008282f00000,0x0000008283000000)]
  0x00000250e90db800 JavaThread "jar transforms Thread 4" [_thread_blocked, id=4856, stack(0x0000008283000000,0x0000008283100000)]
  0x00000250e90e1800 JavaThread "Cache worker for kotlin-dsl (C:\Users\Samsung\.gradle\caches\8.0.1\kotlin-dsl)" [_thread_blocked, id=16576, stack(0x0000008282300000,0x0000008282400000)]
  0x00000250e90de000 JavaThread "Cache worker for dependencies-accessors (C:\Users\Samsung\Desktop\App-de-Mensagens\android\.gradle\8.0.1\dependencies-accessors)" [_thread_blocked, id=16408, stack(0x0000008282400000,0x0000008282500000)]
  0x00000250e90e0800 JavaThread "Cache worker for Build Output Cleanup Cache (C:\Users\Samsung\Desktop\App-de-Mensagens\node_modules\@react-native\gradle-plugin\.gradle\buildOutputCleanup)" [_thread_blocked, id=15708, stack(0x0000008283100000,0x0000008283200000)]
  0x00000250e90dd800 JavaThread "Unconstrained build operations" [_thread_blocked, id=14072, stack(0x0000008283200000,0x0000008283300000)]
  0x00000250e90df000 JavaThread "Unconstrained build operations Thread 2" [_thread_blocked, id=13944, stack(0x0000008283300000,0x0000008283400000)]
  0x00000250e90e2000 JavaThread "Unconstrained build operations Thread 3" [_thread_blocked, id=12544, stack(0x0000008283400000,0x0000008283500000)]
  0x00000250e90dc800 JavaThread "Unconstrained build operations Thread 4" [_thread_blocked, id=16768, stack(0x0000008283500000,0x0000008283600000)]
  0x00000250e90e3000 JavaThread "Unconstrained build operations Thread 5" [_thread_blocked, id=16452, stack(0x0000008283600000,0x0000008283700000)]
  0x00000250e8e9b000 JavaThread "Unconstrained build operations Thread 6" [_thread_blocked, id=4432, stack(0x0000008283700000,0x0000008283800000)]
  0x00000250ec86f000 JavaThread "Unconstrained build operations Thread 7" [_thread_blocked, id=17284, stack(0x0000008283800000,0x0000008283900000)]
  0x00000250ec869000 JavaThread "Unconstrained build operations Thread 8" [_thread_blocked, id=17412, stack(0x0000008283900000,0x0000008283a00000)]
  0x00000250ec86d000 JavaThread "Unconstrained build operations Thread 9" [_thread_blocked, id=17416, stack(0x0000008283a00000,0x0000008283b00000)]
  0x00000250ec86e000 JavaThread "Unconstrained build operations Thread 10" [_thread_blocked, id=17420, stack(0x0000008283b00000,0x0000008283c00000)]
  0x00000250ec86f800 JavaThread "Unconstrained build operations Thread 11" [_thread_blocked, id=17424, stack(0x0000008283c00000,0x0000008283d00000)]
  0x00000250ec86a000 JavaThread "Unconstrained build operations Thread 12" [_thread_blocked, id=17428, stack(0x0000008283d00000,0x0000008283e00000)]
  0x00000250ec870800 JavaThread "Unconstrained build operations Thread 13" [_thread_blocked, id=17432, stack(0x0000008283e00000,0x0000008283f00000)]
  0x00000250ec86b000 JavaThread "Unconstrained build operations Thread 14" [_thread_blocked, id=17436, stack(0x0000008283f00000,0x0000008284000000)]
  0x00000250ec871800 JavaThread "Unconstrained build operations Thread 15" [_thread_blocked, id=17440, stack(0x0000008284000000,0x0000008284100000)]
  0x00000250ec86b800 JavaThread "Unconstrained build operations Thread 16" [_thread_blocked, id=17444, stack(0x0000008284100000,0x0000008284200000)]
  0x00000250ec872000 JavaThread "Unconstrained build operations Thread 17" [_thread_blocked, id=17448, stack(0x0000008284200000,0x0000008284300000)]
  0x00000250ec86c800 JavaThread "Unconstrained build operations Thread 18" [_thread_blocked, id=17452, stack(0x0000008284300000,0x0000008284400000)]
  0x00000250ec878000 JavaThread "Unconstrained build operations Thread 19" [_thread_blocked, id=17456, stack(0x0000008284400000,0x0000008284500000)]
  0x00000250ec874000 JavaThread "Unconstrained build operations Thread 20" [_thread_blocked, id=17460, stack(0x0000008284500000,0x0000008284600000)]
  0x00000250ec873000 JavaThread "Unconstrained build operations Thread 21" [_thread_blocked, id=17464, stack(0x0000008284600000,0x0000008284700000)]
  0x00000250ec874800 JavaThread "Unconstrained build operations Thread 22" [_thread_blocked, id=17468, stack(0x0000008284700000,0x0000008284800000)]
  0x00000250ec875800 JavaThread "Unconstrained build operations Thread 23" [_thread_blocked, id=17472, stack(0x0000008284800000,0x0000008284900000)]
  0x00000250ec876000 JavaThread "Unconstrained build operations Thread 24" [_thread_blocked, id=17476, stack(0x0000008284900000,0x0000008284a00000)]
  0x00000250ec877000 JavaThread "Unconstrained build operations Thread 25" [_thread_blocked, id=17480, stack(0x0000008284a00000,0x0000008284b00000)]
  0x00000250e956f800 JavaThread "Unconstrained build operations Thread 26" [_thread_blocked, id=17484, stack(0x0000008284b00000,0x0000008284c00000)]
  0x00000250e9572800 JavaThread "Memory manager" [_thread_blocked, id=17988, stack(0x0000008284c00000,0x0000008284d00000)]
  0x00000250e9573800 JavaThread "Cache worker for Build Output Cleanup Cache (C:\Users\Samsung\Desktop\App-de-Mensagens\android\.gradle\buildOutputCleanup)" [_thread_blocked, id=2092, stack(0x0000008284d00000,0x0000008284e00000)]
  0x00000250e956e000 JavaThread "Execution worker" [_thread_blocked, id=8916, stack(0x0000008284f00000,0x0000008285000000)]
  0x00000250e9574800 JavaThread "Execution worker Thread 2" [_thread_blocked, id=18008, stack(0x0000008285000000,0x0000008285100000)]
  0x00000250e956e800 JavaThread "Execution worker Thread 3" [_thread_blocked, id=8040, stack(0x0000008285100000,0x0000008285200000)]
  0x00000250e9576800 JavaThread "Cache worker for execution history cache (C:\Users\Samsung\Desktop\App-de-Mensagens\node_modules\@react-native\gradle-plugin\.gradle\8.0.1\executionHistory)" [_thread_blocked, id=18020, stack(0x0000008285200000,0x0000008285300000)]
  0x00000250e9575000 JavaThread "Unconstrained build operations Thread 27" [_thread_blocked, id=8468, stack(0x0000008285300000,0x0000008285400000)]
  0x00000250e9571000 JavaThread "Unconstrained build operations Thread 28" [_thread_blocked, id=18428, stack(0x0000008285400000,0x0000008285500000)]
  0x00000250e9577800 JavaThread "Unconstrained build operations Thread 29" [_thread_blocked, id=16556, stack(0x0000008285500000,0x0000008285600000)]
  0x00000250e9572000 JavaThread "Unconstrained build operations Thread 30" [_thread_blocked, id=7572, stack(0x0000008285600000,0x0000008285700000)]
  0x00000250e9578800 JavaThread "Unconstrained build operations Thread 31" [_thread_blocked, id=18332, stack(0x0000008285700000,0x0000008285800000)]
  0x00000250e957b000 JavaThread "Unconstrained build operations Thread 32" [_thread_blocked, id=18336, stack(0x0000008285800000,0x0000008285900000)]
  0x00000250e9576000 JavaThread "Unconstrained build operations Thread 33" [_thread_blocked, id=18340, stack(0x0000008285900000,0x0000008285a00000)]
  0x00000250e957c800 JavaThread "Unconstrained build operations Thread 34" [_thread_blocked, id=17864, stack(0x0000008285a00000,0x0000008285b00000)]
  0x00000250e9579000 JavaThread "Unconstrained build operations Thread 35" [_thread_blocked, id=15916, stack(0x0000008285b00000,0x0000008285c00000)]
  0x00000250e957a000 JavaThread "Unconstrained build operations Thread 36" [_thread_blocked, id=17852, stack(0x0000008285c00000,0x0000008285d00000)]
  0x00000250e957b800 JavaThread "Unconstrained build operations Thread 37" [_thread_blocked, id=16496, stack(0x0000008285d00000,0x0000008285e00000)]
  0x00000250ea859800 JavaThread "Unconstrained build operations Thread 38" [_thread_blocked, id=16836, stack(0x0000008285e00000,0x0000008285f00000)]
  0x00000250ea85b800 JavaThread "Unconstrained build operations Thread 39" [_thread_blocked, id=15172, stack(0x0000008285f00000,0x0000008286000000)]
  0x00000250ea85a800 JavaThread "Unconstrained build operations Thread 40" [_thread_blocked, id=18244, stack(0x0000008286000000,0x0000008286100000)]
  0x00000250ea858000 JavaThread "File lock release action executor Thread 4" [_thread_blocked, id=11904, stack(0x0000008282200000,0x0000008282300000)]

Other Threads:
  0x00000250e78a8000 VMThread "VM Thread" [stack: 0x0000008280a00000,0x0000008280b00000] [id=14440]
  0x00000250e7be8800 WatcherThread [stack: 0x0000008281400000,0x0000008281500000] [id=14692]
  0x00000250c85af800 GCTaskThread "GC Thread#0" [stack: 0x0000008280500000,0x0000008280600000] [id=14392]
  0x00000250e7e88000 GCTaskThread "GC Thread#1" [stack: 0x0000008281500000,0x0000008281600000] [id=15152]
  0x00000250e93b1000 GCTaskThread "GC Thread#2" [stack: 0x0000008281900000,0x0000008281a00000] [id=1540]
  0x00000250e8af4000 GCTaskThread "GC Thread#3" [stack: 0x0000008281a00000,0x0000008281b00000] [id=11212]
  0x00000250c85e0800 ConcurrentGCThread "G1 Main Marker" [stack: 0x0000008280600000,0x0000008280700000] [id=14396]
  0x00000250c85e2000 ConcurrentGCThread "G1 Conc#0" [stack: 0x0000008280700000,0x0000008280800000] [id=14400]
  0x00000250c863a800 ConcurrentGCThread "G1 Refine#0" [stack: 0x0000008280800000,0x0000008280900000] [id=14404]
  0x00000250c863b800 ConcurrentGCThread "G1 Young RemSet Sampling" [stack: 0x0000008280900000,0x0000008280a00000] [id=14408]

Threads with active compile tasks:
C2 CompilerThread011219       4       java.lang.Module::implIsExportedOrOpen (92 bytes)

VM state:not at safepoint (normal execution)

VM Mutex/Monitor currently owned by a thread: None

Heap address: 0x0000000080000000, size: 2048 MB, Compressed Oops mode: 32-bit
Narrow klass base: 0x0000000000000000, Narrow klass shift: 3
Compressed class space size: 528482304 Address: 0x0000000100000000

Heap:
 garbage-first heap   total 131072K, used 106787K [0x0000000080000000, 0x0000000100000000)
  region size 1024K, 7 young (7168K), 1 survivors (1024K)
 Metaspace       used 94776K, capacity 97818K, committed 97968K, reserved 602112K
  class space    used 12626K, capacity 13809K, committed 13824K, reserved 516096K
Heap Regions: E=young(eden), S=young(survivor), O=old, HS=humongous(starts), HC=humongous(continues), CS=collection set, F=free, A=archive, TAMS=top-at-mark-start (previous, next)
|   0|0x0000000080000000, 0x0000000080100000, 0x0000000080100000|100%| O|  |TAMS 0x0000000080100000, 0x0000000080000000| Untracked 
|   1|0x0000000080100000, 0x0000000080200000, 0x0000000080200000|100%| O|  |TAMS 0x0000000080200000, 0x0000000080100000| Untracked 
|   2|0x0000000080200000, 0x0000000080300000, 0x0000000080300000|100%|HS|  |TAMS 0x0000000080300000, 0x0000000080200000| Complete 
|   3|0x0000000080300000, 0x0000000080400000, 0x0000000080400000|100%|HC|  |TAMS 0x0000000080400000, 0x0000000080300000| Complete 
|   4|0x0000000080400000, 0x0000000080500000, 0x0000000080500000|100%|HC|  |TAMS 0x0000000080500000, 0x0000000080400000| Complete 
|   5|0x0000000080500000, 0x0000000080600000, 0x0000000080600000|100%|HC|  |TAMS 0x0000000080600000, 0x0000000080500000| Complete 
|   6|0x0000000080600000, 0x0000000080700000, 0x0000000080700000|100%| O|  |TAMS 0x0000000080700000, 0x0000000080600000| Untracked 
|   7|0x0000000080700000, 0x0000000080800000, 0x0000000080800000|100%| O|  |TAMS 0x0000000080800000, 0x0000000080700000| Untracked 
|   8|0x0000000080800000, 0x0000000080900000, 0x0000000080900000|100%| O|  |TAMS 0x0000000080900000, 0x0000000080800000| Untracked 
|   9|0x0000000080900000, 0x0000000080a00000, 0x0000000080a00000|100%| O|  |TAMS 0x0000000080a00000, 0x0000000080900000| Untracked 
|  10|0x0000000080a00000, 0x0000000080b00000, 0x0000000080b00000|100%| O|  |TAMS 0x0000000080b00000, 0x0000000080a00000| Untracked 
|  11|0x0000000080b00000, 0x0000000080c00000, 0x0000000080c00000|100%| O|  |TAMS 0x0000000080c00000, 0x0000000080b00000| Untracked 
|  12|0x0000000080c00000, 0x0000000080d00000, 0x0000000080d00000|100%| O|  |TAMS 0x0000000080d00000, 0x0000000080c00000| Untracked 
|  13|0x0000000080d00000, 0x0000000080e00000, 0x0000000080e00000|100%| O|  |TAMS 0x0000000080e00000, 0x0000000080d00000| Untracked 
|  14|0x0000000080e00000, 0x0000000080f00000, 0x0000000080f00000|100%| O|  |TAMS 0x0000000080f00000, 0x0000000080e00000| Untracked 
|  15|0x0000000080f00000, 0x0000000081000000, 0x0000000081000000|100%| O|  |TAMS 0x0000000081000000, 0x0000000080f00000| Untracked 
|  16|0x0000000081000000, 0x0000000081100000, 0x0000000081100000|100%| O|  |TAMS 0x0000000081100000, 0x0000000081000000| Untracked 
|  17|0x0000000081100000, 0x0000000081200000, 0x0000000081200000|100%| O|  |TAMS 0x0000000081200000, 0x0000000081100000| Untracked 
|  18|0x0000000081200000, 0x0000000081300000, 0x0000000081300000|100%| O|  |TAMS 0x0000000081300000, 0x0000000081200000| Untracked 
|  19|0x0000000081300000, 0x0000000081400000, 0x0000000081400000|100%| O|  |TAMS 0x0000000081400000, 0x0000000081300000| Untracked 
|  20|0x0000000081400000, 0x0000000081500000, 0x0000000081500000|100%| O|  |TAMS 0x0000000081500000, 0x0000000081400000| Untracked 
|  21|0x0000000081500000, 0x0000000081600000, 0x0000000081600000|100%| O|  |TAMS 0x0000000081600000, 0x0000000081500000| Untracked 
|  22|0x0000000081600000, 0x0000000081700000, 0x0000000081700000|100%| O|  |TAMS 0x0000000081700000, 0x0000000081600000| Untracked 
|  23|0x0000000081700000, 0x0000000081800000, 0x0000000081800000|100%| O|  |TAMS 0x0000000081800000, 0x0000000081700000| Untracked 
|  24|0x0000000081800000, 0x0000000081900000, 0x0000000081900000|100%| O|  |TAMS 0x0000000081900000, 0x0000000081800000| Untracked 
|  25|0x0000000081900000, 0x0000000081a00000, 0x0000000081a00000|100%| O|  |TAMS 0x0000000081a00000, 0x0000000081900000| Untracked 
|  26|0x0000000081a00000, 0x0000000081b00000, 0x0000000081b00000|100%| O|  |TAMS 0x0000000081b00000, 0x0000000081a00000| Untracked 
|  27|0x0000000081b00000, 0x0000000081c00000, 0x0000000081c00000|100%| O|  |TAMS 0x0000000081c00000, 0x0000000081b00000| Untracked 
|  28|0x0000000081c00000, 0x0000000081d00000, 0x0000000081d00000|100%| O|  |TAMS 0x0000000081d00000, 0x0000000081c00000| Untracked 
|  29|0x0000000081d00000, 0x0000000081e00000, 0x0000000081e00000|100%| O|  |TAMS 0x0000000081e00000, 0x0000000081d00000| Untracked 
|  30|0x0000000081e00000, 0x0000000081f00000, 0x0000000081f00000|100%| O|  |TAMS 0x0000000081f00000, 0x0000000081e00000| Untracked 
|  31|0x0000000081f00000, 0x0000000082000000, 0x0000000082000000|100%| O|  |TAMS 0x0000000082000000, 0x0000000081f00000| Untracked 
|  32|0x0000000082000000, 0x0000000082100000, 0x0000000082100000|100%| O|  |TAMS 0x0000000082100000, 0x0000000082000000| Untracked 
|  33|0x0000000082100000, 0x0000000082200000, 0x0000000082200000|100%| O|  |TAMS 0x0000000082200000, 0x0000000082100000| Untracked 
|  34|0x0000000082200000, 0x0000000082300000, 0x0000000082300000|100%| O|  |TAMS 0x0000000082300000, 0x0000000082200000| Untracked 
|  35|0x0000000082300000, 0x0000000082400000, 0x0000000082400000|100%|HS|  |TAMS 0x0000000082400000, 0x0000000082300000| Complete 
|  36|0x0000000082400000, 0x0000000082500000, 0x0000000082500000|100%|HC|  |TAMS 0x0000000082500000, 0x0000000082400000| Complete 
|  37|0x0000000082500000, 0x0000000082600000, 0x0000000082600000|100%|HS|  |TAMS 0x0000000082600000, 0x0000000082500000| Complete 
|  38|0x0000000082600000, 0x0000000082700000, 0x0000000082700000|100%|HC|  |TAMS 0x0000000082700000, 0x0000000082600000| Complete 
|  39|0x0000000082700000, 0x0000000082800000, 0x0000000082800000|100%|HC|  |TAMS 0x0000000082800000, 0x0000000082700000| Complete 
|  40|0x0000000082800000, 0x0000000082900000, 0x0000000082900000|100%|HC|  |TAMS 0x0000000082900000, 0x0000000082800000| Complete 
|  41|0x0000000082900000, 0x0000000082a00000, 0x0000000082a00000|100%| O|  |TAMS 0x0000000082a00000, 0x0000000082900000| Untracked 
|  42|0x0000000082a00000, 0x0000000082b00000, 0x0000000082b00000|100%| O|  |TAMS 0x0000000082b00000, 0x0000000082a00000| Untracked 
|  43|0x0000000082b00000, 0x0000000082c00000, 0x0000000082c00000|100%| O|  |TAMS 0x0000000082c00000, 0x0000000082b00000| Untracked 
|  44|0x0000000082c00000, 0x0000000082d00000, 0x0000000082d00000|100%| O|  |TAMS 0x0000000082d00000, 0x0000000082c00000| Untracked 
|  45|0x0000000082d00000, 0x0000000082e00000, 0x0000000082e00000|100%| O|  |TAMS 0x0000000082e00000, 0x0000000082d00000| Untracked 
|  46|0x0000000082e00000, 0x0000000082f00000, 0x0000000082f00000|100%| O|  |TAMS 0x0000000082f00000, 0x0000000082e00000| Untracked 
|  47|0x0000000082f00000, 0x0000000083000000, 0x0000000083000000|100%| O|  |TAMS 0x0000000083000000, 0x0000000082f00000| Untracked 
|  48|0x0000000083000000, 0x0000000083100000, 0x0000000083100000|100%| O|  |TAMS 0x0000000083100000, 0x0000000083000000| Untracked 
|  49|0x0000000083100000, 0x0000000083200000, 0x0000000083200000|100%| O|  |TAMS 0x0000000083200000, 0x0000000083100000| Untracked 
|  50|0x0000000083200000, 0x0000000083300000, 0x0000000083300000|100%| O|  |TAMS 0x0000000083300000, 0x0000000083200000| Untracked 
|  51|0x0000000083300000, 0x0000000083400000, 0x0000000083400000|100%| O|  |TAMS 0x0000000083400000, 0x0000000083300000| Untracked 
|  52|0x0000000083400000, 0x0000000083500000, 0x0000000083500000|100%| O|  |TAMS 0x0000000083500000, 0x0000000083400000| Untracked 
|  53|0x0000000083500000, 0x0000000083600000, 0x0000000083600000|100%| O|  |TAMS 0x0000000083600000, 0x0000000083500000| Untracked 
|  54|0x0000000083600000, 0x0000000083700000, 0x0000000083700000|100%| O|  |TAMS 0x0000000083700000, 0x0000000083600000| Untracked 
|  55|0x0000000083700000, 0x0000000083800000, 0x0000000083800000|100%| O|  |TAMS 0x0000000083800000, 0x0000000083700000| Untracked 
|  56|0x0000000083800000, 0x0000000083900000, 0x0000000083900000|100%| O|  |TAMS 0x0000000083900000, 0x0000000083800000| Untracked 
|  57|0x0000000083900000, 0x0000000083a00000, 0x0000000083a00000|100%| O|  |TAMS 0x0000000083a00000, 0x0000000083900000| Untracked 
|  58|0x0000000083a00000, 0x0000000083b00000, 0x0000000083b00000|100%| O|  |TAMS 0x0000000083b00000, 0x0000000083a00000| Untracked 
|  59|0x0000000083b00000, 0x0000000083c00000, 0x0000000083c00000|100%|HS|  |TAMS 0x0000000083c00000, 0x0000000083b00000| Complete 
|  60|0x0000000083c00000, 0x0000000083d00000, 0x0000000083d00000|100%|HS|  |TAMS 0x0000000083d00000, 0x0000000083c00000| Complete 
|  61|0x0000000083d00000, 0x0000000083e00000, 0x0000000083e00000|100%| O|  |TAMS 0x0000000083e00000, 0x0000000083d00000| Untracked 
|  62|0x0000000083e00000, 0x0000000083f00000, 0x0000000083f00000|100%| O|  |TAMS 0x0000000083f00000, 0x0000000083e00000| Untracked 
|  63|0x0000000083f00000, 0x0000000084000000, 0x0000000084000000|100%| O|  |TAMS 0x0000000084000000, 0x0000000083f00000| Untracked 
|  64|0x0000000084000000, 0x0000000084100000, 0x0000000084100000|100%| O|  |TAMS 0x0000000084100000, 0x0000000084000000| Untracked 
|  65|0x0000000084100000, 0x0000000084200000, 0x0000000084200000|100%| O|  |TAMS 0x0000000084200000, 0x0000000084100000| Untracked 
|  66|0x0000000084200000, 0x0000000084300000, 0x0000000084300000|100%| O|  |TAMS 0x0000000084300000, 0x0000000084200000| Untracked 
|  67|0x0000000084300000, 0x0000000084400000, 0x0000000084400000|100%| O|  |TAMS 0x0000000084400000, 0x0000000084300000| Untracked 
|  68|0x0000000084400000, 0x0000000084500000, 0x0000000084500000|100%| O|  |TAMS 0x0000000084500000, 0x0000000084400000| Untracked 
|  69|0x0000000084500000, 0x0000000084600000, 0x0000000084600000|100%| O|  |TAMS 0x0000000084600000, 0x0000000084500000| Untracked 
|  70|0x0000000084600000, 0x0000000084700000, 0x0000000084700000|100%| O|  |TAMS 0x0000000084700000, 0x0000000084600000| Untracked 
|  71|0x0000000084700000, 0x0000000084800000, 0x0000000084800000|100%| O|  |TAMS 0x0000000084800000, 0x0000000084700000| Untracked 
|  72|0x0000000084800000, 0x0000000084900000, 0x0000000084900000|100%| O|  |TAMS 0x0000000084900000, 0x0000000084800000| Untracked 
|  73|0x0000000084900000, 0x0000000084a00000, 0x0000000084a00000|100%| O|  |TAMS 0x0000000084a00000, 0x0000000084900000| Untracked 
|  74|0x0000000084a00000, 0x0000000084b00000, 0x0000000084b00000|100%| O|  |TAMS 0x0000000084b00000, 0x0000000084a00000| Untracked 
|  75|0x0000000084b00000, 0x0000000084c00000, 0x0000000084c00000|100%| O|  |TAMS 0x0000000084c00000, 0x0000000084b00000| Untracked 
|  76|0x0000000084c00000, 0x0000000084d00000, 0x0000000084d00000|100%| O|  |TAMS 0x0000000084d00000, 0x0000000084c00000| Untracked 
|  77|0x0000000084d00000, 0x0000000084e00000, 0x0000000084e00000|100%| O|  |TAMS 0x0000000084e00000, 0x0000000084d00000| Untracked 
|  78|0x0000000084e00000, 0x0000000084f00000, 0x0000000084f00000|100%| O|  |TAMS 0x0000000084f00000, 0x0000000084e00000| Untracked 
|  79|0x0000000084f00000, 0x0000000085000000, 0x0000000085000000|100%| O|  |TAMS 0x0000000085000000, 0x0000000084f00000| Untracked 
|  80|0x0000000085000000, 0x0000000085100000, 0x0000000085100000|100%| O|  |TAMS 0x0000000085100000, 0x0000000085000000| Untracked 
|  81|0x0000000085100000, 0x0000000085200000, 0x0000000085200000|100%| O|  |TAMS 0x0000000085200000, 0x0000000085100000| Untracked 
|  82|0x0000000085200000, 0x0000000085300000, 0x0000000085300000|100%| O|  |TAMS 0x0000000085300000, 0x0000000085200000| Untracked 
|  83|0x0000000085300000, 0x0000000085400000, 0x0000000085400000|100%| O|  |TAMS 0x0000000085400000, 0x0000000085300000| Untracked 
|  84|0x0000000085400000, 0x0000000085500000, 0x0000000085500000|100%| O|  |TAMS 0x0000000085500000, 0x0000000085400000| Untracked 
|  85|0x0000000085500000, 0x0000000085500000, 0x0000000085600000|  0%| F|  |TAMS 0x0000000085500000, 0x0000000085500000| Untracked 
|  86|0x0000000085600000, 0x0000000085700000, 0x0000000085700000|100%| O|  |TAMS 0x0000000085700000, 0x0000000085600000| Untracked 
|  87|0x0000000085700000, 0x0000000085800000, 0x0000000085800000|100%| O|  |TAMS 0x0000000085800000, 0x0000000085700000| Untracked 
|  88|0x0000000085800000, 0x0000000085900000, 0x0000000085900000|100%| O|  |TAMS 0x0000000085900000, 0x0000000085800000| Untracked 
|  89|0x0000000085900000, 0x0000000085a00000, 0x0000000085a00000|100%|HS|  |TAMS 0x0000000085a00000, 0x0000000085900000| Complete 
|  90|0x0000000085a00000, 0x0000000085b00000, 0x0000000085b00000|100%|HC|  |TAMS 0x0000000085b00000, 0x0000000085a00000| Complete 
|  91|0x0000000085b00000, 0x0000000085c00000, 0x0000000085c00000|100%|HS|  |TAMS 0x0000000085c00000, 0x0000000085b00000| Complete 
|  92|0x0000000085c00000, 0x0000000085d00000, 0x0000000085d00000|100%|HC|  |TAMS 0x0000000085d00000, 0x0000000085c00000| Complete 
|  93|0x0000000085d00000, 0x0000000085e00000, 0x0000000085e00000|100%|HC|  |TAMS 0x0000000085e00000, 0x0000000085d00000| Complete 
|  94|0x0000000085e00000, 0x0000000085f00000, 0x0000000085f00000|100%|HC|  |TAMS 0x0000000085f00000, 0x0000000085e00000| Complete 
|  95|0x0000000085f00000, 0x0000000086000000, 0x0000000086000000|100%| O|  |TAMS 0x0000000086000000, 0x0000000085f00000| Untracked 
|  96|0x0000000086000000, 0x0000000086100000, 0x0000000086100000|100%| O|  |TAMS 0x0000000086100000, 0x0000000086000000| Untracked 
|  97|0x0000000086100000, 0x0000000086200000, 0x0000000086200000|100%| O|  |TAMS 0x00000000861d8a00, 0x0000000086100000| Untracked 
|  98|0x0000000086200000, 0x0000000086300000, 0x0000000086300000|100%| O|  |TAMS 0x0000000086200000, 0x0000000086200000| Untracked 
|  99|0x0000000086300000, 0x00000000863a8400, 0x0000000086400000| 65%| O|  |TAMS 0x0000000086300000, 0x0000000086300000| Untracked 
| 100|0x0000000086400000, 0x0000000086400000, 0x0000000086500000|  0%| F|  |TAMS 0x0000000086400000, 0x0000000086400000| Untracked 
| 101|0x0000000086500000, 0x0000000086500000, 0x0000000086600000|  0%| F|  |TAMS 0x0000000086500000, 0x0000000086500000| Untracked 
| 102|0x0000000086600000, 0x0000000086600000, 0x0000000086700000|  0%| F|  |TAMS 0x0000000086600000, 0x0000000086600000| Untracked 
| 103|0x0000000086700000, 0x0000000086700000, 0x0000000086800000|  0%| F|  |TAMS 0x0000000086700000, 0x0000000086700000| Untracked 
| 104|0x0000000086800000, 0x0000000086800000, 0x0000000086900000|  0%| F|  |TAMS 0x0000000086800000, 0x0000000086800000| Untracked 
| 105|0x0000000086900000, 0x0000000086900000, 0x0000000086a00000|  0%| F|  |TAMS 0x0000000086900000, 0x0000000086900000| Untracked 
| 106|0x0000000086a00000, 0x0000000086a00000, 0x0000000086b00000|  0%| F|  |TAMS 0x0000000086a00000, 0x0000000086a00000| Untracked 
| 107|0x0000000086b00000, 0x0000000086b00000, 0x0000000086c00000|  0%| F|  |TAMS 0x0000000086b00000, 0x0000000086b00000| Untracked 
| 108|0x0000000086c00000, 0x0000000086c00000, 0x0000000086d00000|  0%| F|  |TAMS 0x0000000086c00000, 0x0000000086c00000| Untracked 
| 109|0x0000000086d00000, 0x0000000086d00000, 0x0000000086e00000|  0%| F|  |TAMS 0x0000000086d00000, 0x0000000086d00000| Untracked 
| 110|0x0000000086e00000, 0x0000000086e00000, 0x0000000086f00000|  0%| F|  |TAMS 0x0000000086e00000, 0x0000000086e00000| Untracked 
| 111|0x0000000086f00000, 0x0000000086f00000, 0x0000000087000000|  0%| F|  |TAMS 0x0000000086f00000, 0x0000000086f00000| Untracked 
| 112|0x0000000087000000, 0x0000000087000000, 0x0000000087100000|  0%| F|  |TAMS 0x0000000087000000, 0x0000000087000000| Untracked 
| 113|0x0000000087100000, 0x0000000087100000, 0x0000000087200000|  0%| F|  |TAMS 0x0000000087100000, 0x0000000087100000| Untracked 
| 114|0x0000000087200000, 0x0000000087200000, 0x0000000087300000|  0%| F|  |TAMS 0x0000000087200000, 0x0000000087200000| Untracked 
| 115|0x0000000087300000, 0x0000000087300000, 0x0000000087400000|  0%| F|  |TAMS 0x0000000087300000, 0x0000000087300000| Untracked 
| 116|0x0000000087400000, 0x0000000087400000, 0x0000000087500000|  0%| F|  |TAMS 0x0000000087400000, 0x0000000087400000| Untracked 
| 117|0x0000000087500000, 0x0000000087500000, 0x0000000087600000|  0%| F|  |TAMS 0x0000000087500000, 0x0000000087500000| Untracked 
| 118|0x0000000087600000, 0x0000000087600000, 0x0000000087700000|  0%| F|  |TAMS 0x0000000087600000, 0x0000000087600000| Untracked 
| 119|0x0000000087700000, 0x0000000087700000, 0x0000000087800000|  0%| F|  |TAMS 0x0000000087700000, 0x0000000087700000| Untracked 
| 120|0x0000000087800000, 0x0000000087800000, 0x0000000087900000|  0%| F|  |TAMS 0x0000000087800000, 0x0000000087800000| Untracked 
| 121|0x0000000087900000, 0x00000000879977c8, 0x0000000087a00000| 59%| E|  |TAMS 0x0000000087900000, 0x0000000087900000| Complete 
| 122|0x0000000087a00000, 0x0000000087b00000, 0x0000000087b00000|100%| E|CS|TAMS 0x0000000087a00000, 0x0000000087a00000| Complete 
| 123|0x0000000087b00000, 0x0000000087ba0b90, 0x0000000087c00000| 62%| S|CS|TAMS 0x0000000087b00000, 0x0000000087b00000| Complete 
| 124|0x0000000087c00000, 0x0000000087d00000, 0x0000000087d00000|100%| E|CS|TAMS 0x0000000087c00000, 0x0000000087c00000| Complete 
| 125|0x0000000087d00000, 0x0000000087e00000, 0x0000000087e00000|100%| E|CS|TAMS 0x0000000087d00000, 0x0000000087d00000| Complete 
| 126|0x0000000087e00000, 0x0000000087f00000, 0x0000000087f00000|100%| E|CS|TAMS 0x0000000087e00000, 0x0000000087e00000| Complete 
| 127|0x0000000087f00000, 0x0000000088000000, 0x0000000088000000|100%| E|CS|TAMS 0x0000000087f00000, 0x0000000087f00000| Complete 

Card table byte_map: [0x00000250e02d0000,0x00000250e06d0000] _byte_map_base: 0x00000250dfed0000

Marking Bits (Prev, Next): (CMBitMap*) 0x00000250c85d7d38, (CMBitMap*) 0x00000250c85d7d70
 Prev Bits: [0x00000250e0ad0000, 0x00000250e2ad0000)
 Next Bits: [0x00000250e2ad0000, 0x00000250e4ad0000)

Polling page: 0x00000250c8540000

Metaspace:

Usage:
  Non-class:     82.04 MB capacity,    80.23 MB ( 98%) used,     1.52 MB (  2%) free+waste,   303.94 KB ( <1%) overhead. 
      Class:     13.49 MB capacity,    12.33 MB ( 91%) used,     1.01 MB (  8%) free+waste,   143.69 KB (  1%) overhead. 
       Both:     95.53 MB capacity,    92.56 MB ( 97%) used,     2.53 MB (  3%) free+waste,   447.63 KB ( <1%) overhead. 

Virtual space:
  Non-class space:       84.00 MB reserved,      82.17 MB ( 98%) committed 
      Class space:      504.00 MB reserved,      13.50 MB (  3%) committed 
             Both:      588.00 MB reserved,      95.67 MB ( 16%) committed 

Chunk freelists:
   Non-Class:  896 bytes
       Class:  128 bytes
        Both:  1.00 KB

CodeHeap 'non-profiled nmethods': size=120064Kb used=5809Kb max_used=5809Kb free=114255Kb
 bounds [0x00000250d8370000, 0x00000250d8920000, 0x00000250df8b0000]
CodeHeap 'profiled nmethods': size=120000Kb used=20803Kb max_used=20803Kb free=99196Kb
 bounds [0x00000250d0e40000, 0x00000250d22b0000, 0x00000250d8370000]
CodeHeap 'non-nmethods': size=5696Kb used=2298Kb max_used=2351Kb free=3397Kb
 bounds [0x00000250d08b0000, 0x00000250d0b20000, 0x00000250d0e40000]
 total_blobs=14935 nmethods=9595 adapters=830
 compilation: enabled
              stopped_count=0, restarted_count=0
 full_count=0

Compilation events (10 events):
Event: 1389.881 Thread 0x00000250e795c800 nmethod 11214 0x00000250d229d290 code [0x00000250d229d480, 0x00000250d229d950]
Event: 1390.417 Thread 0x00000250e795c800 11215       3       sun.reflect.generics.parser.SignatureParser::parseFormalTypeParameters (119 bytes)
Event: 1390.423 Thread 0x00000250e795c800 nmethod 11215 0x00000250d229db90 code [0x00000250d229dfa0, 0x00000250d229fb80]
Event: 1390.430 Thread 0x00000250e795c800 11216       3       sun.reflect.generics.reflectiveObjects.TypeVariableImpl::make (66 bytes)
Event: 1390.432 Thread 0x00000250e795c800 nmethod 11216 0x00000250d22a0510 code [0x00000250d22a07e0, 0x00000250d22a1730]
Event: 1390.477 Thread 0x00000250e795c800 11217       3       sun.reflect.generics.reflectiveObjects.TypeVariableImpl::getBounds (34 bytes)
Event: 1390.527 Thread 0x00000250e795c800 nmethod 11217 0x00000250d22a1b90 code [0x00000250d22a1d80, 0x00000250d22a2420]
Event: 1390.838 Thread 0x00000250e795c800 11218       3       org.codehaus.groovy.vmplugin.v9.Java9::checkCanSetAccessible (137 bytes)
Event: 1390.847 Thread 0x00000250e795c800 nmethod 11218 0x00000250d22a2510 code [0x00000250d22a2840, 0x00000250d22a3aa0]
Event: 1390.901 Thread 0x00000250e7916000 11219       4       java.lang.Module::implIsExportedOrOpen (92 bytes)

GC Heap History (10 events):
Event: 1372.926 GC heap before
{Heap before GC invocations=197 (full 0):
 garbage-first heap   total 131072K, used 93730K [0x0000000080000000, 0x0000000100000000)
  region size 1024K, 2 young (2048K), 1 survivors (1024K)
 Metaspace       used 93580K, capacity 96527K, committed 96816K, reserved 600064K
  class space    used 12408K, capacity 13574K, committed 13696K, reserved 516096K
}
Event: 1372.931 GC heap after
{Heap after GC invocations=198 (full 0):
 garbage-first heap   total 131072K, used 93922K [0x0000000080000000, 0x0000000100000000)
  region size 1024K, 1 young (1024K), 1 survivors (1024K)
 Metaspace       used 93580K, capacity 96527K, committed 96816K, reserved 600064K
  class space    used 12408K, capacity 13574K, committed 13696K, reserved 516096K
}
Event: 1375.363 GC heap before
{Heap before GC invocations=199 (full 0):
 garbage-first heap   total 131072K, used 107234K [0x0000000080000000, 0x0000000100000000)
  region size 1024K, 10 young (10240K), 1 survivors (1024K)
 Metaspace       used 93682K, capacity 96570K, committed 96816K, reserved 600064K
  class space    used 12425K, capacity 13611K, committed 13696K, reserved 516096K
}
Event: 1375.372 GC heap after
{Heap after GC invocations=200 (full 0):
 garbage-first heap   total 131072K, used 99800K [0x0000000080000000, 0x0000000100000000)
  region size 1024K, 2 young (2048K), 2 survivors (2048K)
 Metaspace       used 93682K, capacity 96570K, committed 96816K, reserved 600064K
  class space    used 12425K, capacity 13611K, committed 13696K, reserved 516096K
}
Event: 1376.757 GC heap before
{Heap before GC invocations=200 (full 0):
 garbage-first heap   total 131072K, used 107992K [0x0000000080000000, 0x0000000100000000)
  region size 1024K, 10 young (10240K), 2 survivors (2048K)
 Metaspace       used 94006K, capacity 96883K, committed 97072K, reserved 600064K
  class space    used 12474K, capacity 13655K, committed 13696K, reserved 516096K
}
Event: 1376.776 GC heap after
{Heap after GC invocations=201 (full 0):
 garbage-first heap   total 131072K, used 101019K [0x0000000080000000, 0x0000000100000000)
  region size 1024K, 1 young (1024K), 1 survivors (1024K)
 Metaspace       used 94006K, capacity 96883K, committed 97072K, reserved 600064K
  class space    used 12474K, capacity 13655K, committed 13696K, reserved 516096K
}
Event: 1384.236 GC heap before
{Heap before GC invocations=202 (full 0):
 garbage-first heap   total 131072K, used 109211K [0x0000000080000000, 0x0000000100000000)
  region size 1024K, 9 young (9216K), 1 survivors (1024K)
 Metaspace       used 94569K, capacity 97527K, committed 97712K, reserved 600064K
  class space    used 12599K, capacity 13780K, committed 13824K, reserved 516096K
}
Event: 1384.275 GC heap after
{Heap after GC invocations=203 (full 0):
 garbage-first heap   total 131072K, used 102184K [0x0000000080000000, 0x0000000100000000)
  region size 1024K, 2 young (2048K), 2 survivors (2048K)
 Metaspace       used 94569K, capacity 97527K, committed 97712K, reserved 600064K
  class space    used 12599K, capacity 13780K, committed 13824K, reserved 516096K
}
Event: 1388.079 GC heap before
{Heap before GC invocations=203 (full 0):
 garbage-first heap   total 131072K, used 106280K [0x0000000080000000, 0x0000000100000000)
  region size 1024K, 6 young (6144K), 2 survivors (2048K)
 Metaspace       used 94673K, capacity 97645K, committed 97712K, reserved 600064K
  class space    used 12613K, capacity 13795K, committed 13824K, reserved 516096K
}
Event: 1388.126 GC heap after
{Heap after GC invocations=204 (full 0):
 garbage-first heap   total 131072K, used 101667K [0x0000000080000000, 0x0000000100000000)
  region size 1024K, 1 young (1024K), 1 survivors (1024K)
 Metaspace       used 94673K, capacity 97645K, committed 97712K, reserved 600064K
  class space    used 12613K, capacity 13795K, committed 13824K, reserved 516096K
}

Deoptimization events (10 events):
Event: 1300.475 Thread 0x00000250e8687800 Uncommon trap: reason=null_check action=make_not_entrant pc=0x00000250d8498908 method=java.lang.Class.isAnnotation()Z @ 1 c2
Event: 1324.340 Thread 0x00000250e8687800 Uncommon trap: reason=unstable_if action=reinterpret pc=0x00000250d8605a28 method=java.util.stream.AbstractPipeline.<init>(Ljava/util/stream/AbstractPipeline;I)V @ 69 c2
Event: 1338.772 Thread 0x00000250e8687800 Uncommon trap: reason=unstable_if action=reinterpret pc=0x00000250d8871d98 method=org.codehaus.groovy.runtime.metaclass.MetaMethodIndex.copyNonPrivateNonNewMetaMethods(Lorg/codehaus/groovy/runtime/metaclass/MetaMethodIndex$Entry;Lorg/codehaus/groovy/runti
Event: 1344.916 Thread 0x00000250e8687800 Uncommon trap: reason=unstable_if action=reinterpret pc=0x00000250d88486b0 method=org.gradle.internal.instantiation.generator.AbstractClassGenerator.isNameProperty(Lorg/gradle/internal/instantiation/generator/AbstractClassGenerator$PropertyMetadata;)Z @ 2
Event: 1357.816 Thread 0x00000250e8687800 Uncommon trap: reason=unstable_if action=reinterpret pc=0x00000250d8608c2c method=java.lang.Class.getTypeName()Ljava/lang/String; @ 23 c2
Event: 1367.418 Thread 0x00000250e8687800 Uncommon trap: reason=unstable_if action=reinterpret pc=0x00000250d852b9b8 method=org.gradle.internal.reflect.PropertyAccessorType.of(Ljava/lang/reflect/Method;)Lorg/gradle/internal/reflect/PropertyAccessorType; @ 74 c2
Event: 1367.434 Thread 0x00000250e8687800 Uncommon trap: reason=unstable_if action=reinterpret pc=0x00000250d886f408 method=groovy.lang.MetaClassImpl.filterPropertyMethod(Ljava/lang/Object;ZZ)Ljava/lang/Object; @ 80 c2
Event: 1375.139 Thread 0x00000250e8687800 Uncommon trap: reason=class_check action=maybe_recompile pc=0x00000250d86338e4 method=java.lang.Class.createAnnotationData(I)Ljava/lang/Class$AnnotationData; @ 103 c2
Event: 1384.377 Thread 0x00000250e8687800 Uncommon trap: reason=bimorphic_or_optimized_type_check action=maybe_recompile pc=0x00000250d849de24 method=com.google.common.base.CharMatcher.indexIn(Ljava/lang/CharSequence;I)I @ 31 c2
Event: 1390.712 Thread 0x00000250e8687800 Uncommon trap: reason=unstable_if action=reinterpret pc=0x00000250d88abfa0 method=org.codehaus.groovy.vmplugin.v8.Java8.checkCanSetAccessible(Ljava/lang/reflect/AccessibleObject;Ljava/lang/Class;)Z @ 42 c2

Classes redefined (0 events):
No events

Internal exceptions (10 events):
Event: 1389.876 Thread 0x00000250e8687800 Exception <a 'java/lang/ClassNotFoundException'{0x0000000087cba2f0}: io/invertase/gradle/common/PackageJsonBeanInfo> (0x0000000087cba2f0) thrown at [c:/sb/prod/1680893669/workspace/open/src/hotspot/share/classfile/systemDictionary.cpp, line 231]
Event: 1389.877 Thread 0x00000250e8687800 Exception <a 'java/lang/ClassNotFoundException'{0x0000000087cd2c00}: io/invertase/gradle/common/PackageJsonCustomizer> (0x0000000087cd2c00) thrown at [c:/sb/prod/1680893669/workspace/open/src/hotspot/share/classfile/systemDictionary.cpp, line 231]
Event: 1390.357 Thread 0x00000250e8687800 Exception <a 'java/lang/ClassNotFoundException'{0x0000000087a87e88}: java/util/MapBeanInfo> (0x0000000087a87e88) thrown at [c:/sb/prod/1680893669/workspace/open/src/hotspot/share/classfile/systemDictionary.cpp, line 231]
Event: 1390.363 Thread 0x00000250e8687800 Exception <a 'java/lang/ClassNotFoundException'{0x0000000087a94588}: java/util/MapCustomizer> (0x0000000087a94588) thrown at [c:/sb/prod/1680893669/workspace/open/src/hotspot/share/classfile/systemDictionary.cpp, line 231]
Event: 1390.663 Thread 0x00000250e8687800 Exception <a 'java/lang/ClassNotFoundException'{0x0000000087ade538}: java/lang/CloneableBeanInfo> (0x0000000087ade538) thrown at [c:/sb/prod/1680893669/workspace/open/src/hotspot/share/classfile/systemDictionary.cpp, line 231]
Event: 1390.667 Thread 0x00000250e8687800 Exception <a 'java/lang/ClassNotFoundException'{0x0000000087aeb788}: java/lang/CloneableCustomizer> (0x0000000087aeb788) thrown at [c:/sb/prod/1680893669/workspace/open/src/hotspot/share/classfile/systemDictionary.cpp, line 231]
Event: 1390.683 Thread 0x00000250e8687800 Exception <a 'java/lang/ClassNotFoundException'{0x0000000087907348}: java/io/SerializableBeanInfo> (0x0000000087907348) thrown at [c:/sb/prod/1680893669/workspace/open/src/hotspot/share/classfile/systemDictionary.cpp, line 231]
Event: 1390.685 Thread 0x00000250e8687800 Exception <a 'java/lang/ClassNotFoundException'{0x0000000087914420}: java/io/SerializableCustomizer> (0x0000000087914420) thrown at [c:/sb/prod/1680893669/workspace/open/src/hotspot/share/classfile/systemDictionary.cpp, line 231]
Event: 1390.909 Thread 0x00000250e8687800 Exception <a 'java/lang/ClassNotFoundException'{0x000000008794c798}: java/lang/ClassBeanInfo> (0x000000008794c798) thrown at [c:/sb/prod/1680893669/workspace/open/src/hotspot/share/classfile/systemDictionary.cpp, line 231]
Event: 1390.967 Thread 0x00000250e8687800 Exception <a 'java/lang/ClassNotFoundException'{0x0000000087958f40}: java/lang/ClassCustomizer> (0x0000000087958f40) thrown at [c:/sb/prod/1680893669/workspace/open/src/hotspot/share/classfile/systemDictionary.cpp, line 231]

Events (10 events):
Event: 1390.714 Thread 0x00000250e8687800 DEOPT PACKING pc=0x00000250d88abfa0 sp=0x0000008281ef76d0
Event: 1390.716 Thread 0x00000250e8687800 DEOPT UNPACKING pc=0x00000250d08d8129 sp=0x0000008281ef7658 mode 2
Event: 1390.905 loading class java/lang/ClassBeanInfo
Event: 1390.905 loading class java/lang/ClassBeanInfo done
Event: 1390.908 loading class java/lang/ClassBeanInfo
Event: 1390.909 loading class java/lang/ClassBeanInfo done
Event: 1390.909 loading class java/lang/ClassCustomizer
Event: 1390.966 loading class java/lang/ClassCustomizer done
Event: 1390.967 loading class java/lang/ClassCustomizer
Event: 1390.967 loading class java/lang/ClassCustomizer done


Dynamic libraries:
0x00007ff62c5a0000 - 0x00007ff62c5e5000 	C:\Program Files\Java\jdk-11.0.0.1\bin\java.exe
0x00007ffc3df50000 - 0x00007ffc3e148000 	C:\Windows\SYSTEM32\ntdll.dll
0x00007ffc3bfb0000 - 0x00007ffc3c06d000 	C:\Windows\System32\KERNEL32.DLL
0x00007ffc3b9b0000 - 0x00007ffc3bca6000 	C:\Windows\System32\KERNELBASE.dll
0x00007ffc3c8f0000 - 0x00007ffc3ca8e000 	C:\Windows\System32\USER32.dll
0x00007ffc3b930000 - 0x00007ffc3b952000 	C:\Windows\System32\win32u.dll
0x00007ffc3cee0000 - 0x00007ffc3cf0c000 	C:\Windows\System32\GDI32.dll
0x00007ffc3bd90000 - 0x00007ffc3beaa000 	C:\Windows\System32\gdi32full.dll
0x00007ffc3b730000 - 0x00007ffc3b7cd000 	C:\Windows\System32\msvcp_win.dll
0x00007ffc3b630000 - 0x00007ffc3b730000 	C:\Windows\System32\ucrtbase.dll
0x00007ffc29a70000 - 0x00007ffc29d0a000 	C:\Windows\WinSxS\amd64_microsoft.windows.common-controls_6595b64144ccf1df_6.0.19041.1110_none_60b5254171f9507e\COMCTL32.dll
0x00007ffc3c1a0000 - 0x00007ffc3c23e000 	C:\Windows\System32\msvcrt.dll
0x00007ffc3cc40000 - 0x00007ffc3cc70000 	C:\Windows\System32\IMM32.DLL
0x00007ffc36810000 - 0x00007ffc36826000 	C:\Program Files\Java\jdk-11.0.0.1\bin\vcruntime140.dll
0x00007ffc341f0000 - 0x00007ffc3429a000 	C:\Program Files\Java\jdk-11.0.0.1\bin\msvcp140.dll
0x00007ffbc6d80000 - 0x00007ffbc78c3000 	C:\Program Files\Java\jdk-11.0.0.1\bin\server\jvm.dll
0x00007ffc3ccd0000 - 0x00007ffc3cd7e000 	C:\Windows\System32\ADVAPI32.dll
0x00007ffc3c6b0000 - 0x00007ffc3c74c000 	C:\Windows\System32\sechost.dll
0x00007ffc3d710000 - 0x00007ffc3d836000 	C:\Windows\System32\RPCRT4.dll
0x00007ffc3cf30000 - 0x00007ffc3cf38000 	C:\Windows\System32\PSAPI.DLL
0x00007ffc37000000 - 0x00007ffc37009000 	C:\Windows\SYSTEM32\WSOCK32.dll
0x00007ffc3dea0000 - 0x00007ffc3df0b000 	C:\Windows\System32\WS2_32.dll
0x00007ffc26230000 - 0x00007ffc26257000 	C:\Windows\SYSTEM32\WINMM.dll
0x00007ffc2c5b0000 - 0x00007ffc2c5ba000 	C:\Windows\SYSTEM32\VERSION.dll
0x00007ffc39480000 - 0x00007ffc39492000 	C:\Windows\SYSTEM32\kernel.appcore.dll
0x00007ffc365a0000 - 0x00007ffc365b1000 	C:\Program Files\Java\jdk-11.0.0.1\bin\verify.dll
0x00007ffc2ab00000 - 0x00007ffc2ace4000 	C:\Windows\SYSTEM32\DBGHELP.DLL
0x00007ffc2a970000 - 0x00007ffc2a9a4000 	C:\Windows\SYSTEM32\dbgcore.DLL
0x00007ffc3beb0000 - 0x00007ffc3bf32000 	C:\Windows\System32\bcryptPrimitives.dll
0x00007ffc362a0000 - 0x00007ffc362c8000 	C:\Program Files\Java\jdk-11.0.0.1\bin\java.dll
0x00007ffc363a0000 - 0x00007ffc363b6000 	C:\Program Files\Java\jdk-11.0.0.1\bin\zip.dll
0x00007ffc36590000 - 0x00007ffc3659a000 	C:\Program Files\Java\jdk-11.0.0.1\bin\jimage.dll
0x00007ffc3cf40000 - 0x00007ffc3d685000 	C:\Windows\System32\SHELL32.dll
0x00007ffc39680000 - 0x00007ffc39e1b000 	C:\Windows\SYSTEM32\windows.storage.dll
0x00007ffc3dab0000 - 0x00007ffc3de04000 	C:\Windows\System32\combase.dll
0x00007ffc3af90000 - 0x00007ffc3afbe000 	C:\Windows\SYSTEM32\Wldp.dll
0x00007ffc3cd80000 - 0x00007ffc3ce2d000 	C:\Windows\System32\SHCORE.dll
0x00007ffc3d840000 - 0x00007ffc3d895000 	C:\Windows\System32\shlwapi.dll
0x00007ffc3b560000 - 0x00007ffc3b585000 	C:\Windows\SYSTEM32\profapi.dll
0x00007ffc36340000 - 0x00007ffc36359000 	C:\Program Files\Java\jdk-11.0.0.1\bin\net.dll
0x00007ffc31960000 - 0x00007ffc31a6a000 	C:\Windows\SYSTEM32\WINHTTP.dll
0x00007ffc3ad70000 - 0x00007ffc3adda000 	C:\Windows\system32\mswsock.dll
0x00007ffc348c0000 - 0x00007ffc348d3000 	C:\Program Files\Java\jdk-11.0.0.1\bin\nio.dll
0x00007ffc34890000 - 0x00007ffc348b7000 	C:\Users\Samsung\.gradle\native\68d5fa5c4cc2d200863cafc0d521ce42e7d3e7ee720ec0a83991735586a16f82\windows-amd64\native-platform.dll
0x00007ffbc7d80000 - 0x00007ffbc7ec4000 	C:\Users\Samsung\.gradle\native\e376f236ea51e6404a007f0833ffe2c6e607c4080706a723a18a27aeea778392\windows-amd64\native-platform-file-events.dll
0x00007ffc341e0000 - 0x00007ffc341e9000 	C:\Program Files\Java\jdk-11.0.0.1\bin\management.dll
0x00007ffc341d0000 - 0x00007ffc341dc000 	C:\Program Files\Java\jdk-11.0.0.1\bin\management_ext.dll
0x00007ffc3b310000 - 0x00007ffc3b328000 	C:\Windows\SYSTEM32\CRYPTSP.dll
0x00007ffc3a5d0000 - 0x00007ffc3a604000 	C:\Windows\system32\rsaenh.dll
0x00007ffc3bcb0000 - 0x00007ffc3bcd7000 	C:\Windows\System32\bcrypt.dll
0x00007ffc3b520000 - 0x00007ffc3b54e000 	C:\Windows\SYSTEM32\USERENV.dll
0x00007ffc3af00000 - 0x00007ffc3af0c000 	C:\Windows\SYSTEM32\CRYPTBASE.dll
0x00007ffc3aa10000 - 0x00007ffc3aa4b000 	C:\Windows\SYSTEM32\IPHLPAPI.DLL
0x00007ffc3c880000 - 0x00007ffc3c888000 	C:\Windows\System32\NSI.dll
0x00007ffc31bb0000 - 0x00007ffc31bc7000 	C:\Windows\SYSTEM32\dhcpcsvc6.DLL
0x00007ffc33140000 - 0x00007ffc3315d000 	C:\Windows\SYSTEM32\dhcpcsvc.DLL
0x00007ffc3aa70000 - 0x00007ffc3ab3a000 	C:\Windows\SYSTEM32\DNSAPI.dll

dbghelp: loaded successfully - version: 4.0.5 - missing functions: none
symbol engine: initialized successfully - sym options: 0x614 - pdb path: .;C:\Program Files\Java\jdk-11.0.0.1\bin;C:\Windows\SYSTEM32;C:\Windows\WinSxS\amd64_microsoft.windows.common-controls_6595b64144ccf1df_6.0.19041.1110_none_60b5254171f9507e;C:\Program Files\Java\jdk-11.0.0.1\bin\server;C:\Users\Samsung\.gradle\native\68d5fa5c4cc2d200863cafc0d521ce42e7d3e7ee720ec0a83991735586a16f82\windows-amd64;C:\Users\Samsung\.gradle\native\e376f236ea51e6404a007f0833ffe2c6e607c4080706a723a18a27aeea778392\windows-amd64

VM Arguments:
jvm_args: -XX:MaxMetaspaceSize=512m --add-opens=java.base/java.util=ALL-UNNAMED --add-opens=java.base/java.lang=ALL-UNNAMED --add-opens=java.base/java.lang.invoke=ALL-UNNAMED --add-opens=java.prefs/java.util.prefs=ALL-UNNAMED --add-opens=java.base/java.nio.charset=ALL-UNNAMED --add-opens=java.base/java.net=ALL-UNNAMED --add-opens=java.base/java.util.concurrent.atomic=ALL-UNNAMED -Xmx2048m -Dfile.encoding=windows-1252 -Duser.country=BR -Duser.language=pt -Duser.variant 
java_command: org.gradle.launcher.daemon.bootstrap.GradleDaemon 8.0.1
java_class_path (initial): C:\Users\Samsung\.gradle\wrapper\dists\gradle-8.0.1-all\aro4hu1c3oeioove7l0i4i14o\gradle-8.0.1\lib\gradle-launcher-8.0.1.jar
Launcher Type: SUN_STANDARD

[Global flags]
     intx CICompilerCount                          = 3                                         {product} {ergonomic}
   size_t CompressedClassSpaceSize                 = 528482304                                 {product} {ergonomic}
     uint ConcGCThreads                            = 1                                         {product} {ergonomic}
     uint G1ConcRefinementThreads                  = 4                                         {product} {ergonomic}
   size_t G1HeapRegionSize                         = 1048576                                   {product} {ergonomic}
    uintx GCDrainStackTargetSize                   = 64                                        {product} {ergonomic}
   size_t InitialHeapSize                          = 65011712                                  {product} {ergonomic}
   size_t MarkStackSize                            = 4194304                                   {product} {ergonomic}
   size_t MaxHeapSize                              = 2147483648                                {product} {command line}
   size_t MaxMetaspaceSize                         = 536870912                                 {product} {command line}
   size_t MaxNewSize                               = 1287651328                                {product} {ergonomic}
   size_t MinHeapDeltaBytes                        = 1048576                                   {product} {ergonomic}
    uintx NonNMethodCodeHeapSize                   = 5830092                                {pd product} {ergonomic}
    uintx NonProfiledCodeHeapSize                  = 122914074                              {pd product} {ergonomic}
    uintx ProfiledCodeHeapSize                     = 122914074                              {pd product} {ergonomic}
    uintx ReservedCodeCacheSize                    = 251658240                              {pd product} {ergonomic}
     bool SegmentedCodeCache                       = true                                      {product} {ergonomic}
     bool UseCompressedClassPointers               = true                                 {lp64_product} {ergonomic}
     bool UseCompressedOops                        = true                                 {lp64_product} {ergonomic}
     bool UseG1GC                                  = true                                      {product} {ergonomic}
     bool UseLargePagesIndividualAllocation        = false                                  {pd product} {ergonomic}

Logging:
Log output configuration:
 #0: stdout all=warning uptime,level,tags
 #1: stderr all=off uptime,level,tags

Environment Variables:
JAVA_HOME=C:\Program Files\Java\jdk-11.0.0.1
CLASSPATH=C:\Users\Samsung\Desktop\App-de-Mensagens\android\\gradle\wrapper\gradle-wrapper.jar
PATH=C:\Users\Samsung\Desktop\App-de-Mensagens\node_modules\.bin;C:\Users\Samsung\Desktop\App-de-Mensagens\node_modules\.bin;C:\Users\Samsung\Desktop\node_modules\.bin;C:\Users\Samsung\node_modules\.bin;C:\Users\node_modules\.bin;C:\node_modules\.bin;C:\Users\Samsung\AppData\Roaming\npm\node_modules\npm\node_modules\@npmcli\run-script\lib\node-gyp-bin;C:\Users\Samsung\Desktop\App-de-Mensagens\node_modules\.bin;C:\Users\Samsung\Desktop\node_modules\.bin;C:\Users\Samsung\node_modules\.bin;C:\Users\node_modules\.bin;C:\node_modules\.bin;C:\Users\Samsung\AppData\Roaming\npm\node_modules\npm\node_modules\@npmcli\run-script\lib\node-gyp-bin;C:\Program Files\Common Files\Oracle\Java\javapath;C:\Program Files\Microsoft SDKs\Azure\CLI2\wbin;C:\Windows\system32;C:\Windows;C:\Windows\System32\Wbem;C:\Windows\System32\WindowsPowerShell\v1.0\;C:\Windows\System32\OpenSSH\;C:\Program Files\nodejs\;C:\Program Files\Git\cmd;C:\Program Files\Microsoft SQL Server\150\Tools\Binn\;C:\Program Files\Microsoft SQL Server\Client SDK\ODBC\170\Tools\Binn\;C:\Program Files\dotnet\;C:\Users\Samsung\.console-ninja\.bin;C:\Users\Samsung\AppData\Local\Microsoft\WindowsApps;C:\Users\Samsung\AppData\Local\Programs\Microsoft VS Code\bin;C:\Users\Samsung\AppData\Roaming\npm;C:\Users\Samsung\.dotnet\tools;C:\platform-tools;C:\Program Files\Java\jdk-11.0.0.1\bin;;C:\Program Files\JetBrains\IntelliJ IDEA 2023.2.2\bin;
USERNAME=Samsung
OS=Windows_NT
PROCESSOR_IDENTIFIER=Intel64 Family 6 Model 37 Stepping 5, GenuineIntel



---------------  S Y S T E M  ---------------

OS: Windows 10 , 64 bit Build 19041 (10.0.19041.3393)

CPU:total 4 (initial active 4) (2 cores per cpu, 2 threads per core) family 6 model 37 stepping 5, cmov, cx8, fxsr, mmx, sse, sse2, sse3, ssse3, sse4.1, sse4.2, popcnt, ht, tsc, tscinvbit

Memory: 4k page, system-wide physical 3892M (48M free)
TotalPageFile size 15668M (AvailPageFile size 3M)
current process WorkingSet (physical memory assigned to process): 151M, peak: 248M
current process commit charge ("private bytes"): 389M, peak: 403M

vm_info: OpenJDK 64-Bit Server VM (11.0.0.1+3-5) for windows-amd64 JRE (11.0.0.1+3-5), built on Apr  7 2023 19:59:13 by "mach5one" with MS VC++ 15.5 (VS2017)

END.
