#
# There is insufficient memory for the Java Runtime Environment to continue.
# Native memory allocation (malloc) failed to allocate 1061936 bytes for Chunk::new
# Possible reasons:
#   The system is out of physical RAM or swap space
#   The process is running with CompressedOops enabled, and the Java Heap may be blocking the growth of the native heap
# Possible solutions:
#   Reduce memory load on the system
#   Increase physical memory or swap space
#   Check if swap backing store is full
#   Decrease Java heap size (-Xmx/-Xms)
#   Decrease number of Java threads
#   Decrease Java thread stack sizes (-Xss)
#   Set larger code cache with -XX:ReservedCodeCacheSize=
#   JVM is running with Unscaled Compressed Oops mode in which the Java heap is
#     placed in the first 4GB address space. The Java Heap base address is the
#     maximum limit for the native heap growth. Please use -XX:HeapBaseMinAddress
#     to set the Java Heap base and to place the Java Heap above 4GB virtual address.
# This output file may be truncated or incomplete.
#
#  Out of Memory Error (c:/sb/prod/1680893669/workspace/open/src/hotspot/share/memory/arena.cpp:197), pid=14776, tid=15092
#
# JRE version: OpenJDK Runtime Environment (11.0.1+3) (build 11.0.0.1+3-5)
# Java VM: OpenJDK 64-Bit Server VM (11.0.0.1+3-5, mixed mode, tiered, compressed oops, g1 gc, windows-amd64)
# No core dump will be written. Minidumps are not enabled by default on client versions of Windows
#

---------------  S U M M A R Y ------------

Command Line: -XX:MaxMetaspaceSize=512m --add-opens=java.base/java.util=ALL-UNNAMED --add-opens=java.base/java.lang=ALL-UNNAMED --add-opens=java.base/java.lang.invoke=ALL-UNNAMED --add-opens=java.prefs/java.util.prefs=ALL-UNNAMED --add-opens=java.base/java.nio.charset=ALL-UNNAMED --add-opens=java.base/java.net=ALL-UNNAMED --add-opens=java.base/java.util.concurrent.atomic=ALL-UNNAMED -Xmx2048m -Dfile.encoding=windows-1252 -Duser.country=BR -Duser.language=pt -Duser.variant org.gradle.launcher.daemon.bootstrap.GradleDaemon 8.0.1

Host: Intel(R) Core(TM) i3 CPU       M 380  @ 2.53GHz, 4 cores, 3G,  Windows 10 , 64 bit Build 19041 (10.0.19041.3393)
Time: Mon Sep 25 18:08:23 2023 Hora oficial do Brasil elapsed time: 1376 seconds (0d 0h 22m 56s)

---------------  T H R E A D  ---------------

Current thread (0x00000189fff26000):  JavaThread "C2 CompilerThread0" daemon [_thread_in_native, id=15092, stack(0x00000058ec200000,0x00000058ec300000)]


Current CompileTask:
C2:1376340 10840 %     4       org.gradle.internal.instantiation.generator.AbstractClassGenerator::inspectType @ 107 (560 bytes)

Stack: [0x00000058ec200000,0x00000058ec300000]
Native frames: (J=compiled Java code, j=interpreted, Vv=VM code, C=native code)
V  [jvm.dll+0x63adaa]
V  [jvm.dll+0x77852f]
V  [jvm.dll+0x779b18]
V  [jvm.dll+0x77a1d3]
V  [jvm.dll+0x2624c8]
V  [jvm.dll+0xc5b61]
V  [jvm.dll+0xc60fc]
V  [jvm.dll+0x2d0c84]
V  [jvm.dll+0x552d0f]
V  [jvm.dll+0x21e4af]
V  [jvm.dll+0x21b3e6]
V  [jvm.dll+0x198400]
V  [jvm.dll+0x22a4ff]
V  [jvm.dll+0x228b18]
V  [jvm.dll+0x73dc3d]
V  [jvm.dll+0x639e42]
C  [ucrtbase.dll+0x21bb2]
C  [KERNEL32.DLL+0x17344]
C  [ntdll.dll+0x526b1]


---------------  P R O C E S S  ---------------

Threads class SMR info:
_java_thread_list=0x000001899570ecc0, length=84, elements={
0x00000189f1b28800, 0x00000189ffec1800, 0x00000189ffec5000, 0x00000189fff22000,
0x00000189fff23000, 0x00000189fff26000, 0x00000189fff29800, 0x0000018991140800,
0x00000189911e8000, 0x000001899126d800, 0x00000189926cc000, 0x000001899211b000,
0x000001899277d800, 0x0000018992167000, 0x00000189917d7800, 0x00000189916fa000,
0x00000189919c7800, 0x0000018992126800, 0x0000018992167800, 0x0000018991b55800,
0x0000018991b57000, 0x0000018991b56000, 0x00000189934cd000, 0x00000189934cb800,
0x00000189934cd800, 0x00000189934ce800, 0x00000189934cf800, 0x00000189934c9800,
0x00000189934d0000, 0x00000189934ca800, 0x00000189934cc000, 0x00000189934d2000,
0x00000189934d2800, 0x00000189934d5000, 0x00000189934d6000, 0x00000189934d7800,
0x00000189934d6800, 0x00000189934d3800, 0x0000018991b58000, 0x000001899388b800,
0x0000018993885800, 0x000001899388c000, 0x0000018993886800, 0x000001899388d000,
0x000001899388a000, 0x000001899388a800, 0x0000018993887800, 0x000001899388e000,
0x0000018993888000, 0x000001899388e800, 0x0000018993889000, 0x0000018993890800,
0x0000018993893000, 0x0000018993893800, 0x0000018993892000, 0x0000018993891000,
0x0000018993894800, 0x000001899388f800, 0x00000189923e3000, 0x00000189923e0800,
0x00000189923e1800, 0x00000189923dd000, 0x00000189923e2000, 0x00000189923e3800,
0x00000189923df800, 0x00000189923e4800, 0x00000189923df000, 0x00000189923eb000,
0x00000189923e8800, 0x00000189923ea800, 0x00000189923e5800, 0x00000189923ec000,
0x00000189923e8000, 0x00000189923e9800, 0x00000189923e6000, 0x00000189923e7000,
0x00000189934d1000, 0x000001899338c800, 0x000001899338c000, 0x0000018993388800,
0x000001899338d800, 0x000001899338e800, 0x000001899338a000, 0x0000018993389800
}

Java Threads: ( => current thread )
  0x00000189f1b28800 JavaThread "main" [_thread_blocked, id=14964, stack(0x00000058eb700000,0x00000058eb800000)]
  0x00000189ffec1800 JavaThread "Reference Handler" daemon [_thread_blocked, id=15068, stack(0x00000058ebe00000,0x00000058ebf00000)]
  0x00000189ffec5000 JavaThread "Finalizer" daemon [_thread_blocked, id=15072, stack(0x00000058ebf00000,0x00000058ec000000)]
  0x00000189fff22000 JavaThread "Signal Dispatcher" daemon [_thread_blocked, id=15084, stack(0x00000058ec000000,0x00000058ec100000)]
  0x00000189fff23000 JavaThread "Attach Listener" daemon [_thread_blocked, id=15088, stack(0x00000058ec100000,0x00000058ec200000)]
=>0x00000189fff26000 JavaThread "C2 CompilerThread0" daemon [_thread_in_native, id=15092, stack(0x00000058ec200000,0x00000058ec300000)]
  0x00000189fff29800 JavaThread "C1 CompilerThread0" daemon [_thread_blocked, id=15100, stack(0x00000058ec300000,0x00000058ec400000)]
  0x0000018991140800 JavaThread "Sweeper thread" daemon [_thread_blocked, id=15108, stack(0x00000058ec400000,0x00000058ec500000)]
  0x00000189911e8000 JavaThread "Common-Cleaner" daemon [_thread_blocked, id=15128, stack(0x00000058ec500000,0x00000058ec600000)]
  0x000001899126d800 JavaThread "Service Thread" daemon [_thread_blocked, id=15140, stack(0x00000058ec600000,0x00000058ec700000)]
  0x00000189926cc000 JavaThread "Daemon health stats" [_thread_blocked, id=13872, stack(0x00000058ec900000,0x00000058eca00000)]
  0x000001899211b000 JavaThread "Incoming local TCP Connector on port 51042" [_thread_in_native, id=15256, stack(0x00000058ecc00000,0x00000058ecd00000)]
  0x000001899277d800 JavaThread "Daemon periodic checks" [_thread_blocked, id=4624, stack(0x00000058ecd00000,0x00000058ece00000)]
  0x0000018992167000 JavaThread "Daemon" [_thread_blocked, id=15520, stack(0x00000058ece00000,0x00000058ecf00000)]
  0x00000189917d7800 JavaThread "Handler for socket connection from /127.0.0.1:51042 to /127.0.0.1:51054" [_thread_in_native, id=15556, stack(0x00000058ecf00000,0x00000058ed000000)]
  0x00000189916fa000 JavaThread "Cancel handler" [_thread_blocked, id=15644, stack(0x00000058eb500000,0x00000058eb600000)]
  0x00000189919c7800 JavaThread "Daemon worker" [_thread_in_Java, id=15728, stack(0x00000058eb600000,0x00000058eb700000)]
  0x0000018992126800 JavaThread "Asynchronous log dispatcher for DefaultDaemonConnection: socket connection from /127.0.0.1:51042 to /127.0.0.1:51054" [_thread_blocked, id=15752, stack(0x00000058ed200000,0x00000058ed300000)]
  0x0000018992167800 JavaThread "Daemon client event forwarder" [_thread_blocked, id=15764, stack(0x00000058ed400000,0x00000058ed500000)]
  0x0000018991b55800 JavaThread "Cache worker for journal cache (C:\Users\Samsung\.gradle\caches\journal-1)" [_thread_blocked, id=16100, stack(0x00000058ed500000,0x00000058ed600000)]
  0x0000018991b57000 JavaThread "File lock request listener" [_thread_in_native, id=16116, stack(0x00000058ed600000,0x00000058ed700000)]
  0x0000018991b56000 JavaThread "Cache worker for file hash cache (C:\Users\Samsung\.gradle\caches\8.0.1\fileHashes)" [_thread_blocked, id=16224, stack(0x00000058ed800000,0x00000058ed900000)]
  0x00000189934cd000 JavaThread "File watcher server" daemon [_thread_in_native, id=9220, stack(0x00000058ed900000,0x00000058eda00000)]
  0x00000189934cb800 JavaThread "File watcher consumer" daemon [_thread_blocked, id=11240, stack(0x00000058eda00000,0x00000058edb00000)]
  0x00000189934cd800 JavaThread "Cache worker for checksums cache (C:\Users\Samsung\Desktop\App-de-Mensagens\android\.gradle\8.0.1\checksums)" [_thread_blocked, id=14844, stack(0x00000058ed300000,0x00000058ed400000)]
  0x00000189934ce800 JavaThread "Cache worker for cache directory md-rule (C:\Users\Samsung\.gradle\caches\8.0.1\md-rule)" [_thread_blocked, id=15844, stack(0x00000058edb00000,0x00000058edc00000)]
  0x00000189934cf800 JavaThread "Cache worker for file content cache (C:\Users\Samsung\.gradle\caches\8.0.1\fileContent)" [_thread_blocked, id=15896, stack(0x00000058edc00000,0x00000058edd00000)]
  0x00000189934c9800 JavaThread "Cache worker for file hash cache (C:\Users\Samsung\Desktop\App-de-Mensagens\android\.gradle\8.0.1\fileHashes)" [_thread_blocked, id=14856, stack(0x00000058edd00000,0x00000058ede00000)]
  0x00000189934d0000 JavaThread "Cache worker for cache directory md-supplier (C:\Users\Samsung\.gradle\caches\8.0.1\md-supplier)" [_thread_blocked, id=15420, stack(0x00000058ede00000,0x00000058edf00000)]
  0x00000189934ca800 JavaThread "Cache worker for execution history cache (C:\Users\Samsung\.gradle\caches\8.0.1\executionHistory)" [_thread_blocked, id=4140, stack(0x00000058edf00000,0x00000058ee000000)]
  0x00000189934cc000 JavaThread "jar transforms" [_thread_blocked, id=16708, stack(0x00000058ed000000,0x00000058ed100000)]
  0x00000189934d2000 JavaThread "jar transforms Thread 2" [_thread_blocked, id=16920, stack(0x00000058ed100000,0x00000058ed200000)]
  0x00000189934d2800 JavaThread "jar transforms Thread 3" [_thread_blocked, id=17200, stack(0x00000058ee000000,0x00000058ee100000)]
  0x00000189934d5000 JavaThread "jar transforms Thread 4" [_thread_blocked, id=17212, stack(0x00000058ee100000,0x00000058ee200000)]
  0x00000189934d6000 JavaThread "Cache worker for kotlin-dsl (C:\Users\Samsung\.gradle\caches\8.0.1\kotlin-dsl)" [_thread_blocked, id=14548, stack(0x00000058ee300000,0x00000058ee400000)]
  0x00000189934d7800 JavaThread "Cache worker for dependencies-accessors (C:\Users\Samsung\Desktop\App-de-Mensagens\android\.gradle\8.0.1\dependencies-accessors)" [_thread_blocked, id=16396, stack(0x00000058ed700000,0x00000058ed800000)]
  0x00000189934d6800 JavaThread "Cache worker for Build Output Cleanup Cache (C:\Users\Samsung\Desktop\App-de-Mensagens\node_modules\@react-native\gradle-plugin\.gradle\buildOutputCleanup)" [_thread_blocked, id=16700, stack(0x00000058ee400000,0x00000058ee500000)]
  0x00000189934d3800 JavaThread "Unconstrained build operations" [_thread_blocked, id=16588, stack(0x00000058ee600000,0x00000058ee700000)]
  0x0000018991b58000 JavaThread "Unconstrained build operations Thread 2" [_thread_blocked, id=856, stack(0x00000058ee700000,0x00000058ee800000)]
  0x000001899388b800 JavaThread "Unconstrained build operations Thread 3" [_thread_blocked, id=10756, stack(0x00000058ee800000,0x00000058ee900000)]
  0x0000018993885800 JavaThread "Unconstrained build operations Thread 4" [_thread_blocked, id=16304, stack(0x00000058ee900000,0x00000058eea00000)]
  0x000001899388c000 JavaThread "Unconstrained build operations Thread 5" [_thread_blocked, id=16388, stack(0x00000058eea00000,0x00000058eeb00000)]
  0x0000018993886800 JavaThread "Unconstrained build operations Thread 6" [_thread_blocked, id=16260, stack(0x00000058eeb00000,0x00000058eec00000)]
  0x000001899388d000 JavaThread "Unconstrained build operations Thread 7" [_thread_blocked, id=16240, stack(0x00000058eec00000,0x00000058eed00000)]
  0x000001899388a000 JavaThread "Unconstrained build operations Thread 8" [_thread_blocked, id=16312, stack(0x00000058eed00000,0x00000058eee00000)]
  0x000001899388a800 JavaThread "Unconstrained build operations Thread 9" [_thread_blocked, id=8180, stack(0x00000058eee00000,0x00000058eef00000)]
  0x0000018993887800 JavaThread "Unconstrained build operations Thread 10" [_thread_blocked, id=16268, stack(0x00000058eef00000,0x00000058ef000000)]
  0x000001899388e000 JavaThread "Unconstrained build operations Thread 11" [_thread_blocked, id=16236, stack(0x00000058ef000000,0x00000058ef100000)]
  0x0000018993888000 JavaThread "Unconstrained build operations Thread 12" [_thread_blocked, id=16752, stack(0x00000058ef100000,0x00000058ef200000)]
  0x000001899388e800 JavaThread "Unconstrained build operations Thread 13" [_thread_blocked, id=1040, stack(0x00000058ef200000,0x00000058ef300000)]
  0x0000018993889000 JavaThread "Unconstrained build operations Thread 14" [_thread_blocked, id=11348, stack(0x00000058ef300000,0x00000058ef400000)]
  0x0000018993890800 JavaThread "Unconstrained build operations Thread 15" [_thread_blocked, id=15232, stack(0x00000058ef400000,0x00000058ef500000)]
  0x0000018993893000 JavaThread "Unconstrained build operations Thread 16" [_thread_blocked, id=15200, stack(0x00000058ef500000,0x00000058ef600000)]
  0x0000018993893800 JavaThread "Unconstrained build operations Thread 17" [_thread_blocked, id=13240, stack(0x00000058ef600000,0x00000058ef700000)]
  0x0000018993892000 JavaThread "Unconstrained build operations Thread 18" [_thread_blocked, id=13264, stack(0x00000058ef700000,0x00000058ef800000)]
  0x0000018993891000 JavaThread "Unconstrained build operations Thread 19" [_thread_blocked, id=17188, stack(0x00000058ef800000,0x00000058ef900000)]
  0x0000018993894800 JavaThread "Unconstrained build operations Thread 20" [_thread_blocked, id=17184, stack(0x00000058ef900000,0x00000058efa00000)]
  0x000001899388f800 JavaThread "Unconstrained build operations Thread 21" [_thread_blocked, id=14536, stack(0x00000058efa00000,0x00000058efb00000)]
  0x00000189923e3000 JavaThread "Unconstrained build operations Thread 22" [_thread_blocked, id=15516, stack(0x00000058efb00000,0x00000058efc00000)]
  0x00000189923e0800 JavaThread "Unconstrained build operations Thread 23" [_thread_blocked, id=7612, stack(0x00000058efc00000,0x00000058efd00000)]
  0x00000189923e1800 JavaThread "Unconstrained build operations Thread 24" [_thread_blocked, id=16520, stack(0x00000058efd00000,0x00000058efe00000)]
  0x00000189923dd000 JavaThread "Unconstrained build operations Thread 25" [_thread_blocked, id=15456, stack(0x00000058efe00000,0x00000058eff00000)]
  0x00000189923e2000 JavaThread "Unconstrained build operations Thread 26" [_thread_blocked, id=2896, stack(0x00000058eff00000,0x00000058f0000000)]
  0x00000189923e3800 JavaThread "Memory manager" [_thread_blocked, id=17596, stack(0x00000058f0000000,0x00000058f0100000)]
  0x00000189923df800 JavaThread "Cache worker for Build Output Cleanup Cache (C:\Users\Samsung\Desktop\App-de-Mensagens\android\.gradle\buildOutputCleanup)" [_thread_blocked, id=17388, stack(0x00000058ee200000,0x00000058ee300000)]
  0x00000189923e4800 JavaThread "Execution worker" [_thread_blocked, id=18240, stack(0x00000058f0200000,0x00000058f0300000)]
  0x00000189923df000 JavaThread "Execution worker Thread 2" [_thread_blocked, id=11852, stack(0x00000058f0300000,0x00000058f0400000)]
  0x00000189923eb000 JavaThread "Execution worker Thread 3" [_thread_blocked, id=13960, stack(0x00000058f0400000,0x00000058f0500000)]
  0x00000189923e8800 JavaThread "Cache worker for execution history cache (C:\Users\Samsung\Desktop\App-de-Mensagens\node_modules\@react-native\gradle-plugin\.gradle\8.0.1\executionHistory)" [_thread_blocked, id=11476, stack(0x00000058f0500000,0x00000058f0600000)]
  0x00000189923ea800 JavaThread "Unconstrained build operations Thread 27" [_thread_blocked, id=16948, stack(0x00000058f0600000,0x00000058f0700000)]
  0x00000189923e5800 JavaThread "Unconstrained build operations Thread 28" [_thread_blocked, id=14664, stack(0x00000058f0700000,0x00000058f0800000)]
  0x00000189923ec000 JavaThread "Unconstrained build operations Thread 29" [_thread_blocked, id=3840, stack(0x00000058f0800000,0x00000058f0900000)]
  0x00000189923e8000 JavaThread "Unconstrained build operations Thread 30" [_thread_blocked, id=18376, stack(0x00000058f0900000,0x00000058f0a00000)]
  0x00000189923e9800 JavaThread "Unconstrained build operations Thread 31" [_thread_blocked, id=18036, stack(0x00000058f0a00000,0x00000058f0b00000)]
  0x00000189923e6000 JavaThread "Unconstrained build operations Thread 32" [_thread_blocked, id=16276, stack(0x00000058f0b00000,0x00000058f0c00000)]
  0x00000189923e7000 JavaThread "Unconstrained build operations Thread 33" [_thread_blocked, id=7588, stack(0x00000058f0c00000,0x00000058f0d00000)]
  0x00000189934d1000 JavaThread "Unconstrained build operations Thread 34" [_thread_blocked, id=16840, stack(0x00000058f0d00000,0x00000058f0e00000)]
  0x000001899338c800 JavaThread "Unconstrained build operations Thread 35" [_thread_blocked, id=8812, stack(0x00000058f0e00000,0x00000058f0f00000)]
  0x000001899338c000 JavaThread "Unconstrained build operations Thread 36" [_thread_blocked, id=18436, stack(0x00000058f0f00000,0x00000058f1000000)]
  0x0000018993388800 JavaThread "Unconstrained build operations Thread 37" [_thread_blocked, id=18440, stack(0x00000058f1000000,0x00000058f1100000)]
  0x000001899338d800 JavaThread "Unconstrained build operations Thread 38" [_thread_blocked, id=18444, stack(0x00000058f1100000,0x00000058f1200000)]
  0x000001899338e800 JavaThread "Unconstrained build operations Thread 39" [_thread_blocked, id=18448, stack(0x00000058f1200000,0x00000058f1300000)]
  0x000001899338a000 JavaThread "Unconstrained build operations Thread 40" [_thread_blocked, id=18452, stack(0x00000058f1300000,0x00000058f1400000)]
  0x0000018993389800 JavaThread "File lock release action executor Thread 7" [_thread_blocked, id=7496, stack(0x00000058ee500000,0x00000058ee600000)]

Other Threads:
  0x00000189ffeb9000 VMThread "VM Thread" [stack: 0x00000058ebd00000,0x00000058ebe00000] [id=15048]
  0x0000018991278000 WatcherThread [stack: 0x00000058ec700000,0x00000058ec800000] [id=15148]
  0x00000189f1b3f800 GCTaskThread "GC Thread#0" [stack: 0x00000058eb800000,0x00000058eb900000] [id=14992]
  0x000001899142d000 GCTaskThread "GC Thread#1" [stack: 0x00000058ec800000,0x00000058ec900000] [id=6196]
  0x00000189919e4800 GCTaskThread "GC Thread#2" [stack: 0x00000058eca00000,0x00000058ecb00000] [id=13860]
  0x0000018991bfb800 GCTaskThread "GC Thread#3" [stack: 0x00000058ecb00000,0x00000058ecc00000] [id=15204]
  0x00000189f1b70800 ConcurrentGCThread "G1 Main Marker" [stack: 0x00000058eb900000,0x00000058eba00000] [id=14996]
  0x00000189f1b72000 ConcurrentGCThread "G1 Conc#0" [stack: 0x00000058eba00000,0x00000058ebb00000] [id=15012]
  0x00000189f1bc9800 ConcurrentGCThread "G1 Refine#0" [stack: 0x00000058ebb00000,0x00000058ebc00000] [id=15016]
  0x00000189f1bca800 ConcurrentGCThread "G1 Young RemSet Sampling" [stack: 0x00000058ebc00000,0x00000058ebd00000] [id=15020]

Threads with active compile tasks:
C2 CompilerThread010840 %     4       org.gradle.internal.instantiation.generator.AbstractClassGenerator::inspectType @ 107 (560 bytes)

VM state:not at safepoint (normal execution)

VM Mutex/Monitor currently owned by a thread: None

Heap address: 0x0000000080000000, size: 2048 MB, Compressed Oops mode: 32-bit
Narrow klass base: 0x0000000000000000, Narrow klass shift: 3
Compressed class space size: 528482304 Address: 0x0000000100000000

Heap:
 garbage-first heap   total 220160K, used 103064K [0x0000000080000000, 0x0000000100000000)
  region size 1024K, 20 young (20480K), 3 survivors (3072K)
 Metaspace       used 93279K, capacity 96161K, committed 96368K, reserved 600064K
  class space    used 12375K, capacity 13564K, committed 13680K, reserved 516096K
Heap Regions: E=young(eden), S=young(survivor), O=old, HS=humongous(starts), HC=humongous(continues), CS=collection set, F=free, A=archive, TAMS=top-at-mark-start (previous, next)
|   0|0x0000000080000000, 0x0000000080100000, 0x0000000080100000|100%| O|  |TAMS 0x0000000080100000, 0x0000000080000000| Untracked 
|   1|0x0000000080100000, 0x0000000080200000, 0x0000000080200000|100%| O|  |TAMS 0x0000000080200000, 0x0000000080100000| Untracked 
|   2|0x0000000080200000, 0x0000000080300000, 0x0000000080300000|100%|HS|  |TAMS 0x0000000080300000, 0x0000000080200000| Complete 
|   3|0x0000000080300000, 0x0000000080400000, 0x0000000080400000|100%|HC|  |TAMS 0x0000000080400000, 0x0000000080300000| Complete 
|   4|0x0000000080400000, 0x0000000080500000, 0x0000000080500000|100%|HC|  |TAMS 0x0000000080500000, 0x0000000080400000| Complete 
|   5|0x0000000080500000, 0x0000000080600000, 0x0000000080600000|100%|HC|  |TAMS 0x0000000080600000, 0x0000000080500000| Complete 
|   6|0x0000000080600000, 0x0000000080700000, 0x0000000080700000|100%| O|  |TAMS 0x0000000080700000, 0x0000000080600000| Untracked 
|   7|0x0000000080700000, 0x0000000080800000, 0x0000000080800000|100%| O|  |TAMS 0x0000000080800000, 0x0000000080700000| Untracked 
|   8|0x0000000080800000, 0x0000000080900000, 0x0000000080900000|100%| O|  |TAMS 0x0000000080900000, 0x0000000080800000| Untracked 
|   9|0x0000000080900000, 0x0000000080a00000, 0x0000000080a00000|100%| O|  |TAMS 0x0000000080a00000, 0x0000000080900000| Untracked 
|  10|0x0000000080a00000, 0x0000000080b00000, 0x0000000080b00000|100%| O|  |TAMS 0x0000000080b00000, 0x0000000080a00000| Untracked 
|  11|0x0000000080b00000, 0x0000000080c00000, 0x0000000080c00000|100%| O|  |TAMS 0x0000000080c00000, 0x0000000080b00000| Untracked 
|  12|0x0000000080c00000, 0x0000000080d00000, 0x0000000080d00000|100%| O|  |TAMS 0x0000000080d00000, 0x0000000080c00000| Untracked 
|  13|0x0000000080d00000, 0x0000000080e00000, 0x0000000080e00000|100%| O|  |TAMS 0x0000000080e00000, 0x0000000080d00000| Untracked 
|  14|0x0000000080e00000, 0x0000000080f00000, 0x0000000080f00000|100%| O|  |TAMS 0x0000000080f00000, 0x0000000080e00000| Untracked 
|  15|0x0000000080f00000, 0x0000000081000000, 0x0000000081000000|100%| O|  |TAMS 0x0000000081000000, 0x0000000080f00000| Untracked 
|  16|0x0000000081000000, 0x0000000081100000, 0x0000000081100000|100%| O|  |TAMS 0x0000000081100000, 0x0000000081000000| Untracked 
|  17|0x0000000081100000, 0x0000000081200000, 0x0000000081200000|100%| O|  |TAMS 0x0000000081200000, 0x0000000081100000| Untracked 
|  18|0x0000000081200000, 0x0000000081300000, 0x0000000081300000|100%| O|  |TAMS 0x0000000081300000, 0x0000000081200000| Untracked 
|  19|0x0000000081300000, 0x0000000081400000, 0x0000000081400000|100%| O|  |TAMS 0x0000000081400000, 0x0000000081300000| Untracked 
|  20|0x0000000081400000, 0x0000000081500000, 0x0000000081500000|100%| O|  |TAMS 0x0000000081500000, 0x0000000081400000| Untracked 
|  21|0x0000000081500000, 0x0000000081600000, 0x0000000081600000|100%| O|  |TAMS 0x0000000081600000, 0x0000000081500000| Untracked 
|  22|0x0000000081600000, 0x0000000081700000, 0x0000000081700000|100%| O|  |TAMS 0x0000000081700000, 0x0000000081600000| Untracked 
|  23|0x0000000081700000, 0x0000000081800000, 0x0000000081800000|100%| O|  |TAMS 0x0000000081800000, 0x0000000081700000| Untracked 
|  24|0x0000000081800000, 0x0000000081900000, 0x0000000081900000|100%| O|  |TAMS 0x0000000081900000, 0x0000000081800000| Untracked 
|  25|0x0000000081900000, 0x0000000081a00000, 0x0000000081a00000|100%| O|  |TAMS 0x0000000081a00000, 0x0000000081900000| Untracked 
|  26|0x0000000081a00000, 0x0000000081b00000, 0x0000000081b00000|100%| O|  |TAMS 0x0000000081b00000, 0x0000000081a00000| Untracked 
|  27|0x0000000081b00000, 0x0000000081c00000, 0x0000000081c00000|100%| O|  |TAMS 0x0000000081c00000, 0x0000000081b00000| Untracked 
|  28|0x0000000081c00000, 0x0000000081d00000, 0x0000000081d00000|100%| O|  |TAMS 0x0000000081d00000, 0x0000000081c00000| Untracked 
|  29|0x0000000081d00000, 0x0000000081e00000, 0x0000000081e00000|100%| O|  |TAMS 0x0000000081e00000, 0x0000000081d00000| Untracked 
|  30|0x0000000081e00000, 0x0000000081f00000, 0x0000000081f00000|100%| O|  |TAMS 0x0000000081f00000, 0x0000000081e00000| Untracked 
|  31|0x0000000081f00000, 0x0000000082000000, 0x0000000082000000|100%| O|  |TAMS 0x0000000082000000, 0x0000000081f00000| Untracked 
|  32|0x0000000082000000, 0x0000000082100000, 0x0000000082100000|100%| O|  |TAMS 0x0000000082100000, 0x0000000082000000| Untracked 
|  33|0x0000000082100000, 0x0000000082200000, 0x0000000082200000|100%|HS|  |TAMS 0x0000000082200000, 0x0000000082100000| Complete 
|  34|0x0000000082200000, 0x0000000082300000, 0x0000000082300000|100%|HC|  |TAMS 0x0000000082300000, 0x0000000082200000| Complete 
|  35|0x0000000082300000, 0x0000000082400000, 0x0000000082400000|100%|HS|  |TAMS 0x0000000082400000, 0x0000000082300000| Complete 
|  36|0x0000000082400000, 0x0000000082500000, 0x0000000082500000|100%|HC|  |TAMS 0x0000000082500000, 0x0000000082400000| Complete 
|  37|0x0000000082500000, 0x0000000082600000, 0x0000000082600000|100%|HC|  |TAMS 0x0000000082600000, 0x0000000082500000| Complete 
|  38|0x0000000082600000, 0x0000000082700000, 0x0000000082700000|100%|HC|  |TAMS 0x0000000082700000, 0x0000000082600000| Complete 
|  39|0x0000000082700000, 0x0000000082800000, 0x0000000082800000|100%| O|  |TAMS 0x0000000082800000, 0x0000000082700000| Untracked 
|  40|0x0000000082800000, 0x0000000082900000, 0x0000000082900000|100%| O|  |TAMS 0x0000000082900000, 0x0000000082800000| Untracked 
|  41|0x0000000082900000, 0x0000000082a00000, 0x0000000082a00000|100%| O|  |TAMS 0x0000000082a00000, 0x0000000082900000| Untracked 
|  42|0x0000000082a00000, 0x0000000082b00000, 0x0000000082b00000|100%| O|  |TAMS 0x0000000082b00000, 0x0000000082a00000| Untracked 
|  43|0x0000000082b00000, 0x0000000082c00000, 0x0000000082c00000|100%| O|  |TAMS 0x0000000082c00000, 0x0000000082b00000| Untracked 
|  44|0x0000000082c00000, 0x0000000082d00000, 0x0000000082d00000|100%| O|  |TAMS 0x0000000082d00000, 0x0000000082c00000| Untracked 
|  45|0x0000000082d00000, 0x0000000082e00000, 0x0000000082e00000|100%| O|  |TAMS 0x0000000082e00000, 0x0000000082d00000| Untracked 
|  46|0x0000000082e00000, 0x0000000082f00000, 0x0000000082f00000|100%| O|  |TAMS 0x0000000082f00000, 0x0000000082e00000| Untracked 
|  47|0x0000000082f00000, 0x0000000083000000, 0x0000000083000000|100%| O|  |TAMS 0x0000000083000000, 0x0000000082f00000| Untracked 
|  48|0x0000000083000000, 0x0000000083100000, 0x0000000083100000|100%| O|  |TAMS 0x0000000083100000, 0x0000000083000000| Untracked 
|  49|0x0000000083100000, 0x0000000083200000, 0x0000000083200000|100%| O|  |TAMS 0x0000000083200000, 0x0000000083100000| Untracked 
|  50|0x0000000083200000, 0x0000000083300000, 0x0000000083300000|100%| O|  |TAMS 0x0000000083300000, 0x0000000083200000| Untracked 
|  51|0x0000000083300000, 0x0000000083400000, 0x0000000083400000|100%| O|  |TAMS 0x0000000083400000, 0x0000000083300000| Untracked 
|  52|0x0000000083400000, 0x0000000083500000, 0x0000000083500000|100%| O|  |TAMS 0x0000000083500000, 0x0000000083400000| Untracked 
|  53|0x0000000083500000, 0x0000000083600000, 0x0000000083600000|100%| O|  |TAMS 0x0000000083600000, 0x0000000083500000| Untracked 
|  54|0x0000000083600000, 0x0000000083700000, 0x0000000083700000|100%| O|  |TAMS 0x0000000083700000, 0x0000000083600000| Untracked 
|  55|0x0000000083700000, 0x0000000083800000, 0x0000000083800000|100%| O|  |TAMS 0x0000000083800000, 0x0000000083700000| Untracked 
|  56|0x0000000083800000, 0x0000000083900000, 0x0000000083900000|100%| O|  |TAMS 0x0000000083900000, 0x0000000083800000| Untracked 
|  57|0x0000000083900000, 0x0000000083a00000, 0x0000000083a00000|100%|HS|  |TAMS 0x0000000083a00000, 0x0000000083900000| Complete 
|  58|0x0000000083a00000, 0x0000000083b00000, 0x0000000083b00000|100%|HS|  |TAMS 0x0000000083b00000, 0x0000000083a00000| Complete 
|  59|0x0000000083b00000, 0x0000000083c00000, 0x0000000083c00000|100%| O|  |TAMS 0x0000000083c00000, 0x0000000083b00000| Untracked 
|  60|0x0000000083c00000, 0x0000000083d00000, 0x0000000083d00000|100%| O|  |TAMS 0x0000000083d00000, 0x0000000083c00000| Untracked 
|  61|0x0000000083d00000, 0x0000000083e00000, 0x0000000083e00000|100%| O|  |TAMS 0x0000000083e00000, 0x0000000083d00000| Untracked 
|  62|0x0000000083e00000, 0x0000000083f00000, 0x0000000083f00000|100%| O|  |TAMS 0x0000000083e2a000, 0x0000000083e00000| Untracked 
|  63|0x0000000083f00000, 0x0000000084000000, 0x0000000084000000|100%| O|  |TAMS 0x0000000083f00000, 0x0000000083f00000| Untracked 
|  64|0x0000000084000000, 0x0000000084100000, 0x0000000084100000|100%|HS|  |TAMS 0x0000000084000000, 0x0000000084000000| Complete 
|  65|0x0000000084100000, 0x0000000084200000, 0x0000000084200000|100%| O|  |TAMS 0x0000000084100000, 0x0000000084100000| Untracked 
|  66|0x0000000084200000, 0x0000000084300000, 0x0000000084300000|100%| O|  |TAMS 0x0000000084200000, 0x0000000084200000| Untracked 
|  67|0x0000000084300000, 0x0000000084400000, 0x0000000084400000|100%| O|  |TAMS 0x0000000084300000, 0x0000000084300000| Untracked 
|  68|0x0000000084400000, 0x0000000084500000, 0x0000000084500000|100%| O|  |TAMS 0x0000000084400000, 0x0000000084400000| Untracked 
|  69|0x0000000084500000, 0x0000000084600000, 0x0000000084600000|100%| O|  |TAMS 0x0000000084500000, 0x0000000084500000| Untracked 
|  70|0x0000000084600000, 0x0000000084700000, 0x0000000084700000|100%| O|  |TAMS 0x0000000084600000, 0x0000000084600000| Untracked 
|  71|0x0000000084700000, 0x0000000084800000, 0x0000000084800000|100%| O|  |TAMS 0x0000000084700000, 0x0000000084700000| Untracked 
|  72|0x0000000084800000, 0x0000000084900000, 0x0000000084900000|100%| O|  |TAMS 0x0000000084800000, 0x0000000084800000| Untracked 
|  73|0x0000000084900000, 0x0000000084a00000, 0x0000000084a00000|100%| O|  |TAMS 0x0000000084900000, 0x0000000084900000| Untracked 
|  74|0x0000000084a00000, 0x0000000084b00000, 0x0000000084b00000|100%| O|  |TAMS 0x0000000084a00000, 0x0000000084a00000| Untracked 
|  75|0x0000000084b00000, 0x0000000084c00000, 0x0000000084c00000|100%| O|  |TAMS 0x0000000084b00000, 0x0000000084b00000| Untracked 
|  76|0x0000000084c00000, 0x0000000084d00000, 0x0000000084d00000|100%| O|  |TAMS 0x0000000084c00000, 0x0000000084c00000| Untracked 
|  77|0x0000000084d00000, 0x0000000084e00000, 0x0000000084e00000|100%| O|  |TAMS 0x0000000084d00000, 0x0000000084d00000| Untracked 
|  78|0x0000000084e00000, 0x0000000084f00000, 0x0000000084f00000|100%| O|  |TAMS 0x0000000084e00000, 0x0000000084e00000| Untracked 
|  79|0x0000000084f00000, 0x0000000085000000, 0x0000000085000000|100%| O|  |TAMS 0x0000000084f00000, 0x0000000084f00000| Untracked 
|  80|0x0000000085000000, 0x0000000085100000, 0x0000000085100000|100%| O|  |TAMS 0x0000000085000000, 0x0000000085000000| Untracked 
|  81|0x0000000085100000, 0x0000000085200000, 0x0000000085200000|100%| O|  |TAMS 0x0000000085100000, 0x0000000085100000| Untracked 
|  82|0x0000000085200000, 0x00000000852f9800, 0x0000000085300000| 97%| O|  |TAMS 0x0000000085200000, 0x0000000085200000| Untracked 
|  83|0x0000000085300000, 0x0000000085300000, 0x0000000085400000|  0%| F|  |TAMS 0x0000000085300000, 0x0000000085300000| Untracked 
|  84|0x0000000085400000, 0x0000000085400000, 0x0000000085500000|  0%| F|  |TAMS 0x0000000085400000, 0x0000000085400000| Untracked 
|  85|0x0000000085500000, 0x0000000085500000, 0x0000000085600000|  0%| F|  |TAMS 0x0000000085500000, 0x0000000085500000| Untracked 
|  86|0x0000000085600000, 0x0000000085600000, 0x0000000085700000|  0%| F|  |TAMS 0x0000000085600000, 0x0000000085600000| Untracked 
|  87|0x0000000085700000, 0x0000000085700000, 0x0000000085800000|  0%| F|  |TAMS 0x0000000085700000, 0x0000000085700000| Untracked 
|  88|0x0000000085800000, 0x0000000085800000, 0x0000000085900000|  0%| F|  |TAMS 0x0000000085800000, 0x0000000085800000| Untracked 
|  89|0x0000000085900000, 0x0000000085900000, 0x0000000085a00000|  0%| F|  |TAMS 0x0000000085900000, 0x0000000085900000| Untracked 
|  90|0x0000000085a00000, 0x0000000085a00000, 0x0000000085b00000|  0%| F|  |TAMS 0x0000000085a00000, 0x0000000085a00000| Untracked 
|  91|0x0000000085b00000, 0x0000000085b00000, 0x0000000085c00000|  0%| F|  |TAMS 0x0000000085b00000, 0x0000000085b00000| Untracked 
|  92|0x0000000085c00000, 0x0000000085c00000, 0x0000000085d00000|  0%| F|  |TAMS 0x0000000085c00000, 0x0000000085c00000| Untracked 
|  93|0x0000000085d00000, 0x0000000085d00000, 0x0000000085e00000|  0%| F|  |TAMS 0x0000000085d00000, 0x0000000085d00000| Untracked 
|  94|0x0000000085e00000, 0x0000000085e00000, 0x0000000085f00000|  0%| F|  |TAMS 0x0000000085e00000, 0x0000000085e00000| Untracked 
|  95|0x0000000085f00000, 0x0000000085f00000, 0x0000000086000000|  0%| F|  |TAMS 0x0000000085f00000, 0x0000000085f00000| Untracked 
|  96|0x0000000086000000, 0x0000000086000000, 0x0000000086100000|  0%| F|  |TAMS 0x0000000086000000, 0x0000000086000000| Untracked 
|  97|0x0000000086100000, 0x0000000086100000, 0x0000000086200000|  0%| F|  |TAMS 0x0000000086100000, 0x0000000086100000| Untracked 
|  98|0x0000000086200000, 0x0000000086200000, 0x0000000086300000|  0%| F|  |TAMS 0x0000000086200000, 0x0000000086200000| Untracked 
|  99|0x0000000086300000, 0x0000000086300000, 0x0000000086400000|  0%| F|  |TAMS 0x0000000086300000, 0x0000000086300000| Untracked 
| 100|0x0000000086400000, 0x0000000086400000, 0x0000000086500000|  0%| F|  |TAMS 0x0000000086400000, 0x0000000086400000| Untracked 
| 101|0x0000000086500000, 0x0000000086500000, 0x0000000086600000|  0%| F|  |TAMS 0x0000000086500000, 0x0000000086500000| Untracked 
| 102|0x0000000086600000, 0x0000000086600000, 0x0000000086700000|  0%| F|  |TAMS 0x0000000086600000, 0x0000000086600000| Untracked 
| 103|0x0000000086700000, 0x0000000086700000, 0x0000000086800000|  0%| F|  |TAMS 0x0000000086700000, 0x0000000086700000| Untracked 
| 104|0x0000000086800000, 0x0000000086800000, 0x0000000086900000|  0%| F|  |TAMS 0x0000000086800000, 0x0000000086800000| Untracked 
| 105|0x0000000086900000, 0x0000000086900000, 0x0000000086a00000|  0%| F|  |TAMS 0x0000000086900000, 0x0000000086900000| Untracked 
| 106|0x0000000086a00000, 0x0000000086a00000, 0x0000000086b00000|  0%| F|  |TAMS 0x0000000086a00000, 0x0000000086a00000| Untracked 
| 107|0x0000000086b00000, 0x0000000086b00000, 0x0000000086c00000|  0%| F|  |TAMS 0x0000000086b00000, 0x0000000086b00000| Untracked 
| 108|0x0000000086c00000, 0x0000000086c00000, 0x0000000086d00000|  0%| F|  |TAMS 0x0000000086c00000, 0x0000000086c00000| Untracked 
| 109|0x0000000086d00000, 0x0000000086d00000, 0x0000000086e00000|  0%| F|  |TAMS 0x0000000086d00000, 0x0000000086d00000| Untracked 
| 110|0x0000000086e00000, 0x0000000086e00000, 0x0000000086f00000|  0%| F|  |TAMS 0x0000000086e00000, 0x0000000086e00000| Untracked 
| 111|0x0000000086f00000, 0x0000000086f00000, 0x0000000087000000|  0%| F|  |TAMS 0x0000000086f00000, 0x0000000086f00000| Untracked 
| 112|0x0000000087000000, 0x0000000087000000, 0x0000000087100000|  0%| F|  |TAMS 0x0000000087000000, 0x0000000087000000| Untracked 
| 113|0x0000000087100000, 0x0000000087100000, 0x0000000087200000|  0%| F|  |TAMS 0x0000000087100000, 0x0000000087100000| Untracked 
| 114|0x0000000087200000, 0x0000000087200000, 0x0000000087300000|  0%| F|  |TAMS 0x0000000087200000, 0x0000000087200000| Untracked 
| 115|0x0000000087300000, 0x0000000087300000, 0x0000000087400000|  0%| F|  |TAMS 0x0000000087300000, 0x0000000087300000| Untracked 
| 116|0x0000000087400000, 0x0000000087400000, 0x0000000087500000|  0%| F|  |TAMS 0x0000000087400000, 0x0000000087400000| Untracked 
| 117|0x0000000087500000, 0x0000000087500000, 0x0000000087600000|  0%| F|  |TAMS 0x0000000087500000, 0x0000000087500000| Untracked 
| 118|0x0000000087600000, 0x0000000087600000, 0x0000000087700000|  0%| F|  |TAMS 0x0000000087600000, 0x0000000087600000| Untracked 
| 119|0x0000000087700000, 0x0000000087700000, 0x0000000087800000|  0%| F|  |TAMS 0x0000000087700000, 0x0000000087700000| Untracked 
| 120|0x0000000087800000, 0x0000000087800000, 0x0000000087900000|  0%| F|  |TAMS 0x0000000087800000, 0x0000000087800000| Untracked 
| 121|0x0000000087900000, 0x0000000087900000, 0x0000000087a00000|  0%| F|  |TAMS 0x0000000087900000, 0x0000000087900000| Untracked 
| 122|0x0000000087a00000, 0x0000000087a00000, 0x0000000087b00000|  0%| F|  |TAMS 0x0000000087a00000, 0x0000000087a00000| Untracked 
| 123|0x0000000087b00000, 0x0000000087b00000, 0x0000000087c00000|  0%| F|  |TAMS 0x0000000087b00000, 0x0000000087b00000| Untracked 
| 124|0x0000000087c00000, 0x0000000087c00000, 0x0000000087d00000|  0%| F|  |TAMS 0x0000000087c00000, 0x0000000087c00000| Untracked 
| 125|0x0000000087d00000, 0x0000000087d00000, 0x0000000087e00000|  0%| F|  |TAMS 0x0000000087d00000, 0x0000000087d00000| Untracked 
| 126|0x0000000087e00000, 0x0000000087e00000, 0x0000000087f00000|  0%| F|  |TAMS 0x0000000087e00000, 0x0000000087e00000| Untracked 
| 127|0x0000000087f00000, 0x0000000087f00000, 0x0000000088000000|  0%| F|  |TAMS 0x0000000087f00000, 0x0000000087f00000| Untracked 
| 128|0x0000000088000000, 0x0000000088000000, 0x0000000088100000|  0%| F|  |TAMS 0x0000000088000000, 0x0000000088000000| Untracked 
| 129|0x0000000088100000, 0x0000000088100000, 0x0000000088200000|  0%| F|  |TAMS 0x0000000088100000, 0x0000000088100000| Untracked 
| 130|0x0000000088200000, 0x0000000088200000, 0x0000000088300000|  0%| F|  |TAMS 0x0000000088200000, 0x0000000088200000| Untracked 
| 131|0x0000000088300000, 0x0000000088300000, 0x0000000088400000|  0%| F|  |TAMS 0x0000000088300000, 0x0000000088300000| Untracked 
| 132|0x0000000088400000, 0x0000000088400000, 0x0000000088500000|  0%| F|  |TAMS 0x0000000088400000, 0x0000000088400000| Untracked 
| 133|0x0000000088500000, 0x0000000088500000, 0x0000000088600000|  0%| F|  |TAMS 0x0000000088500000, 0x0000000088500000| Untracked 
| 134|0x0000000088600000, 0x0000000088600000, 0x0000000088700000|  0%| F|  |TAMS 0x0000000088600000, 0x0000000088600000| Untracked 
| 135|0x0000000088700000, 0x0000000088700000, 0x0000000088800000|  0%| F|  |TAMS 0x0000000088700000, 0x0000000088700000| Untracked 
| 136|0x0000000088800000, 0x0000000088800000, 0x0000000088900000|  0%| F|  |TAMS 0x0000000088800000, 0x0000000088800000| Untracked 
| 137|0x0000000088900000, 0x0000000088900000, 0x0000000088a00000|  0%| F|  |TAMS 0x0000000088900000, 0x0000000088900000| Untracked 
| 138|0x0000000088a00000, 0x0000000088a00000, 0x0000000088b00000|  0%| F|  |TAMS 0x0000000088a00000, 0x0000000088a00000| Untracked 
| 139|0x0000000088b00000, 0x0000000088b00000, 0x0000000088c00000|  0%| F|  |TAMS 0x0000000088b00000, 0x0000000088b00000| Untracked 
| 140|0x0000000088c00000, 0x0000000088c00000, 0x0000000088d00000|  0%| F|  |TAMS 0x0000000088c00000, 0x0000000088c00000| Untracked 
| 141|0x0000000088d00000, 0x0000000088d00000, 0x0000000088e00000|  0%| F|  |TAMS 0x0000000088d00000, 0x0000000088d00000| Untracked 
| 142|0x0000000088e00000, 0x0000000088e00000, 0x0000000088f00000|  0%| F|  |TAMS 0x0000000088e00000, 0x0000000088e00000| Untracked 
| 143|0x0000000088f00000, 0x0000000088f00000, 0x0000000089000000|  0%| F|  |TAMS 0x0000000088f00000, 0x0000000088f00000| Untracked 
| 144|0x0000000089000000, 0x0000000089000000, 0x0000000089100000|  0%| F|  |TAMS 0x0000000089000000, 0x0000000089000000| Untracked 
| 145|0x0000000089100000, 0x0000000089100000, 0x0000000089200000|  0%| F|  |TAMS 0x0000000089100000, 0x0000000089100000| Untracked 
| 146|0x0000000089200000, 0x0000000089200000, 0x0000000089300000|  0%| F|  |TAMS 0x0000000089200000, 0x0000000089200000| Untracked 
| 147|0x0000000089300000, 0x0000000089300000, 0x0000000089400000|  0%| F|  |TAMS 0x0000000089300000, 0x0000000089300000| Untracked 
| 148|0x0000000089400000, 0x0000000089400000, 0x0000000089500000|  0%| F|  |TAMS 0x0000000089400000, 0x0000000089400000| Untracked 
| 149|0x0000000089500000, 0x0000000089500000, 0x0000000089600000|  0%| F|  |TAMS 0x0000000089500000, 0x0000000089500000| Untracked 
| 150|0x0000000089600000, 0x0000000089600000, 0x0000000089700000|  0%| F|  |TAMS 0x0000000089600000, 0x0000000089600000| Untracked 
| 151|0x0000000089700000, 0x0000000089700000, 0x0000000089800000|  0%| F|  |TAMS 0x0000000089700000, 0x0000000089700000| Untracked 
| 152|0x0000000089800000, 0x0000000089800000, 0x0000000089900000|  0%| F|  |TAMS 0x0000000089800000, 0x0000000089800000| Untracked 
| 153|0x0000000089900000, 0x0000000089900000, 0x0000000089a00000|  0%| F|  |TAMS 0x0000000089900000, 0x0000000089900000| Untracked 
| 154|0x0000000089a00000, 0x0000000089a00000, 0x0000000089b00000|  0%| F|  |TAMS 0x0000000089a00000, 0x0000000089a00000| Untracked 
| 155|0x0000000089b00000, 0x0000000089b00000, 0x0000000089c00000|  0%| F|  |TAMS 0x0000000089b00000, 0x0000000089b00000| Untracked 
| 156|0x0000000089c00000, 0x0000000089c00000, 0x0000000089d00000|  0%| F|  |TAMS 0x0000000089c00000, 0x0000000089c00000| Untracked 
| 157|0x0000000089d00000, 0x0000000089d00000, 0x0000000089e00000|  0%| F|  |TAMS 0x0000000089d00000, 0x0000000089d00000| Untracked 
| 158|0x0000000089e00000, 0x0000000089e00000, 0x0000000089f00000|  0%| F|  |TAMS 0x0000000089e00000, 0x0000000089e00000| Untracked 
| 159|0x0000000089f00000, 0x0000000089f00000, 0x000000008a000000|  0%| F|  |TAMS 0x0000000089f00000, 0x0000000089f00000| Untracked 
| 160|0x000000008a000000, 0x000000008a000000, 0x000000008a100000|  0%| F|  |TAMS 0x000000008a000000, 0x000000008a000000| Untracked 
| 161|0x000000008a100000, 0x000000008a100000, 0x000000008a200000|  0%| F|  |TAMS 0x000000008a100000, 0x000000008a100000| Untracked 
| 162|0x000000008a200000, 0x000000008a200000, 0x000000008a300000|  0%| F|  |TAMS 0x000000008a200000, 0x000000008a200000| Untracked 
| 163|0x000000008a300000, 0x000000008a300000, 0x000000008a400000|  0%| F|  |TAMS 0x000000008a300000, 0x000000008a300000| Untracked 
| 164|0x000000008a400000, 0x000000008a400000, 0x000000008a500000|  0%| F|  |TAMS 0x000000008a400000, 0x000000008a400000| Untracked 
| 165|0x000000008a500000, 0x000000008a500000, 0x000000008a600000|  0%| F|  |TAMS 0x000000008a500000, 0x000000008a500000| Untracked 
| 166|0x000000008a600000, 0x000000008a600000, 0x000000008a700000|  0%| F|  |TAMS 0x000000008a600000, 0x000000008a600000| Untracked 
| 167|0x000000008a700000, 0x000000008a700000, 0x000000008a800000|  0%| F|  |TAMS 0x000000008a700000, 0x000000008a700000| Untracked 
| 168|0x000000008a800000, 0x000000008a800000, 0x000000008a900000|  0%| F|  |TAMS 0x000000008a800000, 0x000000008a800000| Untracked 
| 169|0x000000008a900000, 0x000000008a900000, 0x000000008aa00000|  0%| F|  |TAMS 0x000000008a900000, 0x000000008a900000| Untracked 
| 170|0x000000008aa00000, 0x000000008aa00000, 0x000000008ab00000|  0%| F|  |TAMS 0x000000008aa00000, 0x000000008aa00000| Untracked 
| 171|0x000000008ab00000, 0x000000008ab00000, 0x000000008ac00000|  0%| F|  |TAMS 0x000000008ab00000, 0x000000008ab00000| Untracked 
| 172|0x000000008ac00000, 0x000000008ac00000, 0x000000008ad00000|  0%| F|  |TAMS 0x000000008ac00000, 0x000000008ac00000| Untracked 
| 173|0x000000008ad00000, 0x000000008ad00000, 0x000000008ae00000|  0%| F|  |TAMS 0x000000008ad00000, 0x000000008ad00000| Untracked 
| 174|0x000000008ae00000, 0x000000008ae00000, 0x000000008af00000|  0%| F|  |TAMS 0x000000008ae00000, 0x000000008ae00000| Untracked 
| 175|0x000000008af00000, 0x000000008af00000, 0x000000008b000000|  0%| F|  |TAMS 0x000000008af00000, 0x000000008af00000| Untracked 
| 176|0x000000008b000000, 0x000000008b000000, 0x000000008b100000|  0%| F|  |TAMS 0x000000008b000000, 0x000000008b000000| Untracked 
| 177|0x000000008b100000, 0x000000008b100000, 0x000000008b200000|  0%| F|  |TAMS 0x000000008b100000, 0x000000008b100000| Untracked 
| 178|0x000000008b200000, 0x000000008b200000, 0x000000008b300000|  0%| F|  |TAMS 0x000000008b200000, 0x000000008b200000| Untracked 
| 179|0x000000008b300000, 0x000000008b300000, 0x000000008b400000|  0%| F|  |TAMS 0x000000008b300000, 0x000000008b300000| Untracked 
| 180|0x000000008b400000, 0x000000008b400000, 0x000000008b500000|  0%| F|  |TAMS 0x000000008b400000, 0x000000008b400000| Untracked 
| 181|0x000000008b500000, 0x000000008b500000, 0x000000008b600000|  0%| F|  |TAMS 0x000000008b500000, 0x000000008b500000| Untracked 
| 182|0x000000008b600000, 0x000000008b600000, 0x000000008b700000|  0%| F|  |TAMS 0x000000008b600000, 0x000000008b600000| Untracked 
| 183|0x000000008b700000, 0x000000008b700000, 0x000000008b800000|  0%| F|  |TAMS 0x000000008b700000, 0x000000008b700000| Untracked 
| 184|0x000000008b800000, 0x000000008b800000, 0x000000008b900000|  0%| F|  |TAMS 0x000000008b800000, 0x000000008b800000| Untracked 
| 185|0x000000008b900000, 0x000000008b900000, 0x000000008ba00000|  0%| F|  |TAMS 0x000000008b900000, 0x000000008b900000| Untracked 
| 186|0x000000008ba00000, 0x000000008ba00000, 0x000000008bb00000|  0%| F|  |TAMS 0x000000008ba00000, 0x000000008ba00000| Untracked 
| 187|0x000000008bb00000, 0x000000008bb00000, 0x000000008bc00000|  0%| F|  |TAMS 0x000000008bb00000, 0x000000008bb00000| Untracked 
| 188|0x000000008bc00000, 0x000000008bc00000, 0x000000008bd00000|  0%| F|  |TAMS 0x000000008bc00000, 0x000000008bc00000| Untracked 
| 189|0x000000008bd00000, 0x000000008bd00000, 0x000000008be00000|  0%| F|  |TAMS 0x000000008bd00000, 0x000000008bd00000| Untracked 
| 190|0x000000008be00000, 0x000000008be00000, 0x000000008bf00000|  0%| F|  |TAMS 0x000000008be00000, 0x000000008be00000| Untracked 
| 191|0x000000008bf00000, 0x000000008bf00000, 0x000000008c000000|  0%| F|  |TAMS 0x000000008bf00000, 0x000000008bf00000| Untracked 
| 192|0x000000008c000000, 0x000000008c000000, 0x000000008c100000|  0%| F|  |TAMS 0x000000008c000000, 0x000000008c000000| Untracked 
| 193|0x000000008c100000, 0x000000008c1ac850, 0x000000008c200000| 67%| S|CS|TAMS 0x000000008c100000, 0x000000008c100000| Complete 
| 194|0x000000008c200000, 0x000000008c300000, 0x000000008c300000|100%| S|CS|TAMS 0x000000008c200000, 0x000000008c200000| Complete 
| 195|0x000000008c300000, 0x000000008c400000, 0x000000008c400000|100%| S|CS|TAMS 0x000000008c300000, 0x000000008c300000| Complete 
| 196|0x000000008c400000, 0x000000008c400000, 0x000000008c500000|  0%| F|  |TAMS 0x000000008c400000, 0x000000008c400000| Untracked 
| 197|0x000000008c500000, 0x000000008c500000, 0x000000008c600000|  0%| F|  |TAMS 0x000000008c500000, 0x000000008c500000| Untracked 
| 198|0x000000008c600000, 0x000000008c66f5f0, 0x000000008c700000| 43%| E|  |TAMS 0x000000008c600000, 0x000000008c600000| Complete 
| 199|0x000000008c700000, 0x000000008c800000, 0x000000008c800000|100%| E|CS|TAMS 0x000000008c700000, 0x000000008c700000| Complete 
| 200|0x000000008c800000, 0x000000008c900000, 0x000000008c900000|100%| E|  |TAMS 0x000000008c800000, 0x000000008c800000| Complete 
| 201|0x000000008c900000, 0x000000008ca00000, 0x000000008ca00000|100%| E|CS|TAMS 0x000000008c900000, 0x000000008c900000| Complete 
| 202|0x000000008ca00000, 0x000000008cb00000, 0x000000008cb00000|100%| E|CS|TAMS 0x000000008ca00000, 0x000000008ca00000| Complete 
| 203|0x000000008cb00000, 0x000000008cc00000, 0x000000008cc00000|100%| E|CS|TAMS 0x000000008cb00000, 0x000000008cb00000| Complete 
| 204|0x000000008cc00000, 0x000000008cd00000, 0x000000008cd00000|100%| E|CS|TAMS 0x000000008cc00000, 0x000000008cc00000| Complete 
| 205|0x000000008cd00000, 0x000000008ce00000, 0x000000008ce00000|100%| E|CS|TAMS 0x000000008cd00000, 0x000000008cd00000| Complete 
| 206|0x000000008ce00000, 0x000000008cf00000, 0x000000008cf00000|100%| E|CS|TAMS 0x000000008ce00000, 0x000000008ce00000| Complete 
| 207|0x000000008cf00000, 0x000000008d000000, 0x000000008d000000|100%| E|CS|TAMS 0x000000008cf00000, 0x000000008cf00000| Complete 
| 208|0x000000008d000000, 0x000000008d100000, 0x000000008d100000|100%| E|CS|TAMS 0x000000008d000000, 0x000000008d000000| Complete 
| 209|0x000000008d100000, 0x000000008d200000, 0x000000008d200000|100%| E|CS|TAMS 0x000000008d100000, 0x000000008d100000| Complete 
| 210|0x000000008d200000, 0x000000008d300000, 0x000000008d300000|100%| E|CS|TAMS 0x000000008d200000, 0x000000008d200000| Complete 
| 211|0x000000008d300000, 0x000000008d400000, 0x000000008d400000|100%| E|CS|TAMS 0x000000008d300000, 0x000000008d300000| Complete 
| 212|0x000000008d400000, 0x000000008d500000, 0x000000008d500000|100%| E|CS|TAMS 0x000000008d400000, 0x000000008d400000| Complete 
| 213|0x000000008d500000, 0x000000008d600000, 0x000000008d600000|100%| E|CS|TAMS 0x000000008d500000, 0x000000008d500000| Complete 
| 214|0x000000008d600000, 0x000000008d700000, 0x000000008d700000|100%| E|CS|TAMS 0x000000008d600000, 0x000000008d600000| Complete 

Card table byte_map: [0x00000189fa8e0000,0x00000189face0000] _byte_map_base: 0x00000189fa4e0000

Marking Bits (Prev, Next): (CMBitMap*) 0x00000189f1b67dc8, (CMBitMap*) 0x00000189f1b67e00
 Prev Bits: [0x00000189fb0e0000, 0x00000189fd0e0000)
 Next Bits: [0x00000189fd0e0000, 0x00000189ff0e0000)

Polling page: 0x00000189f1c10000

Metaspace:

Usage:
  Non-class:     80.66 MB capacity,    79.01 MB ( 98%) used,     1.36 MB (  2%) free+waste,   295.94 KB ( <1%) overhead. 
      Class:     13.25 MB capacity,    12.09 MB ( 91%) used,     1.02 MB (  8%) free+waste,   139.75 KB (  1%) overhead. 
       Both:     93.91 MB capacity,    91.09 MB ( 97%) used,     2.39 MB (  3%) free+waste,   435.69 KB ( <1%) overhead. 

Virtual space:
  Non-class space:       82.00 MB reserved,      80.75 MB ( 98%) committed 
      Class space:      504.00 MB reserved,      13.36 MB (  3%) committed 
             Both:      586.00 MB reserved,      94.11 MB ( 16%) committed 

Chunk freelists:
   Non-Class:  3.38 KB
       Class:  512 bytes
        Both:  3.88 KB

CodeHeap 'non-profiled nmethods': size=120064Kb used=5615Kb max_used=6173Kb free=114448Kb
 bounds [0x0000018987ac0000, 0x00000189880d0000, 0x000001898f000000]
CodeHeap 'profiled nmethods': size=120000Kb used=19871Kb max_used=20903Kb free=100128Kb
 bounds [0x0000018980590000, 0x0000018981a10000, 0x0000018987ac0000]
CodeHeap 'non-nmethods': size=5696Kb used=2299Kb max_used=2344Kb free=3396Kb
 bounds [0x0000018980000000, 0x0000018980270000, 0x0000018980590000]
 total_blobs=14509 nmethods=9248 adapters=830
 compilation: enabled
              stopped_count=0, restarted_count=0
 full_count=0

Compilation events (10 events):
Event: 1375.211 Thread 0x00000189fff29800 nmethod 10838 0x0000018980cf4590 code [0x0000018980cf4900, 0x0000018980cf6220]
Event: 1375.216 Thread 0x00000189fff26000 10840 %     4       org.gradle.internal.instantiation.generator.AbstractClassGenerator::inspectType @ 107 (560 bytes)
Event: 1375.265 Thread 0x00000189fff29800 10841       3       org.codehaus.groovy.runtime.metaclass.MetaMethodIndex::copyNonPrivateMethods (24 bytes)
Event: 1375.266 Thread 0x00000189fff29800 nmethod 10841 0x0000018980bba890 code [0x0000018980bbaa60, 0x0000018980bbacd0]
Event: 1376.053 Thread 0x00000189fff29800 10842       3       groovy.lang.MetaClassImpl::filterPropertyMethod (305 bytes)
Event: 1376.069 Thread 0x00000189fff29800 nmethod 10842 0x0000018980d25f10 code [0x0000018980d26240, 0x0000018980d27c90]
Event: 1376.175 Thread 0x00000189fff29800 10843       3       org.gradle.groovy.scripts.DelegatingScriptSource::getClassName (10 bytes)
Event: 1376.176 Thread 0x00000189fff29800 nmethod 10843 0x0000018980baa590 code [0x0000018980baa760, 0x0000018980baa990]
Event: 1376.176 Thread 0x00000189fff29800 10844       3       org.gradle.groovy.scripts.TextResourceScriptSource::getClassName (20 bytes)
Event: 1376.176 Thread 0x00000189fff29800 nmethod 10844 0x0000018980bd1210 code [0x0000018980bd13e0, 0x0000018980bd1610]

GC Heap History (10 events):
Event: 1265.744 GC heap before
{Heap before GC invocations=85 (full 0):
 garbage-first heap   total 220160K, used 90924K [0x0000000080000000, 0x0000000100000000)
  region size 1024K, 10 young (10240K), 2 survivors (2048K)
 Metaspace       used 90841K, capacity 93427K, committed 93552K, reserved 598016K
  class space    used 12025K, capacity 13071K, committed 13168K, reserved 516096K
}
Event: 1266.044 GC heap after
{Heap after GC invocations=86 (full 0):
 garbage-first heap   total 220160K, used 83405K [0x0000000080000000, 0x0000000100000000)
  region size 1024K, 1 young (1024K), 1 survivors (1024K)
 Metaspace       used 90841K, capacity 93427K, committed 93552K, reserved 598016K
  class space    used 12025K, capacity 13071K, committed 13168K, reserved 516096K
}
Event: 1287.844 GC heap before
{Heap before GC invocations=86 (full 0):
 garbage-first heap   total 220160K, used 92621K [0x0000000080000000, 0x0000000100000000)
  region size 1024K, 10 young (10240K), 1 survivors (1024K)
 Metaspace       used 91345K, capacity 93961K, committed 94064K, reserved 598016K
  class space    used 12093K, capacity 13139K, committed 13168K, reserved 516096K
}
Event: 1287.977 GC heap after
{Heap after GC invocations=87 (full 0):
 garbage-first heap   total 220160K, used 83834K [0x0000000080000000, 0x0000000100000000)
  region size 1024K, 2 young (2048K), 2 survivors (2048K)
 Metaspace       used 91345K, capacity 93961K, committed 94064K, reserved 598016K
  class space    used 12093K, capacity 13139K, committed 13168K, reserved 516096K
}
Event: 1299.203 GC heap before
{Heap before GC invocations=87 (full 0):
 garbage-first heap   total 220160K, used 97146K [0x0000000080000000, 0x0000000100000000)
  region size 1024K, 15 young (15360K), 2 survivors (2048K)
 Metaspace       used 91540K, capacity 94153K, committed 94448K, reserved 598016K
  class space    used 12136K, capacity 13181K, committed 13296K, reserved 516096K
}
Event: 1299.395 GC heap after
{Heap after GC invocations=88 (full 0):
 garbage-first heap   total 220160K, used 84936K [0x0000000080000000, 0x0000000100000000)
  region size 1024K, 2 young (2048K), 2 survivors (2048K)
 Metaspace       used 91540K, capacity 94153K, committed 94448K, reserved 598016K
  class space    used 12136K, capacity 13181K, committed 13296K, reserved 516096K
}
Event: 1353.097 GC heap before
{Heap before GC invocations=88 (full 0):
 garbage-first heap   total 220160K, used 99272K [0x0000000080000000, 0x0000000100000000)
  region size 1024K, 16 young (16384K), 2 survivors (2048K)
 Metaspace       used 92053K, capacity 94731K, committed 94832K, reserved 598016K
  class space    used 12221K, capacity 13336K, committed 13424K, reserved 516096K
}
Event: 1353.185 GC heap after
{Heap after GC invocations=89 (full 0):
 garbage-first heap   total 220160K, used 86344K [0x0000000080000000, 0x0000000100000000)
  region size 1024K, 2 young (2048K), 2 survivors (2048K)
 Metaspace       used 92053K, capacity 94731K, committed 94832K, reserved 598016K
  class space    used 12221K, capacity 13336K, committed 13424K, reserved 516096K
}
Event: 1359.804 GC heap before
{Heap before GC invocations=89 (full 0):
 garbage-first heap   total 220160K, used 103752K [0x0000000080000000, 0x0000000100000000)
  region size 1024K, 19 young (19456K), 2 survivors (2048K)
 Metaspace       used 92651K, capacity 95487K, committed 95728K, reserved 600064K
  class space    used 12292K, capacity 13456K, committed 13552K, reserved 516096K
}
Event: 1359.823 GC heap after
{Heap after GC invocations=90 (full 0):
 garbage-first heap   total 220160K, used 87704K [0x0000000080000000, 0x0000000100000000)
  region size 1024K, 3 young (3072K), 3 survivors (3072K)
 Metaspace       used 92651K, capacity 95487K, committed 95728K, reserved 600064K
  class space    used 12292K, capacity 13456K, committed 13552K, reserved 516096K
}

Deoptimization events (10 events):
Event: 1220.759 Thread 0x00000189919c7800 Uncommon trap: reason=unstable_if action=reinterpret pc=0x0000018987efb564 method=java.io.WinNTFileSystem.prefixLength(Ljava/lang/String;)I @ 11 c2
Event: 1226.542 Thread 0x00000189919c7800 Uncommon trap: reason=unstable_if action=reinterpret pc=0x0000018987d4ce24 method=java.io.WinNTFileSystem.prefixLength(Ljava/lang/String;)I @ 11 c2
Event: 1253.635 Thread 0x00000189919c7800 Uncommon trap: reason=class_check action=maybe_recompile pc=0x0000018987c324d0 method=org.gradle.internal.instantiation.generator.AbstractClassGenerator$InjectionAnnotationValidator.validateMethod(Ljava/lang/reflect/Method;Lorg/gradle/internal/reflect/Pro
Event: 1254.507 Thread 0x00000189919c7800 Uncommon trap: reason=class_check action=maybe_recompile pc=0x0000018987c324d0 method=org.gradle.internal.instantiation.generator.AbstractClassGenerator$InjectionAnnotationValidator.validateMethod(Ljava/lang/reflect/Method;Lorg/gradle/internal/reflect/Pro
Event: 1293.186 Thread 0x00000189919c7800 Uncommon trap: reason=unstable_if action=reinterpret pc=0x0000018987bc55a8 method=java.util.stream.AbstractPipeline.<init>(Ljava/util/stream/AbstractPipeline;I)V @ 69 c2
Event: 1353.024 Thread 0x00000189919c7800 Uncommon trap: reason=unstable_if action=reinterpret pc=0x0000018987f84fac method=org.codehaus.groovy.runtime.metaclass.MetaMethodIndex.copyNonPrivateNonNewMetaMethods(Lorg/codehaus/groovy/runtime/metaclass/MetaMethodIndex$Entry;Lorg/codehaus/groovy/runti
Event: 1359.133 Thread 0x00000189919c7800 Uncommon trap: reason=unstable_if action=reinterpret pc=0x0000018988044a30 method=org.gradle.internal.instantiation.generator.AbstractClassGenerator.isNameProperty(Lorg/gradle/internal/instantiation/generator/AbstractClassGenerator$PropertyMetadata;)Z @ 2
Event: 1363.155 Thread 0x00000189919c7800 Uncommon trap: reason=unstable_if action=reinterpret pc=0x0000018987bcb62c method=java.lang.Class.getTypeName()Ljava/lang/String; @ 23 c2
Event: 1375.200 Thread 0x00000189919c7800 Uncommon trap: reason=unstable_if action=reinterpret pc=0x0000018987be1738 method=org.gradle.internal.reflect.PropertyAccessorType.of(Ljava/lang/reflect/Method;)Lorg/gradle/internal/reflect/PropertyAccessorType; @ 74 c2
Event: 1376.052 Thread 0x00000189919c7800 Uncommon trap: reason=unstable_if action=reinterpret pc=0x0000018988067c54 method=groovy.lang.MetaClassImpl.filterPropertyMethod(Ljava/lang/Object;ZZ)Ljava/lang/Object; @ 80 c2

Classes redefined (0 events):
No events

Internal exceptions (10 events):
Event: 1364.072 Thread 0x00000189919c7800 Exception <a 'java/lang/ClassNotFoundException'{0x000000008d1e5df0}: com/android/build/gradle/internal/tasks/BaseTaskBeanInfo> (0x000000008d1e5df0) thrown at [c:/sb/prod/1680893669/workspace/open/src/hotspot/share/classfile/systemDictionary.cpp, line 231]
Event: 1364.075 Thread 0x00000189919c7800 Exception <a 'java/lang/ClassNotFoundException'{0x000000008d0027a0}: com/android/build/gradle/internal/tasks/BaseTaskCustomizer> (0x000000008d0027a0) thrown at [c:/sb/prod/1680893669/workspace/open/src/hotspot/share/classfile/systemDictionary.cpp, line 23
Event: 1364.088 Thread 0x00000189919c7800 Exception <a 'java/lang/ClassNotFoundException'{0x000000008d031af0}: com/android/build/gradle/internal/tasks/AndroidVariantTaskCustomizer> (0x000000008d031af0) thrown at [c:/sb/prod/1680893669/workspace/open/src/hotspot/share/classfile/systemDictionary.cp
Event: 1364.122 Thread 0x00000189919c7800 Exception <a 'java/lang/ClassNotFoundException'{0x000000008d05f008}: com/android/build/gradle/internal/tasks/NonIncrementalTaskCustomizer> (0x000000008d05f008) thrown at [c:/sb/prod/1680893669/workspace/open/src/hotspot/share/classfile/systemDictionary.cp
Event: 1364.130 Thread 0x00000189919c7800 Exception <a 'java/lang/ClassNotFoundException'{0x000000008d08dcf0}: com/android/build/gradle/internal/lint/AndroidLintAnalysisTaskCustomizer> (0x000000008d08dcf0) thrown at [c:/sb/prod/1680893669/workspace/open/src/hotspot/share/classfile/systemDictionar
Event: 1364.134 Thread 0x00000189919c7800 Exception <a 'java/lang/ClassNotFoundException'{0x000000008d0d6f50}: com/android/build/gradle/internal/lint/AndroidLintAnalysisTask_DecoratedCustomizer> (0x000000008d0d6f50) thrown at [c:/sb/prod/1680893669/workspace/open/src/hotspot/share/classfile/syste
Event: 1367.322 Thread 0x00000189919c7800 Exception <a 'java/lang/ClassNotFoundException'{0x000000008ce50200}: build_a1fpc669zbndopi2ka89ue00pBeanInfo> (0x000000008ce50200) thrown at [c:/sb/prod/1680893669/workspace/open/src/hotspot/share/classfile/systemDictionary.cpp, line 231]
Event: 1367.324 Thread 0x00000189919c7800 Exception <a 'java/lang/ClassNotFoundException'{0x000000008ce5c260}: build_a1fpc669zbndopi2ka89ue00pCustomizer> (0x000000008ce5c260) thrown at [c:/sb/prod/1680893669/workspace/open/src/hotspot/share/classfile/systemDictionary.cpp, line 231]
Event: 1375.808 Thread 0x00000189919c7800 Exception <a 'java/lang/ClassNotFoundException'{0x000000008c600280}: build_a1fpc669zbndopi2ka89ue00pBeanInfo> (0x000000008c600280) thrown at [c:/sb/prod/1680893669/workspace/open/src/hotspot/share/classfile/systemDictionary.cpp, line 231]
Event: 1375.809 Thread 0x00000189919c7800 Exception <a 'java/lang/ClassNotFoundException'{0x000000008c60c508}: build_a1fpc669zbndopi2ka89ue00pCustomizer> (0x000000008c60c508) thrown at [c:/sb/prod/1680893669/workspace/open/src/hotspot/share/classfile/systemDictionary.cpp, line 231]

Events (10 events):
Event: 1375.808 loading class build_a1fpc669zbndopi2ka89ue00pCustomizer done
Event: 1375.809 loading class build_a1fpc669zbndopi2ka89ue00pCustomizer
Event: 1375.809 loading class build_a1fpc669zbndopi2ka89ue00pCustomizer done
Event: 1375.816 Thread 0x00000189919c7800 Uncommon trap: trap_request=0xffffff4d fr.pc=0x0000018988067c54 relative=0x0000000000000554
Event: 1376.052 Thread 0x00000189919c7800 DEOPT PACKING pc=0x0000018988067c54 sp=0x00000058eb6f8d20
Event: 1376.052 Thread 0x00000189919c7800 DEOPT UNPACKING pc=0x0000018980028129 sp=0x00000058eb6f8c80 mode 2
Event: 1376.116 loading class groovy/runtime/metaclass/build_a1fpc669zbndopi2ka89ue00p$_run_closure1MetaClass
Event: 1376.116 loading class groovy/runtime/metaclass/build_a1fpc669zbndopi2ka89ue00p$_run_closure1MetaClass done
Event: 1376.204 loading class org/gradle/internal/classpath/intercept/CallInterceptorsSet$DecoratingCallSite$2
Event: 1376.204 loading class org/gradle/internal/classpath/intercept/CallInterceptorsSet$DecoratingCallSite$2 done


Dynamic libraries:
0x00007ff62c5a0000 - 0x00007ff62c5e5000 	C:\Program Files\Java\jdk-11.0.0.1\bin\java.exe
0x00007ffc3df50000 - 0x00007ffc3e148000 	C:\Windows\SYSTEM32\ntdll.dll
0x00007ffc3bfb0000 - 0x00007ffc3c06d000 	C:\Windows\System32\KERNEL32.DLL
0x00007ffc3b9b0000 - 0x00007ffc3bca6000 	C:\Windows\System32\KERNELBASE.dll
0x00007ffc3c8f0000 - 0x00007ffc3ca8e000 	C:\Windows\System32\USER32.dll
0x00007ffc3b930000 - 0x00007ffc3b952000 	C:\Windows\System32\win32u.dll
0x00007ffc3cee0000 - 0x00007ffc3cf0c000 	C:\Windows\System32\GDI32.dll
0x00007ffc3bd90000 - 0x00007ffc3beaa000 	C:\Windows\System32\gdi32full.dll
0x00007ffc3b730000 - 0x00007ffc3b7cd000 	C:\Windows\System32\msvcp_win.dll
0x00007ffc3b630000 - 0x00007ffc3b730000 	C:\Windows\System32\ucrtbase.dll
0x00007ffc29a70000 - 0x00007ffc29d0a000 	C:\Windows\WinSxS\amd64_microsoft.windows.common-controls_6595b64144ccf1df_6.0.19041.1110_none_60b5254171f9507e\COMCTL32.dll
0x00007ffc3c1a0000 - 0x00007ffc3c23e000 	C:\Windows\System32\msvcrt.dll
0x00007ffc3cc40000 - 0x00007ffc3cc70000 	C:\Windows\System32\IMM32.DLL
0x00007ffc36810000 - 0x00007ffc36826000 	C:\Program Files\Java\jdk-11.0.0.1\bin\vcruntime140.dll
0x00007ffc341f0000 - 0x00007ffc3429a000 	C:\Program Files\Java\jdk-11.0.0.1\bin\msvcp140.dll
0x00007ffbc6d80000 - 0x00007ffbc78c3000 	C:\Program Files\Java\jdk-11.0.0.1\bin\server\jvm.dll
0x00007ffc3ccd0000 - 0x00007ffc3cd7e000 	C:\Windows\System32\ADVAPI32.dll
0x00007ffc3c6b0000 - 0x00007ffc3c74c000 	C:\Windows\System32\sechost.dll
0x00007ffc3d710000 - 0x00007ffc3d836000 	C:\Windows\System32\RPCRT4.dll
0x00007ffc3cf30000 - 0x00007ffc3cf38000 	C:\Windows\System32\PSAPI.DLL
0x00007ffc37000000 - 0x00007ffc37009000 	C:\Windows\SYSTEM32\WSOCK32.dll
0x00007ffc3dea0000 - 0x00007ffc3df0b000 	C:\Windows\System32\WS2_32.dll
0x00007ffc26230000 - 0x00007ffc26257000 	C:\Windows\SYSTEM32\WINMM.dll
0x00007ffc2c5b0000 - 0x00007ffc2c5ba000 	C:\Windows\SYSTEM32\VERSION.dll
0x00007ffc39480000 - 0x00007ffc39492000 	C:\Windows\SYSTEM32\kernel.appcore.dll
0x00007ffc365a0000 - 0x00007ffc365b1000 	C:\Program Files\Java\jdk-11.0.0.1\bin\verify.dll
0x00007ffc2ab00000 - 0x00007ffc2ace4000 	C:\Windows\SYSTEM32\DBGHELP.DLL
0x00007ffc2a970000 - 0x00007ffc2a9a4000 	C:\Windows\SYSTEM32\dbgcore.DLL
0x00007ffc3beb0000 - 0x00007ffc3bf32000 	C:\Windows\System32\bcryptPrimitives.dll
0x00007ffc362a0000 - 0x00007ffc362c8000 	C:\Program Files\Java\jdk-11.0.0.1\bin\java.dll
0x00007ffc363a0000 - 0x00007ffc363b6000 	C:\Program Files\Java\jdk-11.0.0.1\bin\zip.dll
0x00007ffc36590000 - 0x00007ffc3659a000 	C:\Program Files\Java\jdk-11.0.0.1\bin\jimage.dll
0x00007ffc3cf40000 - 0x00007ffc3d685000 	C:\Windows\System32\SHELL32.dll
0x00007ffc39680000 - 0x00007ffc39e1b000 	C:\Windows\SYSTEM32\windows.storage.dll
0x00007ffc3dab0000 - 0x00007ffc3de04000 	C:\Windows\System32\combase.dll
0x00007ffc3af90000 - 0x00007ffc3afbe000 	C:\Windows\SYSTEM32\Wldp.dll
0x00007ffc3cd80000 - 0x00007ffc3ce2d000 	C:\Windows\System32\SHCORE.dll
0x00007ffc3d840000 - 0x00007ffc3d895000 	C:\Windows\System32\shlwapi.dll
0x00007ffc3b560000 - 0x00007ffc3b585000 	C:\Windows\SYSTEM32\profapi.dll
0x00007ffc36340000 - 0x00007ffc36359000 	C:\Program Files\Java\jdk-11.0.0.1\bin\net.dll
0x00007ffc31960000 - 0x00007ffc31a6a000 	C:\Windows\SYSTEM32\WINHTTP.dll
0x00007ffc3ad70000 - 0x00007ffc3adda000 	C:\Windows\system32\mswsock.dll
0x00007ffc348c0000 - 0x00007ffc348d3000 	C:\Program Files\Java\jdk-11.0.0.1\bin\nio.dll
0x00007ffc34890000 - 0x00007ffc348b7000 	C:\Users\Samsung\.gradle\native\68d5fa5c4cc2d200863cafc0d521ce42e7d3e7ee720ec0a83991735586a16f82\windows-amd64\native-platform.dll
0x00007ffbc7d80000 - 0x00007ffbc7ec4000 	C:\Users\Samsung\.gradle\native\e376f236ea51e6404a007f0833ffe2c6e607c4080706a723a18a27aeea778392\windows-amd64\native-platform-file-events.dll
0x00007ffc341e0000 - 0x00007ffc341e9000 	C:\Program Files\Java\jdk-11.0.0.1\bin\management.dll
0x00007ffc341d0000 - 0x00007ffc341dc000 	C:\Program Files\Java\jdk-11.0.0.1\bin\management_ext.dll
0x00007ffc3b310000 - 0x00007ffc3b328000 	C:\Windows\SYSTEM32\CRYPTSP.dll
0x00007ffc3a5d0000 - 0x00007ffc3a604000 	C:\Windows\system32\rsaenh.dll
0x00007ffc3bcb0000 - 0x00007ffc3bcd7000 	C:\Windows\System32\bcrypt.dll
0x00007ffc3b520000 - 0x00007ffc3b54e000 	C:\Windows\SYSTEM32\USERENV.dll
0x00007ffc3af00000 - 0x00007ffc3af0c000 	C:\Windows\SYSTEM32\CRYPTBASE.dll
0x00007ffc3aa10000 - 0x00007ffc3aa4b000 	C:\Windows\SYSTEM32\IPHLPAPI.DLL
0x00007ffc3c880000 - 0x00007ffc3c888000 	C:\Windows\System32\NSI.dll
0x00007ffc31bb0000 - 0x00007ffc31bc7000 	C:\Windows\SYSTEM32\dhcpcsvc6.DLL
0x00007ffc33140000 - 0x00007ffc3315d000 	C:\Windows\SYSTEM32\dhcpcsvc.DLL
0x00007ffc3aa70000 - 0x00007ffc3ab3a000 	C:\Windows\SYSTEM32\DNSAPI.dll

dbghelp: loaded successfully - version: 4.0.5 - missing functions: none
symbol engine: initialized successfully - sym options: 0x614 - pdb path: .;C:\Program Files\Java\jdk-11.0.0.1\bin;C:\Windows\SYSTEM32;C:\Windows\WinSxS\amd64_microsoft.windows.common-controls_6595b64144ccf1df_6.0.19041.1110_none_60b5254171f9507e;C:\Program Files\Java\jdk-11.0.0.1\bin\server;C:\Users\Samsung\.gradle\native\68d5fa5c4cc2d200863cafc0d521ce42e7d3e7ee720ec0a83991735586a16f82\windows-amd64;C:\Users\Samsung\.gradle\native\e376f236ea51e6404a007f0833ffe2c6e607c4080706a723a18a27aeea778392\windows-amd64

VM Arguments:
jvm_args: -XX:MaxMetaspaceSize=512m --add-opens=java.base/java.util=ALL-UNNAMED --add-opens=java.base/java.lang=ALL-UNNAMED --add-opens=java.base/java.lang.invoke=ALL-UNNAMED --add-opens=java.prefs/java.util.prefs=ALL-UNNAMED --add-opens=java.base/java.nio.charset=ALL-UNNAMED --add-opens=java.base/java.net=ALL-UNNAMED --add-opens=java.base/java.util.concurrent.atomic=ALL-UNNAMED -Xmx2048m -Dfile.encoding=windows-1252 -Duser.country=BR -Duser.language=pt -Duser.variant 
java_command: org.gradle.launcher.daemon.bootstrap.GradleDaemon 8.0.1
java_class_path (initial): C:\Users\Samsung\.gradle\wrapper\dists\gradle-8.0.1-all\aro4hu1c3oeioove7l0i4i14o\gradle-8.0.1\lib\gradle-launcher-8.0.1.jar
Launcher Type: SUN_STANDARD

[Global flags]
     intx CICompilerCount                          = 3                                         {product} {ergonomic}
   size_t CompressedClassSpaceSize                 = 528482304                                 {product} {ergonomic}
     uint ConcGCThreads                            = 1                                         {product} {ergonomic}
     uint G1ConcRefinementThreads                  = 4                                         {product} {ergonomic}
   size_t G1HeapRegionSize                         = 1048576                                   {product} {ergonomic}
    uintx GCDrainStackTargetSize                   = 64                                        {product} {ergonomic}
   size_t InitialHeapSize                          = 65011712                                  {product} {ergonomic}
   size_t MarkStackSize                            = 4194304                                   {product} {ergonomic}
   size_t MaxHeapSize                              = 2147483648                                {product} {command line}
   size_t MaxMetaspaceSize                         = 536870912                                 {product} {command line}
   size_t MaxNewSize                               = 1287651328                                {product} {ergonomic}
   size_t MinHeapDeltaBytes                        = 1048576                                   {product} {ergonomic}
    uintx NonNMethodCodeHeapSize                   = 5830092                                {pd product} {ergonomic}
    uintx NonProfiledCodeHeapSize                  = 122914074                              {pd product} {ergonomic}
    uintx ProfiledCodeHeapSize                     = 122914074                              {pd product} {ergonomic}
    uintx ReservedCodeCacheSize                    = 251658240                              {pd product} {ergonomic}
     bool SegmentedCodeCache                       = true                                      {product} {ergonomic}
     bool UseCompressedClassPointers               = true                                 {lp64_product} {ergonomic}
     bool UseCompressedOops                        = true                                 {lp64_product} {ergonomic}
     bool UseG1GC                                  = true                                      {product} {ergonomic}
     bool UseLargePagesIndividualAllocation        = false                                  {pd product} {ergonomic}

Logging:
Log output configuration:
 #0: stdout all=warning uptime,level,tags
 #1: stderr all=off uptime,level,tags

Environment Variables:
JAVA_HOME=C:\Program Files\Java\jdk-11.0.0.1
CLASSPATH=C:\Users\Samsung\Desktop\App-de-Mensagens\android\\gradle\wrapper\gradle-wrapper.jar
PATH=C:\Users\Samsung\Desktop\App-de-Mensagens\node_modules\.bin;C:\Users\Samsung\Desktop\App-de-Mensagens\node_modules\.bin;C:\Users\Samsung\Desktop\node_modules\.bin;C:\Users\Samsung\node_modules\.bin;C:\Users\node_modules\.bin;C:\node_modules\.bin;C:\Users\Samsung\AppData\Roaming\npm\node_modules\npm\node_modules\@npmcli\run-script\lib\node-gyp-bin;C:\Users\Samsung\Desktop\App-de-Mensagens\node_modules\.bin;C:\Users\Samsung\Desktop\node_modules\.bin;C:\Users\Samsung\node_modules\.bin;C:\Users\node_modules\.bin;C:\node_modules\.bin;C:\Users\Samsung\AppData\Roaming\npm\node_modules\npm\node_modules\@npmcli\run-script\lib\node-gyp-bin;C:\Program Files\Common Files\Oracle\Java\javapath;C:\Program Files\Microsoft SDKs\Azure\CLI2\wbin;C:\Windows\system32;C:\Windows;C:\Windows\System32\Wbem;C:\Windows\System32\WindowsPowerShell\v1.0\;C:\Windows\System32\OpenSSH\;C:\Program Files\nodejs\;C:\Program Files\Git\cmd;C:\Program Files\Microsoft SQL Server\150\Tools\Binn\;C:\Program Files\Microsoft SQL Server\Client SDK\ODBC\170\Tools\Binn\;C:\Program Files\dotnet\;C:\Users\Samsung\.console-ninja\.bin;C:\Users\Samsung\AppData\Local\Microsoft\WindowsApps;C:\Users\Samsung\AppData\Local\Programs\Microsoft VS Code\bin;C:\Users\Samsung\AppData\Roaming\npm;C:\Users\Samsung\.dotnet\tools;C:\platform-tools;C:\Program Files\Java\jdk-11.0.0.1\bin;;C:\Program Files\JetBrains\IntelliJ IDEA 2023.2.2\bin;
USERNAME=Samsung
OS=Windows_NT
PROCESSOR_IDENTIFIER=Intel64 Family 6 Model 37 Stepping 5, GenuineIntel



---------------  S Y S T E M  ---------------

OS: Windows 10 , 64 bit Build 19041 (10.0.19041.3393)

CPU:total 4 (initial active 4) (2 cores per cpu, 2 threads per core) family 6 model 37 stepping 5, cmov, cx8, fxsr, mmx, sse, sse2, sse3, ssse3, sse4.1, sse4.2, popcnt, ht, tsc, tscinvbit

Memory: 4k page, system-wide physical 3892M (76M free)
TotalPageFile size 15668M (AvailPageFile size 5M)
current process WorkingSet (physical memory assigned to process): 134M, peak: 212M
current process commit charge ("private bytes"): 477M, peak: 493M

vm_info: OpenJDK 64-Bit Server VM (11.0.0.1+3-5) for windows-amd64 JRE (11.0.0.1+3-5), built on Apr  7 2023 19:59:13 by "mach5one" with MS VC++ 15.5 (VS2017)

END.
